TN:
SF:src\App.tsx
FN:9,(anonymous_0)
FN:26,App
FNF:2
FNH:0
FNDA:0,(anonymous_0)
FNDA:0,App
DA:9,0
DA:10,0
DA:13,0
DA:14,0
DA:18,0
DA:19,0
DA:20,0
DA:21,0
DA:23,0
DA:27,0
DA:31,0
DA:33,0
LF:12
LH:0
BRDA:13,0,0,0
BRDA:13,0,1,0
BRDA:13,1,0,0
BRDA:13,1,1,0
BRDA:19,2,0,0
BRDA:19,2,1,0
BRDA:21,3,0,0
BRDA:21,3,1,0
BRDA:31,4,0,0
BRDA:31,4,1,0
BRF:10
BRH:0
end_of_record
TN:
SF:src\routes.tsx
FNF:0
FNH:0
DA:63,0
DA:153,0
LF:2
LH:0
BRF:0
BRH:0
end_of_record
TN:
SF:src\types.ts
FNF:0
FNH:0
LF:0
LH:0
BRF:0
BRH:0
end_of_record
TN:
SF:src\api\apiClient.ts
FN:5,(anonymous_0)
FN:26,(anonymous_1)
FN:59,(anonymous_2)
FN:61,(anonymous_3)
FNF:4
FNH:4
FNDA:13,(anonymous_0)
FNDA:3,(anonymous_1)
FNDA:1,(anonymous_2)
FNDA:4,(anonymous_3)
DA:5,10
DA:6,13
DA:7,0
DA:10,13
DA:11,13
DA:12,13
DA:15,0
DA:18,10
DA:26,10
DA:27,3
DA:29,3
DA:30,1
DA:31,1
DA:34,3
DA:36,3
DA:37,1
DA:41,1
DA:42,0
DA:43,0
DA:45,1
DA:46,1
DA:50,3
DA:51,3
DA:52,2
DA:53,2
DA:56,3
DA:59,10
DA:60,1
DA:62,4
DA:63,4
DA:64,4
DA:67,4
DA:73,4
DA:74,2
DA:75,2
DA:76,2
DA:81,1
DA:82,2
DA:83,1
DA:84,1
DA:85,1
DA:86,1
DA:89,2
DA:90,2
DA:94,4
LF:45
LH:41
BRDA:6,0,0,0
BRDA:6,0,1,13
BRDA:11,1,0,13
BRDA:11,1,1,0
BRDA:11,2,0,13
BRDA:11,2,1,0
BRDA:29,3,0,1
BRDA:29,3,1,2
BRDA:30,4,0,1
BRDA:30,4,1,0
BRDA:34,5,0,3
BRDA:34,5,1,3
BRDA:36,6,0,1
BRDA:36,6,1,2
BRDA:36,7,0,3
BRDA:36,7,1,1
BRDA:41,8,0,0
BRDA:41,8,1,1
BRDA:51,9,0,2
BRDA:51,9,1,1
BRDA:52,10,0,2
BRDA:52,10,1,0
BRDA:64,11,0,4
BRDA:64,11,1,1
BRDA:67,12,0,4
BRDA:67,12,1,3
BRDA:67,12,2,3
BRDA:67,12,3,3
BRDA:67,12,4,3
BRDA:73,13,0,2
BRDA:73,13,1,2
BRDA:73,14,0,4
BRDA:73,14,1,3
BRDA:73,14,2,3
BRDA:73,14,3,3
BRDA:81,15,0,1
BRDA:81,15,1,0
BRDA:82,16,0,1
BRDA:82,16,1,1
BRDA:84,17,0,1
BRDA:84,17,1,0
BRF:41
BRH:33
end_of_record
TN:
SF:src\components\Chatbot.tsx
FN:10,Chatbot
FN:29,(anonymous_1)
FN:34,(anonymous_2)
FN:39,(anonymous_3)
FN:42,(anonymous_4)
FN:70,(anonymous_5)
FN:79,(anonymous_6)
FN:110,(anonymous_7)
FN:111,(anonymous_8)
FN:134,(anonymous_9)
FN:134,(anonymous_10)
FNF:11
FNH:0
FNDA:0,Chatbot
FNDA:0,(anonymous_1)
FNDA:0,(anonymous_2)
FNDA:0,(anonymous_3)
FNDA:0,(anonymous_4)
FNDA:0,(anonymous_5)
FNDA:0,(anonymous_6)
FNDA:0,(anonymous_7)
FNDA:0,(anonymous_8)
FNDA:0,(anonymous_9)
FNDA:0,(anonymous_10)
DA:17,0
DA:18,0
DA:19,0
DA:20,0
DA:29,0
DA:30,0
DA:31,0
DA:33,0
DA:34,0
DA:35,0
DA:37,0
DA:38,0
DA:39,0
DA:41,0
DA:42,0
DA:50,0
DA:54,0
DA:70,0
DA:80,0
DA:110,0
DA:112,0
DA:134,0
LF:22
LH:0
BRDA:12,0,0,0
BRDA:23,1,0,0
BRDA:23,1,1,0
BRDA:31,2,0,0
BRDA:31,2,1,0
BRDA:31,3,0,0
BRDA:31,3,1,0
BRDA:56,4,0,0
BRDA:56,4,1,0
BRDA:65,5,0,0
BRDA:65,5,1,0
BRDA:82,6,0,0
BRDA:82,6,1,0
BRDA:86,7,0,0
BRDA:86,7,1,0
BRDA:90,8,0,0
BRDA:90,8,1,0
BRDA:96,9,0,0
BRDA:96,9,1,0
BRDA:112,10,0,0
BRDA:112,10,1,0
BRDA:120,11,0,0
BRDA:120,11,1,0
BRDA:139,12,0,0
BRDA:139,12,1,0
BRF:25
BRH:0
end_of_record
TN:
SF:src\components\SessionLoader.tsx
FN:14,SessionLoader
FNF:1
FNH:0
FNDA:0,SessionLoader
DA:15,0
DA:17,0
DA:18,0
DA:32,0
LF:4
LH:0
BRDA:17,0,0,0
BRDA:17,0,1,0
BRF:2
BRH:0
end_of_record
TN:
SF:src\components\ai\AiAssistantWidget.tsx
FN:14,(anonymous_0)
FN:16,AiAssistantWidget
FN:31,(anonymous_2)
FN:41,(anonymous_3)
FN:60,(anonymous_4)
FN:71,(anonymous_5)
FN:100,(anonymous_6)
FN:109,(anonymous_7)
FN:143,(anonymous_8)
FN:144,(anonymous_9)
FN:173,(anonymous_10)
FN:173,(anonymous_11)
FNF:12
FNH:0
FNDA:0,(anonymous_0)
FNDA:0,AiAssistantWidget
FNDA:0,(anonymous_2)
FNDA:0,(anonymous_3)
FNDA:0,(anonymous_4)
FNDA:0,(anonymous_5)
FNDA:0,(anonymous_6)
FNDA:0,(anonymous_7)
FNDA:0,(anonymous_8)
FNDA:0,(anonymous_9)
FNDA:0,(anonymous_10)
FNDA:0,(anonymous_11)
DA:14,0
DA:17,0
DA:18,0
DA:19,0
DA:20,0
DA:21,0
DA:22,0
DA:31,0
DA:32,0
DA:33,0
DA:34,0
DA:37,0
DA:39,0
DA:40,0
DA:41,0
DA:49,0
DA:51,0
DA:52,0
DA:60,0
DA:69,0
DA:70,0
DA:71,0
DA:80,0
DA:84,0
DA:100,0
DA:110,0
DA:143,0
DA:145,0
DA:146,0
DA:147,0
DA:173,0
LF:31
LH:0
BRDA:33,0,0,0
BRDA:33,0,1,0
BRDA:33,1,0,0
BRDA:33,1,1,0
BRDA:37,2,0,0
BRDA:37,2,1,0
BRDA:55,3,0,0
BRDA:55,3,1,0
BRDA:65,4,0,0
BRDA:65,4,1,0
BRDA:86,5,0,0
BRDA:86,5,1,0
BRDA:110,6,0,0
BRDA:110,6,1,0
BRDA:113,7,0,0
BRDA:113,7,1,0
BRDA:123,8,0,0
BRDA:123,8,1,0
BRDA:134,9,0,0
BRDA:134,9,1,0
BRDA:145,10,0,0
BRDA:145,10,1,0
BRDA:145,11,0,0
BRDA:145,11,1,0
BRDA:157,12,0,0
BRDA:157,12,1,0
BRDA:161,13,0,0
BRDA:161,13,1,0
BRDA:177,14,0,0
BRDA:177,14,1,0
BRF:30
BRH:0
end_of_record
TN:
SF:src\components\brand\MatchiaLogo.tsx
FN:10,MatchiaLogo
FNF:1
FNH:1
FNDA:141,MatchiaLogo
DA:18,141
DA:37,141
LF:2
LH:2
BRDA:11,0,0,141
BRDA:12,1,0,141
BRDA:13,2,0,141
BRDA:14,3,0,141
BRDA:15,4,0,141
BRDA:16,5,0,141
BRDA:18,6,0,0
BRDA:18,6,1,141
BRDA:40,7,0,141
BRDA:40,7,1,0
BRDA:41,8,0,0
BRDA:41,8,1,0
BRF:12
BRH:8
end_of_record
TN:
SF:src\components\dealer\BankContractsPanel.tsx
FN:11,(anonymous_0)
FN:12,(anonymous_1)
FN:13,(anonymous_2)
FN:20,(anonymous_3)
FN:24,BankContractsPanel
FN:30,(anonymous_5)
FN:51,(anonymous_6)
FN:60,(anonymous_7)
FN:76,(anonymous_8)
FN:77,(anonymous_9)
FN:77,(anonymous_10)
FN:78,(anonymous_11)
FN:78,(anonymous_12)
FN:79,(anonymous_13)
FN:84,(anonymous_14)
FN:85,(anonymous_15)
FN:87,(anonymous_16)
FN:88,(anonymous_17)
FN:88,(anonymous_18)
FN:88,(anonymous_19)
FN:88,(anonymous_20)
FN:88,(anonymous_21)
FN:93,ContractForm
FN:98,(anonymous_23)
FN:105,Field
FN:106,Info
FNF:26
FNH:0
FNDA:0,(anonymous_0)
FNDA:0,(anonymous_1)
FNDA:0,(anonymous_2)
FNDA:0,(anonymous_3)
FNDA:0,BankContractsPanel
FNDA:0,(anonymous_5)
FNDA:0,(anonymous_6)
FNDA:0,(anonymous_7)
FNDA:0,(anonymous_8)
FNDA:0,(anonymous_9)
FNDA:0,(anonymous_10)
FNDA:0,(anonymous_11)
FNDA:0,(anonymous_12)
FNDA:0,(anonymous_13)
FNDA:0,(anonymous_14)
FNDA:0,(anonymous_15)
FNDA:0,(anonymous_16)
FNDA:0,(anonymous_17)
FNDA:0,(anonymous_18)
FNDA:0,(anonymous_19)
FNDA:0,(anonymous_20)
FNDA:0,(anonymous_21)
FNDA:0,ContractForm
FNDA:0,(anonymous_23)
FNDA:0,Field
FNDA:0,Info
DA:11,0
DA:12,0
DA:13,0
DA:16,0
DA:20,0
DA:25,0
DA:26,0
DA:27,0
DA:28,0
DA:30,0
DA:31,0
DA:32,0
DA:33,0
DA:34,0
DA:35,0
DA:44,0
DA:45,0
DA:46,0
DA:47,0
DA:48,0
DA:51,0
DA:52,0
DA:53,0
DA:54,0
DA:57,0
DA:58,0
DA:61,0
DA:76,0
DA:77,0
DA:78,0
DA:79,0
DA:84,0
DA:85,0
DA:87,0
DA:88,0
DA:94,0
DA:95,0
DA:98,0
DA:105,0
DA:106,0
LF:40
LH:0
BRDA:13,0,0,0
BRDA:13,0,1,0
BRDA:14,1,0,0
BRDA:14,1,1,0
BRDA:14,1,2,0
BRDA:20,2,0,0
BRDA:20,2,1,0
BRDA:21,3,0,0
BRDA:21,3,1,0
BRDA:21,4,0,0
BRDA:21,4,1,0
BRDA:22,5,0,0
BRDA:22,5,1,0
BRDA:32,6,0,0
BRDA:32,6,1,0
BRDA:39,7,0,0
BRDA:39,7,1,0
BRDA:40,8,0,0
BRDA:40,8,1,0
BRDA:41,9,0,0
BRDA:41,9,1,0
BRDA:42,10,0,0
BRDA:42,10,1,0
BRDA:57,11,0,0
BRDA:57,11,1,0
BRDA:69,12,0,0
BRDA:69,12,1,0
BRDA:69,13,0,0
BRDA:69,13,1,0
BRDA:70,14,0,0
BRDA:70,14,1,0
BRDA:71,15,0,0
BRDA:71,15,1,0
BRDA:73,16,0,0
BRDA:73,16,1,0
BRDA:74,17,0,0
BRDA:74,17,1,0
BRDA:76,18,0,0
BRDA:76,18,1,0
BRDA:77,19,0,0
BRDA:77,19,1,0
BRDA:78,20,0,0
BRDA:78,20,1,0
BRDA:78,20,2,0
BRDA:79,21,0,0
BRDA:79,21,1,0
BRDA:85,22,0,0
BRDA:85,22,1,0
BRDA:88,23,0,0
BRDA:88,23,1,0
BRDA:88,24,0,0
BRDA:88,24,1,0
BRDA:97,25,0,0
BRDA:97,25,1,0
BRDA:97,26,0,0
BRDA:97,26,1,0
BRDA:99,27,0,0
BRDA:99,27,1,0
BRDA:99,28,0,0
BRDA:99,28,1,0
BRDA:99,29,0,0
BRDA:99,29,1,0
BRF:62
BRH:0
end_of_record
TN:
SF:src\components\dealer\DealerContractsPanel.tsx
FN:12,(anonymous_0)
FN:13,(anonymous_1)
FN:15,DealerContractsPanel
FN:20,(anonymous_3)
FN:21,(anonymous_4)
FN:24,(anonymous_5)
FN:27,(anonymous_6)
FN:27,(anonymous_7)
FN:27,(anonymous_8)
FN:29,(anonymous_9)
FN:30,(anonymous_10)
FN:30,(anonymous_11)
FN:30,(anonymous_12)
FN:30,(anonymous_13)
FN:33,Info
FNF:15
FNH:0
FNDA:0,(anonymous_0)
FNDA:0,(anonymous_1)
FNDA:0,DealerContractsPanel
FNDA:0,(anonymous_3)
FNDA:0,(anonymous_4)
FNDA:0,(anonymous_5)
FNDA:0,(anonymous_6)
FNDA:0,(anonymous_7)
FNDA:0,(anonymous_8)
FNDA:0,(anonymous_9)
FNDA:0,(anonymous_10)
FNDA:0,(anonymous_11)
FNDA:0,(anonymous_12)
FNDA:0,(anonymous_13)
FNDA:0,Info
DA:11,0
DA:12,0
DA:13,0
DA:16,0
DA:17,0
DA:18,0
DA:19,0
DA:20,0
DA:21,0
DA:22,0
DA:23,0
DA:24,0
DA:27,0
DA:29,0
DA:30,0
DA:33,0
LF:16
LH:0
BRDA:12,0,0,0
BRDA:12,0,1,0
BRDA:12,1,0,0
BRDA:12,1,1,0
BRDA:13,2,0,0
BRDA:13,2,1,0
BRDA:13,3,0,0
BRDA:13,3,1,0
BRDA:13,3,2,0
BRDA:21,4,0,0
BRDA:21,4,1,0
BRDA:21,5,0,0
BRDA:21,5,1,0
BRDA:22,6,0,0
BRDA:22,6,1,0
BRDA:25,7,0,0
BRDA:25,7,1,0
BRDA:25,8,0,0
BRDA:25,8,1,0
BRDA:27,9,0,0
BRDA:27,9,1,0
BRDA:27,9,2,0
BRDA:29,10,0,0
BRDA:29,10,1,0
BRDA:33,11,0,0
BRDA:33,11,1,0
BRF:26
BRH:0
end_of_record
TN:
SF:src\components\layout\AdminSidebar.tsx
FN:55,AdminSidebar
FN:148,(anonymous_1)
FN:155,(anonymous_2)
FN:156,(anonymous_3)
FN:161,(anonymous_4)
FN:171,(anonymous_5)
FN:177,(anonymous_6)
FN:204,(anonymous_7)
FN:205,(anonymous_8)
FN:211,(anonymous_9)
FN:214,(anonymous_10)
FN:215,(anonymous_11)
FN:223,(anonymous_12)
FN:230,(anonymous_13)
FN:231,(anonymous_14)
FN:237,(anonymous_15)
FN:240,(anonymous_16)
FN:243,(anonymous_17)
FN:246,(anonymous_18)
FN:247,(anonymous_19)
FN:250,(anonymous_20)
FN:278,(anonymous_21)
FN:294,(anonymous_22)
FN:310,(anonymous_23)
FN:341,(anonymous_24)
FN:368,(anonymous_25)
FN:376,(anonymous_26)
FN:384,(anonymous_27)
FNF:28
FNH:0
FNDA:0,AdminSidebar
FNDA:0,(anonymous_1)
FNDA:0,(anonymous_2)
FNDA:0,(anonymous_3)
FNDA:0,(anonymous_4)
FNDA:0,(anonymous_5)
FNDA:0,(anonymous_6)
FNDA:0,(anonymous_7)
FNDA:0,(anonymous_8)
FNDA:0,(anonymous_9)
FNDA:0,(anonymous_10)
FNDA:0,(anonymous_11)
FNDA:0,(anonymous_12)
FNDA:0,(anonymous_13)
FNDA:0,(anonymous_14)
FNDA:0,(anonymous_15)
FNDA:0,(anonymous_16)
FNDA:0,(anonymous_17)
FNDA:0,(anonymous_18)
FNDA:0,(anonymous_19)
FNDA:0,(anonymous_20)
FNDA:0,(anonymous_21)
FNDA:0,(anonymous_22)
FNDA:0,(anonymous_23)
FNDA:0,(anonymous_24)
FNDA:0,(anonymous_25)
FNDA:0,(anonymous_26)
FNDA:0,(anonymous_27)
DA:56,0
DA:57,0
DA:58,0
DA:59,0
DA:60,0
DA:61,0
DA:62,0
DA:63,0
DA:64,0
DA:65,0
DA:66,0
DA:67,0
DA:68,0
DA:72,0
DA:112,0
DA:133,0
DA:146,0
DA:148,0
DA:149,0
DA:150,0
DA:151,0
DA:154,0
DA:155,0
DA:156,0
DA:157,0
DA:158,0
DA:159,0
DA:162,0
DA:163,0
DA:164,0
DA:168,0
DA:169,0
DA:171,0
DA:172,0
DA:173,0
DA:177,0
DA:178,0
DA:179,0
DA:180,0
DA:181,0
DA:184,0
DA:185,0
DA:197,0
DA:198,0
DA:200,0
DA:204,0
DA:205,0
DA:206,0
DA:209,0
DA:210,0
DA:211,0
DA:214,0
DA:215,0
DA:216,0
DA:219,0
DA:220,0
DA:221,0
DA:223,0
DA:224,0
DA:225,0
DA:226,0
DA:230,0
DA:231,0
DA:232,0
DA:233,0
DA:236,0
DA:237,0
DA:240,0
DA:241,0
DA:242,0
DA:243,0
DA:246,0
DA:247,0
DA:250,0
DA:251,0
DA:252,0
DA:253,0
DA:254,0
DA:255,0
DA:257,0
DA:259,0
DA:261,0
DA:263,0
DA:264,0
DA:265,0
DA:266,0
DA:267,0
DA:268,0
DA:269,0
DA:270,0
DA:271,0
DA:273,0
DA:278,0
DA:279,0
DA:280,0
DA:281,0
DA:282,0
DA:283,0
DA:285,0
DA:287,0
DA:288,0
DA:290,0
DA:294,0
DA:295,0
DA:296,0
DA:297,0
DA:298,0
DA:299,0
DA:301,0
DA:303,0
DA:304,0
DA:306,0
DA:310,0
DA:311,0
DA:312,0
DA:315,0
DA:341,0
DA:368,0
DA:377,0
DA:385,0
DA:386,0
DA:387,0
LF:122
LH:0
BRDA:68,0,0,0
BRDA:68,0,1,0
BRDA:69,1,0,0
BRDA:69,1,1,0
BRDA:70,2,0,0
BRDA:70,2,1,0
BRDA:70,3,0,0
BRDA:70,3,1,0
BRDA:70,4,0,0
BRDA:70,4,1,0
BRDA:146,5,0,0
BRDA:146,5,1,0
BRDA:146,6,0,0
BRDA:146,6,1,0
BRDA:149,7,0,0
BRDA:149,7,1,0
BRDA:157,8,0,0
BRDA:157,8,1,0
BRDA:162,9,0,0
BRDA:162,9,1,0
BRDA:178,10,0,0
BRDA:178,10,1,0
BRDA:178,11,0,0
BRDA:178,11,1,0
BRDA:185,12,0,0
BRDA:185,12,1,0
BRDA:190,13,0,0
BRDA:190,13,1,0
BRDA:232,14,0,0
BRDA:232,14,1,0
BRDA:232,15,0,0
BRDA:232,15,1,0
BRDA:241,16,0,0
BRDA:241,16,1,0
BRDA:252,17,0,0
BRDA:252,17,1,0
BRDA:254,18,0,0
BRDA:254,18,1,0
BRDA:263,19,0,0
BRDA:263,19,1,0
BRDA:265,20,0,0
BRDA:265,20,1,0
BRDA:267,21,0,0
BRDA:267,21,1,0
BRDA:267,22,0,0
BRDA:267,22,1,0
BRDA:268,23,0,0
BRDA:268,23,1,0
BRDA:270,24,0,0
BRDA:270,24,1,0
BRDA:271,25,0,0
BRDA:271,25,1,0
BRDA:273,26,0,0
BRDA:273,26,1,0
BRDA:280,27,0,0
BRDA:280,27,1,0
BRDA:282,28,0,0
BRDA:282,28,1,0
BRDA:296,29,0,0
BRDA:296,29,1,0
BRDA:298,30,0,0
BRDA:298,30,1,0
BRDA:317,31,0,0
BRDA:317,31,1,0
BRDA:321,32,0,0
BRDA:321,32,1,0
BRDA:322,33,0,0
BRDA:322,33,1,0
BRDA:322,34,0,0
BRDA:322,34,1,0
BRDA:323,35,0,0
BRDA:323,35,1,0
BRDA:324,36,0,0
BRDA:324,36,1,0
BRDA:327,37,0,0
BRDA:327,37,1,0
BRDA:335,38,0,0
BRDA:335,38,1,0
BRDA:336,39,0,0
BRDA:336,39,1,0
BRDA:336,40,0,0
BRDA:336,40,1,0
BRDA:349,41,0,0
BRDA:349,41,1,0
BRDA:358,42,0,0
BRDA:358,42,1,0
BRDA:361,43,0,0
BRDA:361,43,1,0
BRDA:371,44,0,0
BRDA:371,44,1,0
BRDA:378,45,0,0
BRDA:378,45,1,0
BRDA:378,45,2,0
BRDA:390,46,0,0
BRDA:390,46,1,0
BRDA:392,47,0,0
BRDA:392,47,1,0
BRDA:398,48,0,0
BRDA:398,48,1,0
BRDA:377,49,0,0
BRDA:377,49,1,0
BRDA:409,50,0,0
BRDA:409,50,1,0
BRDA:414,51,0,0
BRDA:414,51,1,0
BRDA:417,52,0,0
BRDA:417,52,1,0
BRDA:423,53,0,0
BRDA:423,53,1,0
BRDA:434,54,0,0
BRDA:434,54,1,0
BRDA:435,55,0,0
BRDA:435,55,1,0
BRDA:436,56,0,0
BRDA:436,56,1,0
BRDA:442,57,0,0
BRDA:442,57,1,0
BRDA:461,58,0,0
BRDA:461,58,1,0
BRF:119
BRH:0
end_of_record
TN:
SF:src\components\layout\NotificationsPanel.tsx
FN:14,(anonymous_0)
FN:34,(anonymous_1)
FN:47,NotificationsPanel
FN:126,(anonymous_3)
FN:187,(anonymous_4)
FN:203,(anonymous_5)
FNF:6
FNH:0
FNDA:0,(anonymous_0)
FNDA:0,(anonymous_1)
FNDA:0,NotificationsPanel
FNDA:0,(anonymous_3)
FNDA:0,(anonymous_4)
FNDA:0,(anonymous_5)
DA:14,0
DA:15,0
DA:17,0
DA:20,0
DA:23,0
DA:26,0
DA:30,0
DA:34,0
DA:35,0
DA:36,0
DA:39,0
DA:56,0
DA:127,0
DA:129,0
DA:187,0
DA:204,0
DA:205,0
LF:17
LH:0
BRDA:15,0,0,0
BRDA:15,0,1,0
BRDA:15,0,2,0
BRDA:15,0,3,0
BRDA:15,0,4,0
BRDA:15,0,5,0
BRDA:35,1,0,0
BRDA:35,1,1,0
BRDA:54,2,0,0
BRDA:79,3,0,0
BRDA:79,3,1,0
BRDA:117,4,0,0
BRDA:117,4,1,0
BRDA:121,5,0,0
BRDA:121,5,1,0
BRDA:139,6,0,0
BRDA:139,6,1,0
BRDA:149,7,0,0
BRDA:149,7,1,0
BRDA:152,8,0,0
BRDA:152,8,1,0
BRF:21
BRH:0
end_of_record
TN:
SF:src\components\layout\PublicFooter.tsx
FN:6,PublicFooter
FNF:1
FNH:0
FNDA:0,PublicFooter
DA:7,0
LF:1
LH:0
BRF:0
BRH:0
end_of_record
TN:
SF:src\components\layout\PublicHeader.tsx
FN:8,PublicHeader
FN:16,(anonymous_1)
FN:21,(anonymous_2)
FN:86,(anonymous_3)
FNF:4
FNH:0
FNDA:0,PublicHeader
FNDA:0,(anonymous_1)
FNDA:0,(anonymous_2)
FNDA:0,(anonymous_3)
DA:9,0
DA:10,0
DA:12,0
DA:13,0
DA:14,0
DA:16,0
DA:17,0
DA:21,0
DA:22,0
DA:24,0
DA:86,0
LF:11
LH:0
BRDA:18,0,0,0
BRDA:18,0,1,0
BRDA:22,1,0,0
BRDA:22,1,1,0
BRDA:41,2,0,0
BRDA:41,2,1,0
BRDA:47,3,0,0
BRDA:47,3,1,0
BRDA:53,4,0,0
BRDA:53,4,1,0
BRDA:88,5,0,0
BRDA:88,5,1,0
BRDA:95,6,0,0
BRDA:95,6,1,0
BRF:14
BRH:0
end_of_record
TN:
SF:src\components\routing\ProtectedRoute.tsx
FN:10,ProtectedRoute
FNF:1
FNH:0
FNDA:0,ProtectedRoute
DA:11,0
DA:12,0
DA:14,0
DA:15,0
DA:18,0
DA:19,0
DA:22,0
DA:23,0
DA:26,0
DA:27,0
DA:30,0
DA:31,0
DA:34,0
DA:35,0
DA:38,0
LF:15
LH:0
BRDA:14,0,0,0
BRDA:14,0,1,0
BRDA:18,1,0,0
BRDA:18,1,1,0
BRDA:22,2,0,0
BRDA:22,2,1,0
BRDA:22,3,0,0
BRDA:22,3,1,0
BRDA:26,4,0,0
BRDA:26,4,1,0
BRDA:26,5,0,0
BRDA:26,5,1,0
BRDA:26,5,2,0
BRDA:30,6,0,0
BRDA:30,6,1,0
BRDA:30,7,0,0
BRDA:30,7,1,0
BRDA:34,8,0,0
BRDA:34,8,1,0
BRDA:34,9,0,0
BRDA:34,9,1,0
BRF:21
BRH:0
end_of_record
TN:
SF:src\context\AppContext.tsx
FN:24,(anonymous_0)
FN:42,AppProvider
FN:48,(anonymous_2)
FN:51,(anonymous_3)
FN:80,(anonymous_4)
FN:85,(anonymous_5)
FN:86,(anonymous_6)
FN:92,(anonymous_7)
FN:95,(anonymous_8)
FN:101,(anonymous_9)
FN:107,(anonymous_10)
FN:117,(anonymous_11)
FN:119,(anonymous_12)
FN:122,(anonymous_13)
FN:124,(anonymous_14)
FN:130,(anonymous_15)
FN:156,useApp
FNF:17
FNH:0
FNDA:0,(anonymous_0)
FNDA:0,AppProvider
FNDA:0,(anonymous_2)
FNDA:0,(anonymous_3)
FNDA:0,(anonymous_4)
FNDA:0,(anonymous_5)
FNDA:0,(anonymous_6)
FNDA:0,(anonymous_7)
FNDA:0,(anonymous_8)
FNDA:0,(anonymous_9)
FNDA:0,(anonymous_10)
FNDA:0,(anonymous_11)
FNDA:0,(anonymous_12)
FNDA:0,(anonymous_13)
FNDA:0,(anonymous_14)
FNDA:0,(anonymous_15)
FNDA:0,useApp
DA:22,0
DA:24,0
DA:25,0
DA:26,0
DA:29,0
DA:30,0
DA:33,0
DA:34,0
DA:37,0
DA:39,0
DA:43,0
DA:44,0
DA:45,0
DA:48,0
DA:49,0
DA:51,0
DA:52,0
DA:53,0
DA:55,0
DA:56,0
DA:59,0
DA:61,0
DA:62,0
DA:63,0
DA:66,0
DA:67,0
DA:70,0
DA:72,0
DA:73,0
DA:78,0
DA:80,0
DA:81,0
DA:85,0
DA:86,0
DA:87,0
DA:88,0
DA:91,0
DA:92,0
DA:95,0
DA:96,0
DA:97,0
DA:98,0
DA:101,0
DA:102,0
DA:103,0
DA:104,0
DA:107,0
DA:108,0
DA:109,0
DA:110,0
DA:112,0
DA:117,0
DA:119,0
DA:120,0
DA:122,0
DA:124,0
DA:125,0
DA:126,0
DA:127,0
DA:130,0
DA:131,0
DA:134,0
DA:157,0
DA:158,0
DA:159,0
DA:161,0
LF:66
LH:0
BRDA:25,0,0,0
BRDA:25,0,1,0
BRDA:25,1,0,0
BRDA:25,1,1,0
BRDA:25,1,2,0
BRDA:29,2,0,0
BRDA:29,2,1,0
BRDA:29,3,0,0
BRDA:29,3,1,0
BRDA:29,3,2,0
BRDA:29,3,3,0
BRDA:29,3,4,0
BRDA:33,4,0,0
BRDA:33,4,1,0
BRDA:37,5,0,0
BRDA:37,5,1,0
BRDA:55,6,0,0
BRDA:55,6,1,0
BRDA:55,7,0,0
BRDA:55,7,1,0
BRDA:62,8,0,0
BRDA:62,8,1,0
BRDA:66,9,0,0
BRDA:66,9,1,0
BRDA:66,10,0,0
BRDA:66,10,1,0
BRDA:72,11,0,0
BRDA:72,11,1,0
BRDA:109,12,0,0
BRDA:109,12,1,0
BRDA:125,13,0,0
BRDA:125,13,1,0
BRDA:126,14,0,0
BRDA:126,14,1,0
BRDA:158,15,0,0
BRDA:158,15,1,0
BRF:36
BRH:0
end_of_record
TN:
SF:src\data\mockData.ts
FN:146,(anonymous_0)
FN:147,(anonymous_1)
FN:148,(anonymous_2)
FNF:3
FNH:0
FNDA:0,(anonymous_0)
FNDA:0,(anonymous_1)
FNDA:0,(anonymous_2)
DA:3,0
DA:10,0
DA:18,0
DA:81,0
DA:110,0
DA:122,0
DA:146,0
DA:147,0
DA:148,0
DA:150,0
DA:152,0
DA:163,0
DA:170,0
LF:13
LH:0
BRDA:150,0,0,0
BRDA:150,0,1,0
BRDA:152,1,0,0
BRDA:152,1,1,0
BRDA:166,2,0,0
BRDA:166,2,1,0
BRF:6
BRH:0
end_of_record
TN:
SF:src\hooks\useBankTenant.ts
FN:9,(anonymous_0)
FN:11,(anonymous_1)
FN:14,(anonymous_2)
FN:15,(anonymous_3)
FN:34,useBankTenant
FN:44,(anonymous_5)
FN:47,(anonymous_6)
FN:79,(anonymous_7)
FN:80,(anonymous_8)
FN:83,(anonymous_9)
FN:97,(anonymous_10)
FN:117,(anonymous_11)
FN:122,(anonymous_12)
FN:123,(anonymous_13)
FN:125,(anonymous_14)
FN:135,(anonymous_15)
FN:136,(anonymous_16)
FNF:17
FNH:0
FNDA:0,(anonymous_0)
FNDA:0,(anonymous_1)
FNDA:0,(anonymous_2)
FNDA:0,(anonymous_3)
FNDA:0,useBankTenant
FNDA:0,(anonymous_5)
FNDA:0,(anonymous_6)
FNDA:0,(anonymous_7)
FNDA:0,(anonymous_8)
FNDA:0,(anonymous_9)
FNDA:0,(anonymous_10)
FNDA:0,(anonymous_11)
FNDA:0,(anonymous_12)
FNDA:0,(anonymous_13)
FNDA:0,(anonymous_14)
FNDA:0,(anonymous_15)
FNDA:0,(anonymous_16)
DA:9,0
DA:11,0
DA:12,0
DA:14,0
DA:15,0
DA:16,0
DA:17,0
DA:18,0
DA:31,0
DA:35,0
DA:36,0
DA:37,0
DA:38,0
DA:39,0
DA:40,0
DA:41,0
DA:42,0
DA:44,0
DA:45,0
DA:47,0
DA:48,0
DA:49,0
DA:50,0
DA:51,0
DA:53,0
DA:56,0
DA:57,0
DA:58,0
DA:59,0
DA:61,0
DA:64,0
DA:65,0
DA:66,0
DA:67,0
DA:72,0
DA:74,0
DA:75,0
DA:77,0
DA:78,0
DA:79,0
DA:80,0
DA:82,0
DA:84,0
DA:85,0
DA:86,0
DA:88,0
DA:89,0
DA:94,0
DA:96,0
DA:98,0
DA:99,0
DA:103,0
DA:104,0
DA:105,0
DA:106,0
DA:109,0
DA:110,0
DA:115,0
DA:117,0
DA:118,0
DA:122,0
DA:123,0
DA:125,0
DA:135,0
DA:136,0
DA:139,0
LF:66
LH:0
BRDA:9,0,0,0
BRDA:9,0,1,0
BRDA:17,1,0,0
BRDA:17,1,1,0
BRDA:17,2,0,0
BRDA:17,2,1,0
BRDA:21,3,0,0
BRDA:21,3,1,0
BRDA:23,4,0,0
BRDA:23,4,1,0
BRDA:23,4,2,0
BRDA:34,5,0,0
BRDA:48,6,0,0
BRDA:48,6,1,0
BRDA:49,7,0,0
BRDA:49,7,1,0
BRDA:56,8,0,0
BRDA:56,8,1,0
BRDA:57,9,0,0
BRDA:57,9,1,0
BRDA:72,10,0,0
BRDA:72,10,1,0
BRDA:77,11,0,0
BRDA:77,11,1,0
BRDA:86,12,0,0
BRDA:86,12,1,0
BRDA:94,13,0,0
BRDA:94,13,1,0
BRDA:104,14,0,0
BRDA:104,14,1,0
BRDA:109,15,0,0
BRDA:109,15,1,0
BRDA:122,16,0,0
BRDA:122,16,1,0
BRDA:126,17,0,0
BRDA:126,17,1,0
BRDA:127,18,0,0
BRDA:127,18,1,0
BRDA:128,19,0,0
BRDA:128,19,1,0
BRDA:128,20,0,0
BRDA:128,20,1,0
BRDA:128,20,2,0
BRDA:129,21,0,0
BRDA:129,21,1,0
BRDA:129,21,2,0
BRDA:130,22,0,0
BRDA:130,22,1,0
BRDA:130,22,2,0
BRDA:131,23,0,0
BRDA:131,23,1,0
BRDA:131,24,0,0
BRDA:131,24,1,0
BRDA:131,24,2,0
BRDA:132,25,0,0
BRDA:132,25,1,0
BRDA:132,25,2,0
BRF:57
BRH:0
end_of_record
TN:
SF:src\layouts\AdminLayout.tsx
FN:22,AdminLayout
FN:45,(anonymous_1)
FN:72,(anonymous_2)
FN:75,(anonymous_3)
FN:77,(anonymous_4)
FN:80,(anonymous_5)
FN:81,(anonymous_6)
FN:89,(anonymous_7)
FN:96,(anonymous_8)
FN:97,(anonymous_9)
FN:103,(anonymous_10)
FN:106,(anonymous_11)
FN:107,(anonymous_12)
FN:113,(anonymous_13)
FN:116,(anonymous_14)
FN:127,(anonymous_15)
FN:128,(anonymous_16)
FN:131,(anonymous_17)
FN:136,(anonymous_18)
FN:142,(anonymous_19)
FN:169,(anonymous_20)
FN:185,(anonymous_21)
FNF:22
FNH:0
FNDA:0,AdminLayout
FNDA:0,(anonymous_1)
FNDA:0,(anonymous_2)
FNDA:0,(anonymous_3)
FNDA:0,(anonymous_4)
FNDA:0,(anonymous_5)
FNDA:0,(anonymous_6)
FNDA:0,(anonymous_7)
FNDA:0,(anonymous_8)
FNDA:0,(anonymous_9)
FNDA:0,(anonymous_10)
FNDA:0,(anonymous_11)
FNDA:0,(anonymous_12)
FNDA:0,(anonymous_13)
FNDA:0,(anonymous_14)
FNDA:0,(anonymous_15)
FNDA:0,(anonymous_16)
FNDA:0,(anonymous_17)
FNDA:0,(anonymous_18)
FNDA:0,(anonymous_19)
FNDA:0,(anonymous_20)
FNDA:0,(anonymous_21)
DA:23,0
DA:24,0
DA:25,0
DA:26,0
DA:27,0
DA:28,0
DA:29,0
DA:30,0
DA:31,0
DA:32,0
DA:33,0
DA:34,0
DA:37,0
DA:40,0
DA:43,0
DA:45,0
DA:46,0
DA:47,0
DA:48,0
DA:49,0
DA:52,0
DA:53,0
DA:65,0
DA:66,0
DA:68,0
DA:72,0
DA:73,0
DA:75,0
DA:76,0
DA:77,0
DA:80,0
DA:81,0
DA:82,0
DA:85,0
DA:86,0
DA:87,0
DA:89,0
DA:90,0
DA:91,0
DA:92,0
DA:96,0
DA:97,0
DA:98,0
DA:99,0
DA:102,0
DA:103,0
DA:106,0
DA:107,0
DA:108,0
DA:109,0
DA:112,0
DA:113,0
DA:116,0
DA:117,0
DA:118,0
DA:120,0
DA:121,0
DA:122,0
DA:123,0
DA:127,0
DA:128,0
DA:131,0
DA:132,0
DA:133,0
DA:136,0
DA:137,0
DA:138,0
DA:139,0
DA:142,0
DA:143,0
DA:144,0
DA:145,0
DA:146,0
DA:147,0
DA:149,0
DA:151,0
DA:153,0
DA:155,0
DA:156,0
DA:157,0
DA:158,0
DA:159,0
DA:160,0
DA:161,0
DA:162,0
DA:164,0
DA:169,0
DA:170,0
DA:171,0
DA:172,0
DA:173,0
DA:174,0
DA:176,0
DA:178,0
DA:179,0
DA:181,0
DA:185,0
DA:186,0
DA:187,0
DA:188,0
DA:189,0
DA:190,0
DA:192,0
DA:194,0
DA:195,0
DA:197,0
DA:201,0
LF:107
LH:0
BRDA:34,0,0,0
BRDA:34,0,1,0
BRDA:35,1,0,0
BRDA:35,1,1,0
BRDA:35,1,2,0
BRDA:36,2,0,0
BRDA:36,2,1,0
BRDA:36,3,0,0
BRDA:36,3,1,0
BRDA:36,4,0,0
BRDA:36,4,1,0
BRDA:37,5,0,0
BRDA:37,5,1,0
BRDA:38,6,0,0
BRDA:38,6,1,0
BRDA:39,7,0,0
BRDA:39,7,1,0
BRDA:39,7,2,0
BRDA:40,8,0,0
BRDA:40,8,1,0
BRDA:41,9,0,0
BRDA:41,9,1,0
BRDA:42,10,0,0
BRDA:42,10,1,0
BRDA:43,11,0,0
BRDA:43,11,1,0
BRDA:46,12,0,0
BRDA:46,12,1,0
BRDA:46,13,0,0
BRDA:46,13,1,0
BRDA:53,14,0,0
BRDA:53,14,1,0
BRDA:58,15,0,0
BRDA:58,15,1,0
BRDA:98,16,0,0
BRDA:98,16,1,0
BRDA:98,17,0,0
BRDA:98,17,1,0
BRDA:108,18,0,0
BRDA:108,18,1,0
BRDA:108,19,0,0
BRDA:108,19,1,0
BRDA:120,20,0,0
BRDA:120,20,1,0
BRDA:133,21,0,0
BRDA:133,21,1,0
BRDA:133,22,0,0
BRDA:133,22,1,0
BRDA:144,23,0,0
BRDA:144,23,1,0
BRDA:146,24,0,0
BRDA:146,24,1,0
BRDA:155,25,0,0
BRDA:155,25,1,0
BRDA:157,26,0,0
BRDA:157,26,1,0
BRDA:158,27,0,0
BRDA:158,27,1,0
BRDA:159,28,0,0
BRDA:159,28,1,0
BRDA:161,29,0,0
BRDA:161,29,1,0
BRDA:162,30,0,0
BRDA:162,30,1,0
BRDA:164,31,0,0
BRDA:164,31,1,0
BRDA:171,32,0,0
BRDA:171,32,1,0
BRDA:173,33,0,0
BRDA:173,33,1,0
BRDA:187,34,0,0
BRDA:187,34,1,0
BRDA:189,35,0,0
BRDA:189,35,1,0
BRDA:224,36,0,0
BRDA:224,36,1,0
BRDA:231,37,0,0
BRDA:231,37,1,0
BRDA:251,38,0,0
BRDA:251,38,1,0
BRDA:268,39,0,0
BRDA:268,39,1,0
BRDA:295,40,0,0
BRDA:295,40,1,0
BRF:84
BRH:0
end_of_record
TN:
SF:src\layouts\ClientAreaLayout.tsx
FN:15,(anonymous_0)
FN:19,(anonymous_1)
FN:22,ClientAreaLayout
FN:37,(anonymous_3)
FN:50,(anonymous_4)
FN:53,(anonymous_5)
FN:54,(anonymous_6)
FN:55,(anonymous_7)
FN:58,(anonymous_8)
FN:59,(anonymous_9)
FN:59,(anonymous_10)
FN:59,(anonymous_11)
FN:61,(anonymous_12)
FN:64,(anonymous_13)
FN:66,(anonymous_14)
FN:70,(anonymous_15)
FN:73,(anonymous_16)
FN:74,(anonymous_17)
FN:79,(anonymous_18)
FN:82,(anonymous_19)
FN:84,(anonymous_20)
FN:86,(anonymous_21)
FN:87,(anonymous_22)
FN:88,(anonymous_23)
FN:93,(anonymous_24)
FN:103,(anonymous_25)
FN:108,(anonymous_26)
FN:109,(anonymous_27)
FN:110,(anonymous_28)
FN:111,(anonymous_29)
FN:112,(anonymous_30)
FN:128,(anonymous_31)
FN:132,(anonymous_32)
FN:132,(anonymous_33)
FN:132,(anonymous_34)
FN:135,(anonymous_35)
FN:135,(anonymous_36)
FN:140,(anonymous_37)
FN:140,(anonymous_38)
FN:145,(anonymous_39)
FN:145,(anonymous_40)
FN:173,(anonymous_41)
FN:190,ClientNavLink
FN:196,(anonymous_43)
FN:204,ClientAvatar
FNF:45
FNH:0
FNDA:0,(anonymous_0)
FNDA:0,(anonymous_1)
FNDA:0,ClientAreaLayout
FNDA:0,(anonymous_3)
FNDA:0,(anonymous_4)
FNDA:0,(anonymous_5)
FNDA:0,(anonymous_6)
FNDA:0,(anonymous_7)
FNDA:0,(anonymous_8)
FNDA:0,(anonymous_9)
FNDA:0,(anonymous_10)
FNDA:0,(anonymous_11)
FNDA:0,(anonymous_12)
FNDA:0,(anonymous_13)
FNDA:0,(anonymous_14)
FNDA:0,(anonymous_15)
FNDA:0,(anonymous_16)
FNDA:0,(anonymous_17)
FNDA:0,(anonymous_18)
FNDA:0,(anonymous_19)
FNDA:0,(anonymous_20)
FNDA:0,(anonymous_21)
FNDA:0,(anonymous_22)
FNDA:0,(anonymous_23)
FNDA:0,(anonymous_24)
FNDA:0,(anonymous_25)
FNDA:0,(anonymous_26)
FNDA:0,(anonymous_27)
FNDA:0,(anonymous_28)
FNDA:0,(anonymous_29)
FNDA:0,(anonymous_30)
FNDA:0,(anonymous_31)
FNDA:0,(anonymous_32)
FNDA:0,(anonymous_33)
FNDA:0,(anonymous_34)
FNDA:0,(anonymous_35)
FNDA:0,(anonymous_36)
FNDA:0,(anonymous_37)
FNDA:0,(anonymous_38)
FNDA:0,(anonymous_39)
FNDA:0,(anonymous_40)
FNDA:0,(anonymous_41)
FNDA:0,ClientNavLink
FNDA:0,(anonymous_43)
FNDA:0,ClientAvatar
DA:15,0
DA:19,0
DA:23,0
DA:24,0
DA:25,0
DA:26,0
DA:27,0
DA:28,0
DA:29,0
DA:30,0
DA:31,0
DA:32,0
DA:33,0
DA:34,0
DA:35,0
DA:37,0
DA:38,0
DA:41,0
DA:42,0
DA:43,0
DA:44,0
DA:46,0
DA:50,0
DA:51,0
DA:52,0
DA:53,0
DA:54,0
DA:55,0
DA:58,0
DA:59,0
DA:60,0
DA:61,0
DA:64,0
DA:65,0
DA:66,0
DA:67,0
DA:68,0
DA:69,0
DA:70,0
DA:73,0
DA:74,0
DA:75,0
DA:76,0
DA:78,0
DA:79,0
DA:82,0
DA:83,0
DA:84,0
DA:85,0
DA:86,0
DA:87,0
DA:88,0
DA:91,0
DA:92,0
DA:93,0
DA:99,0
DA:100,0
DA:101,0
DA:103,0
DA:104,0
DA:105,0
DA:108,0
DA:109,0
DA:110,0
DA:111,0
DA:112,0
DA:114,0
DA:128,0
DA:132,0
DA:135,0
DA:140,0
DA:145,0
DA:173,0
DA:191,0
DA:196,0
DA:205,0
LF:76
LH:0
BRDA:15,0,0,0
BRDA:15,0,1,0
BRDA:53,1,0,0
BRDA:53,1,1,0
BRDA:75,2,0,0
BRDA:75,2,1,0
BRDA:75,3,0,0
BRDA:75,3,1,0
BRDA:76,4,0,0
BRDA:76,4,1,0
BRDA:76,5,0,0
BRDA:76,5,1,0
BRDA:84,6,0,0
BRDA:84,6,1,0
BRDA:86,7,0,0
BRDA:86,7,1,0
BRDA:91,8,0,0
BRDA:91,8,1,0
BRDA:92,9,0,0
BRDA:92,9,1,0
BRDA:99,10,0,0
BRDA:99,10,1,0
BRDA:99,10,2,0
BRDA:100,11,0,0
BRDA:100,11,1,0
BRDA:101,12,0,0
BRDA:101,12,1,0
BRDA:109,13,0,0
BRDA:109,13,1,0
BRDA:110,14,0,0
BRDA:110,14,1,0
BRDA:110,15,0,0
BRDA:110,15,1,0
BRDA:118,16,0,0
BRDA:118,16,1,0
BRDA:119,17,0,0
BRDA:119,17,1,0
BRDA:130,18,0,0
BRDA:130,18,1,0
BRDA:130,19,0,0
BRDA:130,19,1,0
BRDA:132,20,0,0
BRDA:132,20,1,0
BRDA:138,21,0,0
BRDA:138,21,1,0
BRDA:140,22,0,0
BRDA:140,22,1,0
BRDA:146,23,0,0
BRDA:146,23,1,0
BRDA:149,24,0,0
BRDA:149,24,1,0
BRDA:155,25,0,0
BRDA:155,25,1,0
BRDA:180,26,0,0
BRDA:180,26,1,0
BRDA:196,27,0,0
BRDA:196,27,1,0
BRDA:205,28,0,0
BRDA:205,28,1,0
BRF:59
BRH:0
end_of_record
TN:
SF:src\layouts\MarketplaceLayout.tsx
FN:74,(anonymous_0)
FN:89,(anonymous_1)
FN:97,(anonymous_2)
FN:103,(anonymous_3)
FN:110,(anonymous_4)
FN:120,(anonymous_5)
FN:138,MarketplaceLayout
FN:152,(anonymous_7)
FN:154,(anonymous_8)
FN:155,(anonymous_9)
FN:165,(anonymous_10)
FN:166,(anonymous_11)
FN:176,(anonymous_12)
FN:184,(anonymous_13)
FN:185,(anonymous_14)
FN:197,(anonymous_15)
FN:204,(anonymous_16)
FN:207,(anonymous_17)
FN:291,(anonymous_18)
FN:319,(anonymous_19)
FN:319,(anonymous_20)
FN:327,(anonymous_21)
FN:327,(anonymous_22)
FN:327,(anonymous_23)
FN:327,(anonymous_24)
FN:328,(anonymous_25)
FN:329,(anonymous_26)
FN:330,(anonymous_27)
FN:331,(anonymous_28)
FN:339,(anonymous_29)
FN:349,(anonymous_30)
FN:364,(anonymous_31)
FN:372,(anonymous_32)
FN:372,(anonymous_33)
FN:372,(anonymous_34)
FN:372,(anonymous_35)
FN:372,(anonymous_36)
FN:372,(anonymous_37)
FN:372,(anonymous_38)
FN:451,(anonymous_39)
FNF:40
FNH:0
FNDA:0,(anonymous_0)
FNDA:0,(anonymous_1)
FNDA:0,(anonymous_2)
FNDA:0,(anonymous_3)
FNDA:0,(anonymous_4)
FNDA:0,(anonymous_5)
FNDA:0,MarketplaceLayout
FNDA:0,(anonymous_7)
FNDA:0,(anonymous_8)
FNDA:0,(anonymous_9)
FNDA:0,(anonymous_10)
FNDA:0,(anonymous_11)
FNDA:0,(anonymous_12)
FNDA:0,(anonymous_13)
FNDA:0,(anonymous_14)
FNDA:0,(anonymous_15)
FNDA:0,(anonymous_16)
FNDA:0,(anonymous_17)
FNDA:0,(anonymous_18)
FNDA:0,(anonymous_19)
FNDA:0,(anonymous_20)
FNDA:0,(anonymous_21)
FNDA:0,(anonymous_22)
FNDA:0,(anonymous_23)
FNDA:0,(anonymous_24)
FNDA:0,(anonymous_25)
FNDA:0,(anonymous_26)
FNDA:0,(anonymous_27)
FNDA:0,(anonymous_28)
FNDA:0,(anonymous_29)
FNDA:0,(anonymous_30)
FNDA:0,(anonymous_31)
FNDA:0,(anonymous_32)
FNDA:0,(anonymous_33)
FNDA:0,(anonymous_34)
FNDA:0,(anonymous_35)
FNDA:0,(anonymous_36)
FNDA:0,(anonymous_37)
FNDA:0,(anonymous_38)
FNDA:0,(anonymous_39)
DA:74,0
DA:75,0
DA:77,0
DA:78,0
DA:81,0
DA:82,0
DA:83,0
DA:84,0
DA:86,0
DA:89,0
DA:90,0
DA:91,0
DA:92,0
DA:94,0
DA:97,0
DA:98,0
DA:99,0
DA:100,0
DA:103,0
DA:104,0
DA:105,0
DA:106,0
DA:107,0
DA:110,0
DA:120,0
DA:121,0
DA:123,0
DA:124,0
DA:127,0
DA:128,0
DA:131,0
DA:132,0
DA:135,0
DA:139,0
DA:140,0
DA:141,0
DA:142,0
DA:143,0
DA:144,0
DA:145,0
DA:146,0
DA:147,0
DA:148,0
DA:149,0
DA:150,0
DA:151,0
DA:152,0
DA:154,0
DA:155,0
DA:165,0
DA:166,0
DA:175,0
DA:176,0
DA:177,0
DA:178,0
DA:181,0
DA:182,0
DA:184,0
DA:185,0
DA:188,0
DA:189,0
DA:192,0
DA:193,0
DA:194,0
DA:195,0
DA:196,0
DA:197,0
DA:198,0
DA:199,0
DA:200,0
DA:201,0
DA:204,0
DA:205,0
DA:207,0
DA:208,0
DA:209,0
DA:210,0
DA:211,0
DA:212,0
DA:214,0
DA:215,0
DA:217,0
DA:221,0
DA:224,0
DA:225,0
DA:228,0
DA:229,0
DA:237,0
DA:238,0
DA:241,0
DA:255,0
DA:265,0
DA:292,0
DA:293,0
DA:294,0
DA:296,0
DA:319,0
DA:327,0
DA:328,0
DA:329,0
DA:330,0
DA:331,0
DA:339,0
DA:350,0
DA:351,0
DA:352,0
DA:354,0
DA:364,0
DA:372,0
DA:452,0
LF:110
LH:0
BRDA:77,0,0,0
BRDA:77,0,1,0
BRDA:77,1,0,0
BRDA:77,1,1,0
BRDA:82,2,0,0
BRDA:82,2,1,0
BRDA:84,3,0,0
BRDA:84,3,1,0
BRDA:90,4,0,0
BRDA:90,4,1,0
BRDA:91,5,0,0
BRDA:91,5,1,0
BRDA:91,6,0,0
BRDA:91,6,1,0
BRDA:91,6,2,0
BRDA:94,7,0,0
BRDA:94,7,1,0
BRDA:98,8,0,0
BRDA:98,8,1,0
BRDA:99,9,0,0
BRDA:99,9,1,0
BRDA:99,10,0,0
BRDA:99,10,1,0
BRDA:106,11,0,0
BRDA:106,11,1,0
BRDA:107,12,0,0
BRDA:107,12,1,0
BRDA:111,13,0,0
BRDA:111,13,1,0
BRDA:121,14,0,0
BRDA:121,14,1,0
BRDA:123,15,0,0
BRDA:123,15,1,0
BRDA:123,16,0,0
BRDA:123,16,1,0
BRDA:127,17,0,0
BRDA:127,17,1,0
BRDA:127,18,0,0
BRDA:127,18,1,0
BRDA:127,18,2,0
BRDA:131,19,0,0
BRDA:131,19,1,0
BRDA:131,20,0,0
BRDA:131,20,1,0
BRDA:131,20,2,0
BRDA:131,20,3,0
BRDA:148,21,0,0
BRDA:148,21,1,0
BRDA:149,22,0,0
BRDA:149,22,1,0
BRDA:150,23,0,0
BRDA:150,23,1,0
BRDA:151,24,0,0
BRDA:151,24,1,0
BRDA:153,25,0,0
BRDA:153,25,1,0
BRDA:154,26,0,0
BRDA:154,26,1,0
BRDA:156,27,0,0
BRDA:156,27,1,0
BRDA:157,28,0,0
BRDA:157,28,1,0
BRDA:157,29,0,0
BRDA:157,29,1,0
BRDA:158,30,0,0
BRDA:158,30,1,0
BRDA:158,31,0,0
BRDA:158,31,1,0
BRDA:159,32,0,0
BRDA:159,32,1,0
BRDA:159,33,0,0
BRDA:159,33,1,0
BRDA:160,34,0,0
BRDA:160,34,1,0
BRDA:161,35,0,0
BRDA:161,35,1,0
BRDA:162,36,0,0
BRDA:162,36,1,0
BRDA:164,37,0,0
BRDA:164,37,1,0
BRDA:165,38,0,0
BRDA:165,38,1,0
BRDA:167,39,0,0
BRDA:167,39,1,0
BRDA:168,40,0,0
BRDA:168,40,1,0
BRDA:168,41,0,0
BRDA:168,41,1,0
BRDA:169,42,0,0
BRDA:169,42,1,0
BRDA:169,43,0,0
BRDA:169,43,1,0
BRDA:177,44,0,0
BRDA:177,44,1,0
BRDA:177,45,0,0
BRDA:177,45,1,0
BRDA:182,46,0,0
BRDA:182,46,1,0
BRDA:182,47,0,0
BRDA:182,47,1,0
BRDA:190,48,0,0
BRDA:190,48,1,0
BRDA:194,49,0,0
BRDA:194,49,1,0
BRDA:195,50,0,0
BRDA:195,50,1,0
BRDA:205,51,0,0
BRDA:205,51,1,0
BRDA:224,52,0,0
BRDA:224,52,1,0
BRDA:228,53,0,0
BRDA:228,53,1,0
BRDA:237,54,0,0
BRDA:237,54,1,0
BRDA:237,55,0,0
BRDA:237,55,1,0
BRDA:242,56,0,0
BRDA:242,56,1,0
BRDA:243,57,0,0
BRDA:243,57,1,0
BRDA:243,57,2,0
BRDA:244,58,0,0
BRDA:244,58,1,0
BRDA:246,59,0,0
BRDA:246,59,1,0
BRDA:247,60,0,0
BRDA:247,60,1,0
BRDA:248,61,0,0
BRDA:248,61,1,0
BRDA:249,62,0,0
BRDA:249,62,1,0
BRDA:249,62,2,0
BRDA:250,63,0,0
BRDA:250,63,1,0
BRDA:251,64,0,0
BRDA:251,64,1,0
BRDA:258,65,0,0
BRDA:258,65,1,0
BRDA:259,66,0,0
BRDA:259,66,1,0
BRDA:259,66,2,0
BRDA:261,67,0,0
BRDA:261,67,1,0
BRDA:274,68,0,0
BRDA:274,68,1,0
BRDA:292,69,0,0
BRDA:292,69,1,0
BRDA:301,70,0,0
BRDA:301,70,1,0
BRDA:305,71,0,0
BRDA:305,71,1,0
BRDA:308,72,0,0
BRDA:308,72,1,0
BRDA:315,73,0,0
BRDA:315,73,1,0
BRDA:323,74,0,0
BRDA:323,74,1,0
BRDA:326,75,0,0
BRDA:326,75,1,0
BRDA:327,76,0,0
BRDA:327,76,1,0
BRDA:328,77,0,0
BRDA:328,77,1,0
BRDA:329,78,0,0
BRDA:329,78,1,0
BRDA:330,79,0,0
BRDA:330,79,1,0
BRDA:341,80,0,0
BRDA:341,80,1,0
BRDA:346,81,0,0
BRDA:346,81,1,0
BRDA:350,82,0,0
BRDA:350,82,1,0
BRDA:359,83,0,0
BRDA:359,83,1,0
BRDA:363,84,0,0
BRDA:363,84,1,0
BRDA:367,85,0,0
BRDA:367,85,1,0
BRDA:372,86,0,0
BRDA:372,86,1,0
BRDA:372,87,0,0
BRDA:372,87,1,0
BRDA:372,88,0,0
BRDA:372,88,1,0
BRDA:372,89,0,0
BRDA:372,89,1,0
BRDA:380,90,0,0
BRDA:380,90,1,0
BRDA:381,91,0,0
BRDA:381,91,1,0
BRDA:389,92,0,0
BRDA:389,92,1,0
BRDA:402,93,0,0
BRDA:402,93,1,0
BRDA:406,94,0,0
BRDA:406,94,1,0
BRDA:413,95,0,0
BRDA:413,95,1,0
BRDA:419,96,0,0
BRDA:419,96,1,0
BRDA:430,97,0,0
BRDA:430,97,1,0
BRDA:436,98,0,0
BRDA:436,98,1,0
BRDA:442,99,0,0
BRDA:442,99,1,0
BRDA:442,99,2,0
BRDA:442,99,3,0
BRDA:442,99,4,0
BRDA:451,100,0,0
BRDA:451,100,1,0
BRF:212
BRH:0
end_of_record
TN:
SF:src\layouts\PublicLayout.tsx
FN:5,PublicLayout
FNF:1
FNH:0
FNDA:0,PublicLayout
DA:6,0
DA:7,0
DA:9,0
LF:3
LH:0
BRDA:11,0,0,0
BRDA:11,0,1,0
BRDA:15,1,0,0
BRDA:15,1,1,0
BRF:4
BRH:0
end_of_record
TN:
SF:src\pages\bank\Branding.tsx
FN:27,(anonymous_0)
FN:29,(anonymous_1)
FN:31,(anonymous_2)
FN:34,(anonymous_3)
FN:68,(anonymous_4)
FN:107,(anonymous_5)
FN:112,(anonymous_6)
FN:146,(anonymous_7)
FN:164,(anonymous_8)
FN:177,ColorPickerPanel
FN:180,(anonymous_10)
FN:189,(anonymous_11)
FN:194,(anonymous_12)
FN:212,(anonymous_13)
FN:275,(anonymous_14)
FN:284,BankBranding
FN:299,(anonymous_16)
FN:308,(anonymous_17)
FN:316,(anonymous_18)
FN:319,(anonymous_19)
FN:327,(anonymous_20)
FN:330,(anonymous_21)
FN:331,(anonymous_22)
FN:336,(anonymous_23)
FN:360,(anonymous_24)
FN:377,(anonymous_25)
FN:394,(anonymous_26)
FN:408,(anonymous_27)
FN:412,(anonymous_28)
FN:416,(anonymous_29)
FN:458,(anonymous_30)
FN:463,(anonymous_31)
FN:534,(anonymous_32)
FN:541,(anonymous_33)
FN:571,(anonymous_34)
FN:580,(anonymous_35)
FN:618,(anonymous_36)
FN:627,(anonymous_37)
FN:660,(anonymous_38)
FN:669,(anonymous_39)
FN:676,(anonymous_40)
FNF:41
FNH:0
FNDA:0,(anonymous_0)
FNDA:0,(anonymous_1)
FNDA:0,(anonymous_2)
FNDA:0,(anonymous_3)
FNDA:0,(anonymous_4)
FNDA:0,(anonymous_5)
FNDA:0,(anonymous_6)
FNDA:0,(anonymous_7)
FNDA:0,(anonymous_8)
FNDA:0,ColorPickerPanel
FNDA:0,(anonymous_10)
FNDA:0,(anonymous_11)
FNDA:0,(anonymous_12)
FNDA:0,(anonymous_13)
FNDA:0,(anonymous_14)
FNDA:0,BankBranding
FNDA:0,(anonymous_16)
FNDA:0,(anonymous_17)
FNDA:0,(anonymous_18)
FNDA:0,(anonymous_19)
FNDA:0,(anonymous_20)
FNDA:0,(anonymous_21)
FNDA:0,(anonymous_22)
FNDA:0,(anonymous_23)
FNDA:0,(anonymous_24)
FNDA:0,(anonymous_25)
FNDA:0,(anonymous_26)
FNDA:0,(anonymous_27)
FNDA:0,(anonymous_28)
FNDA:0,(anonymous_29)
FNDA:0,(anonymous_30)
FNDA:0,(anonymous_31)
FNDA:0,(anonymous_32)
FNDA:0,(anonymous_33)
FNDA:0,(anonymous_34)
FNDA:0,(anonymous_35)
FNDA:0,(anonymous_36)
FNDA:0,(anonymous_37)
FNDA:0,(anonymous_38)
FNDA:0,(anonymous_39)
FNDA:0,(anonymous_40)
DA:27,0
DA:29,0
DA:30,0
DA:31,0
DA:34,0
DA:35,0
DA:36,0
DA:37,0
DA:38,0
DA:39,0
DA:40,0
DA:42,0
DA:43,0
DA:44,0
DA:45,0
DA:46,0
DA:47,0
DA:49,0
DA:51,0
DA:54,0
DA:55,0
DA:58,0
DA:59,0
DA:61,0
DA:68,0
DA:69,0
DA:70,0
DA:71,0
DA:72,0
DA:73,0
DA:74,0
DA:76,0
DA:77,0
DA:78,0
DA:80,0
DA:81,0
DA:82,0
DA:83,0
DA:84,0
DA:85,0
DA:86,0
DA:87,0
DA:88,0
DA:89,0
DA:90,0
DA:91,0
DA:92,0
DA:93,0
DA:94,0
DA:96,0
DA:97,0
DA:100,0
DA:107,0
DA:108,0
DA:109,0
DA:112,0
DA:113,0
DA:114,0
DA:115,0
DA:118,0
DA:119,0
DA:121,0
DA:122,0
DA:125,0
DA:126,0
DA:127,0
DA:128,0
DA:129,0
DA:131,0
DA:132,0
DA:134,0
DA:135,0
DA:136,0
DA:139,0
DA:146,0
DA:154,0
DA:164,0
DA:165,0
DA:166,0
DA:178,0
DA:180,0
DA:181,0
DA:182,0
DA:183,0
DA:186,0
DA:189,0
DA:190,0
DA:191,0
DA:194,0
DA:195,0
DA:196,0
DA:199,0
DA:200,0
DA:201,0
DA:202,0
DA:208,0
DA:209,0
DA:212,0
DA:213,0
DA:218,0
DA:219,0
DA:222,0
DA:223,0
DA:224,0
DA:225,0
DA:226,0
DA:230,0
DA:275,0
DA:285,0
DA:286,0
DA:287,0
DA:288,0
DA:289,0
DA:290,0
DA:291,0
DA:292,0
DA:293,0
DA:294,0
DA:295,0
DA:296,0
DA:297,0
DA:299,0
DA:300,0
DA:301,0
DA:302,0
DA:303,0
DA:304,0
DA:305,0
DA:308,0
DA:309,0
DA:310,0
DA:311,0
DA:314,0
DA:315,0
DA:316,0
DA:319,0
DA:320,0
DA:321,0
DA:322,0
DA:325,0
DA:326,0
DA:327,0
DA:330,0
DA:331,0
DA:332,0
DA:333,0
DA:336,0
DA:337,0
DA:338,0
DA:341,0
DA:342,0
DA:345,0
DA:346,0
DA:349,0
DA:350,0
DA:353,0
DA:354,0
DA:357,0
DA:360,0
DA:361,0
DA:362,0
DA:363,0
DA:366,0
DA:367,0
DA:368,0
DA:369,0
DA:372,0
DA:373,0
DA:374,0
DA:377,0
DA:378,0
DA:379,0
DA:380,0
DA:383,0
DA:384,0
DA:385,0
DA:386,0
DA:389,0
DA:390,0
DA:391,0
DA:394,0
DA:395,0
DA:396,0
DA:397,0
DA:398,0
DA:399,0
DA:401,0
DA:402,0
DA:404,0
DA:405,0
DA:408,0
DA:409,0
DA:412,0
DA:413,0
DA:416,0
DA:417,0
DA:418,0
DA:419,0
DA:420,0
DA:423,0
DA:424,0
DA:425,0
DA:428,0
DA:429,0
DA:430,0
DA:431,0
DA:433,0
DA:434,0
DA:436,0
DA:437,0
DA:440,0
DA:441,0
DA:444,0
DA:455,0
DA:456,0
DA:458,0
DA:463,0
DA:473,0
DA:474,0
DA:475,0
DA:476,0
DA:478,0
DA:479,0
DA:481,0
DA:482,0
DA:484,0
DA:485,0
DA:487,0
DA:491,0
DA:492,0
DA:493,0
DA:494,0
DA:496,0
DA:497,0
DA:507,0
DA:534,0
DA:541,0
DA:571,0
DA:581,0
DA:582,0
DA:583,0
DA:618,0
DA:628,0
DA:629,0
DA:630,0
DA:660,0
DA:669,0
DA:676,0
LF:248
LH:0
BRDA:43,0,0,0
BRDA:43,0,1,0
BRDA:44,1,0,0
BRDA:44,1,1,0
BRDA:46,2,0,0
BRDA:46,2,1,0
BRDA:54,3,0,0
BRDA:54,3,1,0
BRDA:59,4,0,0
BRDA:59,4,1,0
BRDA:80,5,0,0
BRDA:80,5,1,0
BRDA:80,6,0,0
BRDA:80,6,1,0
BRDA:83,7,0,0
BRDA:83,7,1,0
BRDA:86,8,0,0
BRDA:86,8,1,0
BRDA:89,9,0,0
BRDA:89,9,1,0
BRDA:92,10,0,0
BRDA:92,10,1,0
BRDA:109,11,0,0
BRDA:109,11,1,0
BRDA:109,11,2,0
BRDA:114,12,0,0
BRDA:114,12,1,0
BRDA:114,13,0,0
BRDA:114,13,1,0
BRDA:114,13,2,0
BRDA:121,14,0,0
BRDA:121,14,1,0
BRDA:135,15,0,0
BRDA:135,15,1,0
BRDA:155,16,0,0
BRDA:155,16,1,0
BRDA:156,17,0,0
BRDA:156,17,1,0
BRDA:157,18,0,0
BRDA:157,18,1,0
BRDA:158,19,0,0
BRDA:158,19,1,0
BRDA:159,20,0,0
BRDA:159,20,1,0
BRDA:160,21,0,0
BRDA:160,21,1,0
BRDA:161,22,0,0
BRDA:161,22,1,0
BRDA:165,23,0,0
BRDA:165,23,1,0
BRDA:182,24,0,0
BRDA:182,24,1,0
BRDA:195,25,0,0
BRDA:195,25,1,0
BRDA:195,26,0,0
BRDA:195,26,1,0
BRDA:226,27,0,0
BRDA:226,27,1,0
BRDA:309,28,0,0
BRDA:309,28,1,0
BRDA:320,29,0,0
BRDA:320,29,1,0
BRDA:337,30,0,0
BRDA:337,30,1,0
BRDA:341,31,0,0
BRDA:341,31,1,0
BRDA:345,32,0,0
BRDA:345,32,1,0
BRDA:349,33,0,0
BRDA:349,33,1,0
BRDA:353,34,0,0
BRDA:353,34,1,0
BRDA:361,35,0,0
BRDA:361,35,1,0
BRDA:362,36,0,0
BRDA:362,36,1,0
BRDA:366,37,0,0
BRDA:366,37,1,0
BRDA:378,38,0,0
BRDA:378,38,1,0
BRDA:379,39,0,0
BRDA:379,39,1,0
BRDA:383,40,0,0
BRDA:383,40,1,0
BRDA:398,41,0,0
BRDA:398,41,1,0
BRDA:401,42,0,0
BRDA:401,42,1,0
BRDA:418,43,0,0
BRDA:418,43,1,0
BRDA:423,44,0,0
BRDA:423,44,1,0
BRDA:436,45,0,0
BRDA:436,45,1,0
BRDA:440,46,0,0
BRDA:440,46,1,0
BRDA:455,47,0,0
BRDA:455,47,1,0
BRDA:456,48,0,0
BRDA:456,48,1,0
BRDA:475,49,0,0
BRDA:475,49,1,0
BRDA:478,50,0,0
BRDA:478,50,1,0
BRDA:491,51,0,0
BRDA:491,51,1,0
BRDA:491,52,0,0
BRDA:491,52,1,0
BRDA:491,52,2,0
BRDA:492,53,0,0
BRDA:492,53,1,0
BRDA:492,54,0,0
BRDA:492,54,1,0
BRDA:492,54,2,0
BRDA:492,54,3,0
BRDA:496,55,0,0
BRDA:496,55,1,0
BRDA:513,56,0,0
BRDA:513,56,1,0
BRDA:518,57,0,0
BRDA:518,57,1,0
BRDA:519,58,0,0
BRDA:519,58,1,0
BRDA:520,59,0,0
BRDA:520,59,1,0
BRDA:536,60,0,0
BRDA:536,60,1,0
BRDA:543,61,0,0
BRDA:543,61,1,0
BRDA:558,62,0,0
BRDA:558,62,1,0
BRDA:575,63,0,0
BRDA:575,63,1,0
BRDA:582,64,0,0
BRDA:582,64,1,0
BRDA:591,65,0,0
BRDA:591,65,1,0
BRDA:605,66,0,0
BRDA:605,66,1,0
BRDA:622,67,0,0
BRDA:622,67,1,0
BRDA:629,68,0,0
BRDA:629,68,1,0
BRDA:638,69,0,0
BRDA:638,69,1,0
BRDA:693,70,0,0
BRDA:693,70,1,0
BRDA:696,71,0,0
BRDA:696,71,1,0
BRDA:696,72,0,0
BRDA:696,72,1,0
BRDA:701,73,0,0
BRDA:701,73,1,0
BRDA:706,74,0,0
BRDA:706,74,1,0
BRDA:707,75,0,0
BRDA:707,75,1,0
BRDA:710,76,0,0
BRDA:710,76,1,0
BRDA:711,77,0,0
BRDA:711,77,1,0
BRDA:714,78,0,0
BRDA:714,78,1,0
BRDA:718,79,0,0
BRDA:718,79,1,0
BRF:165
BRH:0
end_of_record
TN:
SF:src\pages\bank\ContentManagement.tsx
FN:34,(anonymous_0)
FN:41,(anonymous_1)
FN:64,(anonymous_2)
FN:74,(anonymous_3)
FN:77,(anonymous_4)
FN:94,BankContentManagement
FN:109,(anonymous_6)
FN:110,(anonymous_7)
FN:117,(anonymous_8)
FN:120,(anonymous_9)
FN:136,(anonymous_10)
FN:141,(anonymous_11)
FN:161,(anonymous_12)
FN:166,(anonymous_13)
FN:167,(anonymous_14)
FN:174,(anonymous_15)
FN:175,(anonymous_16)
FN:179,(anonymous_17)
FN:181,(anonymous_18)
FN:186,(anonymous_19)
FN:189,(anonymous_20)
FN:202,(anonymous_21)
FN:203,(anonymous_22)
FN:204,(anonymous_23)
FN:217,(anonymous_24)
FN:220,(anonymous_25)
FN:227,(anonymous_26)
FN:238,(anonymous_27)
FN:243,(anonymous_28)
FN:264,(anonymous_29)
FN:270,(anonymous_30)
FN:281,(anonymous_31)
FN:312,(anonymous_32)
FN:314,(anonymous_33)
FN:330,(anonymous_34)
FN:347,(anonymous_35)
FN:347,(anonymous_36)
FN:357,(anonymous_37)
FN:377,(anonymous_38)
FN:377,(anonymous_39)
FN:424,(anonymous_40)
FN:453,(anonymous_41)
FN:483,(anonymous_42)
FN:547,(anonymous_43)
FN:562,(anonymous_44)
FN:570,(anonymous_45)
FN:617,(anonymous_46)
FN:617,(anonymous_47)
FN:626,(anonymous_48)
FN:626,(anonymous_49)
FN:637,(anonymous_50)
FN:637,(anonymous_51)
FN:646,(anonymous_52)
FN:646,(anonymous_53)
FN:657,(anonymous_54)
FNF:55
FNH:0
FNDA:0,(anonymous_0)
FNDA:0,(anonymous_1)
FNDA:0,(anonymous_2)
FNDA:0,(anonymous_3)
FNDA:0,(anonymous_4)
FNDA:0,BankContentManagement
FNDA:0,(anonymous_6)
FNDA:0,(anonymous_7)
FNDA:0,(anonymous_8)
FNDA:0,(anonymous_9)
FNDA:0,(anonymous_10)
FNDA:0,(anonymous_11)
FNDA:0,(anonymous_12)
FNDA:0,(anonymous_13)
FNDA:0,(anonymous_14)
FNDA:0,(anonymous_15)
FNDA:0,(anonymous_16)
FNDA:0,(anonymous_17)
FNDA:0,(anonymous_18)
FNDA:0,(anonymous_19)
FNDA:0,(anonymous_20)
FNDA:0,(anonymous_21)
FNDA:0,(anonymous_22)
FNDA:0,(anonymous_23)
FNDA:0,(anonymous_24)
FNDA:0,(anonymous_25)
FNDA:0,(anonymous_26)
FNDA:0,(anonymous_27)
FNDA:0,(anonymous_28)
FNDA:0,(anonymous_29)
FNDA:0,(anonymous_30)
FNDA:0,(anonymous_31)
FNDA:0,(anonymous_32)
FNDA:0,(anonymous_33)
FNDA:0,(anonymous_34)
FNDA:0,(anonymous_35)
FNDA:0,(anonymous_36)
FNDA:0,(anonymous_37)
FNDA:0,(anonymous_38)
FNDA:0,(anonymous_39)
FNDA:0,(anonymous_40)
FNDA:0,(anonymous_41)
FNDA:0,(anonymous_42)
FNDA:0,(anonymous_43)
FNDA:0,(anonymous_44)
FNDA:0,(anonymous_45)
FNDA:0,(anonymous_46)
FNDA:0,(anonymous_47)
FNDA:0,(anonymous_48)
FNDA:0,(anonymous_49)
FNDA:0,(anonymous_50)
FNDA:0,(anonymous_51)
FNDA:0,(anonymous_52)
FNDA:0,(anonymous_53)
FNDA:0,(anonymous_54)
DA:18,0
DA:29,0
DA:34,0
DA:35,0
DA:36,0
DA:38,0
DA:41,0
DA:42,0
DA:64,0
DA:65,0
DA:74,0
DA:75,0
DA:77,0
DA:78,0
DA:79,0
DA:80,0
DA:82,0
DA:83,0
DA:87,0
DA:95,0
DA:96,0
DA:97,0
DA:98,0
DA:99,0
DA:100,0
DA:101,0
DA:102,0
DA:103,0
DA:104,0
DA:105,0
DA:106,0
DA:107,0
DA:109,0
DA:110,0
DA:111,0
DA:112,0
DA:117,0
DA:118,0
DA:120,0
DA:121,0
DA:122,0
DA:124,0
DA:125,0
DA:126,0
DA:127,0
DA:130,0
DA:135,0
DA:136,0
DA:141,0
DA:146,0
DA:148,0
DA:149,0
DA:150,0
DA:153,0
DA:154,0
DA:159,0
DA:161,0
DA:162,0
DA:166,0
DA:167,0
DA:168,0
DA:169,0
DA:170,0
DA:174,0
DA:175,0
DA:179,0
DA:180,0
DA:182,0
DA:183,0
DA:186,0
DA:189,0
DA:191,0
DA:192,0
DA:199,0
DA:202,0
DA:203,0
DA:204,0
DA:206,0
DA:214,0
DA:215,0
DA:217,0
DA:218,0
DA:220,0
DA:227,0
DA:228,0
DA:229,0
DA:231,0
DA:232,0
DA:233,0
DA:234,0
DA:235,0
DA:238,0
DA:239,0
DA:240,0
DA:243,0
DA:244,0
DA:245,0
DA:247,0
DA:248,0
DA:251,0
DA:252,0
DA:258,0
DA:259,0
DA:260,0
DA:261,0
DA:264,0
DA:265,0
DA:266,0
DA:267,0
DA:270,0
DA:271,0
DA:273,0
DA:274,0
DA:277,0
DA:278,0
DA:281,0
DA:282,0
DA:283,0
DA:284,0
DA:286,0
DA:287,0
DA:288,0
DA:291,0
DA:292,0
DA:294,0
DA:295,0
DA:304,0
DA:307,0
DA:312,0
DA:313,0
DA:314,0
DA:316,0
DA:318,0
DA:319,0
DA:320,0
DA:322,0
DA:323,0
DA:324,0
DA:326,0
DA:330,0
DA:331,0
DA:332,0
DA:334,0
DA:335,0
DA:337,0
DA:338,0
DA:339,0
DA:340,0
DA:343,0
DA:345,0
DA:346,0
DA:347,0
DA:348,0
DA:350,0
DA:351,0
DA:353,0
DA:357,0
DA:358,0
DA:359,0
DA:362,0
DA:363,0
DA:364,0
DA:365,0
DA:368,0
DA:369,0
DA:371,0
DA:372,0
DA:377,0
DA:378,0
DA:386,0
DA:388,0
DA:389,0
DA:391,0
DA:395,0
DA:425,0
DA:454,0
DA:455,0
DA:456,0
DA:458,0
DA:484,0
DA:485,0
DA:547,0
DA:562,0
DA:570,0
DA:617,0
DA:626,0
DA:637,0
DA:646,0
DA:657,0
LF:189
LH:0
BRDA:35,0,0,0
BRDA:35,0,1,0
BRDA:35,1,0,0
BRDA:35,1,1,0
BRDA:41,2,0,0
BRDA:42,3,0,0
BRDA:42,3,1,0
BRDA:67,4,0,0
BRDA:67,4,1,0
BRDA:70,5,0,0
BRDA:70,5,1,0
BRDA:79,6,0,0
BRDA:79,6,1,0
BRDA:111,7,0,0
BRDA:111,7,1,0
BRDA:125,8,0,0
BRDA:125,8,1,0
BRDA:125,8,2,0
BRDA:126,9,0,0
BRDA:126,9,1,0
BRDA:135,10,0,0
BRDA:135,10,1,0
BRDA:136,11,0,0
BRDA:136,11,1,0
BRDA:139,12,0,0
BRDA:139,12,1,0
BRDA:141,13,0,0
BRDA:141,13,1,0
BRDA:149,14,0,0
BRDA:149,14,1,0
BRDA:153,15,0,0
BRDA:153,15,1,0
BRDA:168,16,0,0
BRDA:168,16,1,0
BRDA:175,17,0,0
BRDA:175,17,1,0
BRDA:182,18,0,0
BRDA:182,18,1,0
BRDA:189,19,0,0
BRDA:189,19,1,0
BRDA:191,20,0,0
BRDA:191,20,1,0
BRDA:214,21,0,0
BRDA:214,21,1,0
BRDA:215,22,0,0
BRDA:215,22,1,0
BRDA:221,23,0,0
BRDA:221,23,1,0
BRDA:222,24,0,0
BRDA:222,24,1,0
BRDA:222,25,0,0
BRDA:222,25,1,0
BRDA:222,26,0,0
BRDA:222,26,1,0
BRDA:228,27,0,0
BRDA:228,27,1,0
BRDA:244,28,0,0
BRDA:244,28,1,0
BRDA:247,29,0,0
BRDA:247,29,1,0
BRDA:253,30,0,0
BRDA:253,30,1,0
BRDA:259,31,0,0
BRDA:259,31,1,0
BRDA:265,32,0,0
BRDA:265,32,1,0
BRDA:271,33,0,0
BRDA:271,33,1,0
BRDA:273,34,0,0
BRDA:273,34,1,0
BRDA:282,35,0,0
BRDA:282,35,1,0
BRDA:286,36,0,0
BRDA:286,36,1,0
BRDA:296,37,0,0
BRDA:296,37,1,0
BRDA:300,38,0,0
BRDA:300,38,1,0
BRDA:300,38,2,0
BRDA:304,39,0,0
BRDA:304,39,1,0
BRDA:313,40,0,0
BRDA:313,40,1,0
BRDA:314,41,0,0
BRDA:314,41,1,0
BRDA:318,42,0,0
BRDA:318,42,1,0
BRDA:323,43,0,0
BRDA:323,43,1,0
BRDA:324,44,0,0
BRDA:324,44,1,0
BRDA:331,45,0,0
BRDA:331,45,1,0
BRDA:335,46,0,0
BRDA:335,46,1,0
BRDA:337,47,0,0
BRDA:337,47,1,0
BRDA:337,47,2,0
BRDA:338,48,0,0
BRDA:338,48,1,0
BRDA:358,49,0,0
BRDA:358,49,1,0
BRDA:362,50,0,0
BRDA:362,50,1,0
BRDA:362,50,2,0
BRDA:363,51,0,0
BRDA:363,51,1,0
BRDA:378,52,0,0
BRDA:378,52,1,0
BRDA:378,53,0,0
BRDA:378,53,1,0
BRDA:381,54,0,0
BRDA:381,54,1,0
BRDA:386,55,0,0
BRDA:386,55,1,0
BRDA:405,56,0,0
BRDA:405,56,1,0
BRDA:417,57,0,0
BRDA:417,57,1,0
BRDA:442,58,0,0
BRDA:442,58,1,0
BRDA:447,59,0,0
BRDA:447,59,1,0
BRDA:455,60,0,0
BRDA:455,60,1,0
BRDA:456,61,0,0
BRDA:456,61,1,0
BRDA:478,62,0,0
BRDA:478,62,1,0
BRDA:491,63,0,0
BRDA:491,63,1,0
BRDA:503,64,0,0
BRDA:503,64,1,0
BRDA:524,65,0,0
BRDA:524,65,1,0
BRDA:527,66,0,0
BRDA:527,66,1,0
BRDA:535,67,0,0
BRDA:535,67,1,0
BRDA:539,68,0,0
BRDA:539,68,1,0
BRDA:542,69,0,0
BRDA:542,69,1,0
BRDA:544,70,0,0
BRDA:544,70,1,0
BRDA:550,71,0,0
BRDA:550,71,1,0
BRDA:556,72,0,0
BRDA:556,72,1,0
BRDA:569,73,0,0
BRDA:569,73,1,0
BRDA:459,74,0,0
BRDA:459,74,1,0
BRDA:593,75,0,0
BRDA:593,75,1,0
BRDA:607,76,0,0
BRDA:607,76,1,0
BRDA:657,77,0,0
BRDA:657,77,1,0
BRDA:664,78,0,0
BRDA:664,78,1,0
BRDA:683,79,0,0
BRDA:683,79,1,0
BRDA:685,80,0,0
BRDA:685,80,1,0
BRDA:685,81,0,0
BRDA:685,81,1,0
BRF:167
BRH:0
end_of_record
TN:
SF:src\pages\bank\Dashboard.tsx
FN:17,(anonymous_0)
FN:19,BankDashboard
FN:24,(anonymous_2)
FN:25,(anonymous_3)
FN:29,(anonymous_4)
FN:38,(anonymous_5)
FN:54,(anonymous_6)
FN:59,(anonymous_7)
FN:68,(anonymous_8)
FN:73,(anonymous_9)
FN:89,(anonymous_10)
FN:94,(anonymous_11)
FN:95,(anonymous_12)
FN:97,(anonymous_13)
FN:102,(anonymous_14)
FN:108,(anonymous_15)
FN:109,(anonymous_16)
FN:112,(anonymous_17)
FN:120,(anonymous_18)
FN:121,(anonymous_19)
FN:125,(anonymous_20)
FN:127,(anonymous_21)
FN:128,(anonymous_22)
FN:135,(anonymous_23)
FN:136,(anonymous_24)
FN:142,(anonymous_25)
FN:143,(anonymous_26)
FN:146,(anonymous_27)
FN:148,(anonymous_28)
FN:156,(anonymous_29)
FN:158,(anonymous_30)
FN:167,(anonymous_31)
FN:169,(anonymous_32)
FN:171,(anonymous_33)
FN:173,(anonymous_34)
FN:178,(anonymous_35)
FN:183,(anonymous_36)
FN:191,(anonymous_37)
FN:194,(anonymous_38)
FN:195,(anonymous_39)
FN:202,(anonymous_40)
FN:205,(anonymous_41)
FN:206,(anonymous_42)
FN:225,(anonymous_43)
FN:230,(anonymous_44)
FN:264,(anonymous_45)
FN:307,(anonymous_46)
FN:319,(anonymous_47)
FN:414,(anonymous_48)
FN:416,(anonymous_49)
FN:420,(anonymous_50)
FN:423,(anonymous_51)
FN:459,(anonymous_52)
FNF:53
FNH:0
FNDA:0,(anonymous_0)
FNDA:0,BankDashboard
FNDA:0,(anonymous_2)
FNDA:0,(anonymous_3)
FNDA:0,(anonymous_4)
FNDA:0,(anonymous_5)
FNDA:0,(anonymous_6)
FNDA:0,(anonymous_7)
FNDA:0,(anonymous_8)
FNDA:0,(anonymous_9)
FNDA:0,(anonymous_10)
FNDA:0,(anonymous_11)
FNDA:0,(anonymous_12)
FNDA:0,(anonymous_13)
FNDA:0,(anonymous_14)
FNDA:0,(anonymous_15)
FNDA:0,(anonymous_16)
FNDA:0,(anonymous_17)
FNDA:0,(anonymous_18)
FNDA:0,(anonymous_19)
FNDA:0,(anonymous_20)
FNDA:0,(anonymous_21)
FNDA:0,(anonymous_22)
FNDA:0,(anonymous_23)
FNDA:0,(anonymous_24)
FNDA:0,(anonymous_25)
FNDA:0,(anonymous_26)
FNDA:0,(anonymous_27)
FNDA:0,(anonymous_28)
FNDA:0,(anonymous_29)
FNDA:0,(anonymous_30)
FNDA:0,(anonymous_31)
FNDA:0,(anonymous_32)
FNDA:0,(anonymous_33)
FNDA:0,(anonymous_34)
FNDA:0,(anonymous_35)
FNDA:0,(anonymous_36)
FNDA:0,(anonymous_37)
FNDA:0,(anonymous_38)
FNDA:0,(anonymous_39)
FNDA:0,(anonymous_40)
FNDA:0,(anonymous_41)
FNDA:0,(anonymous_42)
FNDA:0,(anonymous_43)
FNDA:0,(anonymous_44)
FNDA:0,(anonymous_45)
FNDA:0,(anonymous_46)
FNDA:0,(anonymous_47)
FNDA:0,(anonymous_48)
FNDA:0,(anonymous_49)
FNDA:0,(anonymous_50)
FNDA:0,(anonymous_51)
FNDA:0,(anonymous_52)
DA:14,0
DA:15,0
DA:17,0
DA:20,0
DA:21,0
DA:22,0
DA:24,0
DA:25,0
DA:29,0
DA:30,0
DA:31,0
DA:32,0
DA:33,0
DA:36,0
DA:38,0
DA:39,0
DA:40,0
DA:41,0
DA:42,0
DA:45,0
DA:46,0
DA:47,0
DA:52,0
DA:54,0
DA:55,0
DA:59,0
DA:60,0
DA:61,0
DA:62,0
DA:63,0
DA:66,0
DA:68,0
DA:69,0
DA:70,0
DA:71,0
DA:72,0
DA:74,0
DA:80,0
DA:81,0
DA:82,0
DA:87,0
DA:89,0
DA:90,0
DA:94,0
DA:95,0
DA:96,0
DA:97,0
DA:98,0
DA:101,0
DA:102,0
DA:103,0
DA:106,0
DA:108,0
DA:109,0
DA:112,0
DA:113,0
DA:114,0
DA:116,0
DA:120,0
DA:121,0
DA:125,0
DA:127,0
DA:128,0
DA:129,0
DA:135,0
DA:136,0
DA:137,0
DA:138,0
DA:139,0
DA:141,0
DA:142,0
DA:143,0
DA:146,0
DA:148,0
DA:156,0
DA:158,0
DA:159,0
DA:163,0
DA:167,0
DA:169,0
DA:172,0
DA:173,0
DA:174,0
DA:177,0
DA:178,0
DA:179,0
DA:183,0
DA:184,0
DA:191,0
DA:193,0
DA:194,0
DA:195,0
DA:202,0
DA:203,0
DA:205,0
DA:206,0
DA:207,0
DA:208,0
DA:211,0
DA:212,0
DA:214,0
DA:219,0
DA:220,0
DA:224,0
DA:225,0
DA:229,0
DA:230,0
DA:236,0
DA:238,0
DA:239,0
DA:249,0
DA:265,0
DA:308,0
DA:320,0
DA:415,0
DA:416,0
DA:417,0
DA:419,0
DA:421,0
DA:424,0
DA:427,0
DA:460,0
LF:122
LH:0
BRDA:17,0,0,0
BRDA:17,0,1,0
BRDA:25,1,0,0
BRDA:25,1,1,0
BRDA:31,2,0,0
BRDA:31,2,1,0
BRDA:41,3,0,0
BRDA:41,3,1,0
BRDA:46,4,0,0
BRDA:46,4,1,0
BRDA:61,5,0,0
BRDA:61,5,1,0
BRDA:71,6,0,0
BRDA:71,6,1,0
BRDA:74,7,0,0
BRDA:74,7,1,0
BRDA:74,7,2,0
BRDA:81,8,0,0
BRDA:81,8,1,0
BRDA:97,9,0,0
BRDA:97,9,1,0
BRDA:98,10,0,0
BRDA:98,10,1,0
BRDA:101,11,0,0
BRDA:101,11,1,0
BRDA:107,12,0,0
BRDA:107,12,1,0
BRDA:108,13,0,0
BRDA:108,13,1,0
BRDA:114,14,0,0
BRDA:114,14,1,0
BRDA:114,14,2,0
BRDA:129,15,0,0
BRDA:129,15,1,0
BRDA:137,16,0,0
BRDA:137,16,1,0
BRDA:138,17,0,0
BRDA:138,17,1,0
BRDA:150,18,0,0
BRDA:150,18,1,0
BRDA:170,19,0,0
BRDA:170,19,1,0
BRDA:173,20,0,0
BRDA:173,20,1,0
BRDA:174,21,0,0
BRDA:174,21,1,0
BRDA:177,22,0,0
BRDA:177,22,1,0
BRDA:178,23,0,0
BRDA:178,23,1,0
BRDA:179,24,0,0
BRDA:179,24,1,0
BRDA:183,25,0,0
BRDA:183,25,1,0
BRDA:184,26,0,0
BRDA:184,26,1,0
BRDA:197,27,0,0
BRDA:197,27,1,0
BRDA:207,28,0,0
BRDA:207,28,1,0
BRDA:207,29,0,0
BRDA:207,29,1,0
BRDA:212,30,0,0
BRDA:212,30,1,0
BRDA:214,31,0,0
BRDA:214,31,1,0
BRDA:216,32,0,0
BRDA:216,32,1,0
BRDA:216,32,2,0
BRDA:236,33,0,0
BRDA:236,33,1,0
BRDA:238,34,0,0
BRDA:238,34,1,0
BRDA:255,35,0,0
BRDA:255,35,1,0
BRDA:258,36,0,0
BRDA:258,36,1,0
BRDA:261,37,0,0
BRDA:261,37,1,0
BRDA:270,38,0,0
BRDA:270,38,1,0
BRDA:270,39,0,0
BRDA:270,39,1,0
BRDA:270,40,0,0
BRDA:270,40,1,0
BRDA:285,41,0,0
BRDA:285,41,1,0
BRDA:316,42,0,0
BRDA:316,42,1,0
BRDA:411,43,0,0
BRDA:411,43,1,0
BRDA:416,44,0,0
BRDA:416,44,1,0
BRDA:417,45,0,0
BRDA:417,45,1,0
BRDA:419,46,0,0
BRDA:419,46,1,0
BRDA:420,47,0,0
BRDA:420,47,1,0
BRDA:421,48,0,0
BRDA:421,48,1,0
BRDA:423,49,0,0
BRDA:423,49,1,0
BRDA:424,50,0,0
BRDA:424,50,1,0
BRDA:431,51,0,0
BRDA:431,51,1,0
BRDA:432,52,0,0
BRDA:432,52,1,0
BRDA:434,53,0,0
BRDA:434,53,1,0
BRDA:435,54,0,0
BRDA:435,54,1,0
BRDA:456,55,0,0
BRDA:456,55,1,0
BRF:115
BRH:0
end_of_record
TN:
SF:src\pages\bank\DealerManagement.tsx
FN:58,(anonymous_0)
FN:64,(anonymous_1)
FN:68,(anonymous_2)
FN:75,DealerManagement
FN:95,(anonymous_4)
FN:113,(anonymous_5)
FN:116,(anonymous_6)
FN:117,(anonymous_7)
FN:120,(anonymous_8)
FN:124,(anonymous_9)
FN:125,(anonymous_10)
FN:126,(anonymous_11)
FN:131,(anonymous_12)
FN:132,(anonymous_13)
FN:133,(anonymous_14)
FN:137,(anonymous_15)
FN:138,(anonymous_16)
FN:139,(anonymous_17)
FN:143,(anonymous_18)
FN:169,(anonymous_19)
FN:170,(anonymous_20)
FN:171,(anonymous_21)
FN:172,(anonymous_22)
FN:175,(anonymous_23)
FN:177,(anonymous_24)
FN:204,(anonymous_25)
FN:208,(anonymous_26)
FN:230,(anonymous_27)
FN:243,(anonymous_28)
FN:265,(anonymous_29)
FN:270,(anonymous_30)
FN:295,(anonymous_31)
FN:336,(anonymous_32)
FN:351,(anonymous_33)
FN:359,(anonymous_34)
FN:393,(anonymous_35)
FN:397,(anonymous_36)
FN:415,(anonymous_37)
FN:420,(anonymous_38)
FN:421,(anonymous_39)
FN:422,(anonymous_40)
FN:431,(anonymous_41)
FN:436,(anonymous_42)
FN:437,(anonymous_43)
FN:438,(anonymous_44)
FN:448,(anonymous_45)
FN:460,(anonymous_46)
FN:468,(anonymous_47)
FN:475,(anonymous_48)
FN:483,(anonymous_49)
FN:487,(anonymous_50)
FN:489,(anonymous_51)
FN:496,(anonymous_52)
FN:498,(anonymous_53)
FN:516,(anonymous_54)
FN:525,PartnershipCard
FN:588,PublicationCard
FN:633,(anonymous_57)
FN:658,InfoLine
FN:662,LoadingState
FN:671,EmptyState
FNF:61
FNH:0
FNDA:0,(anonymous_0)
FNDA:0,(anonymous_1)
FNDA:0,(anonymous_2)
FNDA:0,DealerManagement
FNDA:0,(anonymous_4)
FNDA:0,(anonymous_5)
FNDA:0,(anonymous_6)
FNDA:0,(anonymous_7)
FNDA:0,(anonymous_8)
FNDA:0,(anonymous_9)
FNDA:0,(anonymous_10)
FNDA:0,(anonymous_11)
FNDA:0,(anonymous_12)
FNDA:0,(anonymous_13)
FNDA:0,(anonymous_14)
FNDA:0,(anonymous_15)
FNDA:0,(anonymous_16)
FNDA:0,(anonymous_17)
FNDA:0,(anonymous_18)
FNDA:0,(anonymous_19)
FNDA:0,(anonymous_20)
FNDA:0,(anonymous_21)
FNDA:0,(anonymous_22)
FNDA:0,(anonymous_23)
FNDA:0,(anonymous_24)
FNDA:0,(anonymous_25)
FNDA:0,(anonymous_26)
FNDA:0,(anonymous_27)
FNDA:0,(anonymous_28)
FNDA:0,(anonymous_29)
FNDA:0,(anonymous_30)
FNDA:0,(anonymous_31)
FNDA:0,(anonymous_32)
FNDA:0,(anonymous_33)
FNDA:0,(anonymous_34)
FNDA:0,(anonymous_35)
FNDA:0,(anonymous_36)
FNDA:0,(anonymous_37)
FNDA:0,(anonymous_38)
FNDA:0,(anonymous_39)
FNDA:0,(anonymous_40)
FNDA:0,(anonymous_41)
FNDA:0,(anonymous_42)
FNDA:0,(anonymous_43)
FNDA:0,(anonymous_44)
FNDA:0,(anonymous_45)
FNDA:0,(anonymous_46)
FNDA:0,(anonymous_47)
FNDA:0,(anonymous_48)
FNDA:0,(anonymous_49)
FNDA:0,(anonymous_50)
FNDA:0,(anonymous_51)
FNDA:0,(anonymous_52)
FNDA:0,(anonymous_53)
FNDA:0,(anonymous_54)
FNDA:0,PartnershipCard
FNDA:0,PublicationCard
FNDA:0,(anonymous_57)
FNDA:0,InfoLine
FNDA:0,LoadingState
FNDA:0,EmptyState
DA:41,0
DA:51,0
DA:58,0
DA:59,0
DA:60,0
DA:61,0
DA:64,0
DA:68,0
DA:76,0
DA:77,0
DA:78,0
DA:79,0
DA:80,0
DA:81,0
DA:82,0
DA:83,0
DA:84,0
DA:85,0
DA:86,0
DA:87,0
DA:88,0
DA:89,0
DA:90,0
DA:91,0
DA:92,0
DA:93,0
DA:95,0
DA:96,0
DA:97,0
DA:98,0
DA:103,0
DA:104,0
DA:105,0
DA:107,0
DA:109,0
DA:113,0
DA:114,0
DA:115,0
DA:116,0
DA:117,0
DA:120,0
DA:121,0
DA:122,0
DA:124,0
DA:125,0
DA:126,0
DA:129,0
DA:131,0
DA:132,0
DA:133,0
DA:135,0
DA:137,0
DA:138,0
DA:139,0
DA:143,0
DA:148,0
DA:149,0
DA:150,0
DA:151,0
DA:152,0
DA:153,0
DA:154,0
DA:161,0
DA:163,0
DA:165,0
DA:169,0
DA:170,0
DA:171,0
DA:172,0
DA:175,0
DA:177,0
DA:178,0
DA:179,0
DA:180,0
DA:181,0
DA:182,0
DA:183,0
DA:184,0
DA:185,0
DA:186,0
DA:187,0
DA:188,0
DA:189,0
DA:192,0
DA:193,0
DA:194,0
DA:195,0
DA:198,0
DA:199,0
DA:204,0
DA:205,0
DA:206,0
DA:207,0
DA:208,0
DA:209,0
DA:210,0
DA:211,0
DA:213,0
DA:214,0
DA:215,0
DA:216,0
DA:217,0
DA:218,0
DA:219,0
DA:220,0
DA:221,0
DA:222,0
DA:224,0
DA:226,0
DA:230,0
DA:231,0
DA:232,0
DA:233,0
DA:234,0
DA:235,0
DA:237,0
DA:239,0
DA:243,0
DA:248,0
DA:249,0
DA:250,0
DA:251,0
DA:252,0
DA:257,0
DA:259,0
DA:261,0
DA:265,0
DA:266,0
DA:267,0
DA:270,0
DA:271,0
DA:272,0
DA:273,0
DA:275,0
DA:276,0
DA:277,0
DA:279,0
DA:281,0
DA:282,0
DA:285,0
DA:295,0
DA:336,0
DA:351,0
DA:359,0
DA:394,0
DA:397,0
DA:416,0
DA:420,0
DA:421,0
DA:422,0
DA:432,0
DA:436,0
DA:437,0
DA:438,0
DA:448,0
DA:460,0
DA:468,0
DA:475,0
DA:483,0
DA:487,0
DA:490,0
DA:496,0
DA:499,0
DA:516,0
DA:538,0
DA:539,0
DA:601,0
DA:602,0
DA:634,0
DA:659,0
DA:663,0
DA:672,0
LF:172
LH:0
BRDA:59,0,0,0
BRDA:59,0,1,0
BRDA:60,1,0,0
BRDA:60,1,1,0
BRDA:60,2,0,0
BRDA:60,2,1,0
BRDA:61,3,0,0
BRDA:61,3,1,0
BRDA:61,3,2,0
BRDA:61,3,3,0
BRDA:64,4,0,0
BRDA:64,4,1,0
BRDA:73,5,0,0
BRDA:73,5,1,0
BRDA:103,6,0,0
BRDA:103,6,1,0
BRDA:104,7,0,0
BRDA:104,7,1,0
BRDA:105,8,0,0
BRDA:105,8,1,0
BRDA:116,9,0,0
BRDA:116,9,1,0
BRDA:121,10,0,0
BRDA:121,10,1,0
BRDA:129,11,0,0
BRDA:129,11,1,0
BRDA:151,12,0,0
BRDA:151,12,1,0
BRDA:152,13,0,0
BRDA:152,13,1,0
BRDA:152,14,0,0
BRDA:152,14,1,0
BRDA:154,15,0,0
BRDA:154,15,1,0
BRDA:156,16,0,0
BRDA:156,16,1,0
BRDA:158,17,0,0
BRDA:158,17,1,0
BRDA:170,18,0,0
BRDA:170,18,1,0
BRDA:170,19,0,0
BRDA:170,19,1,0
BRDA:171,20,0,0
BRDA:171,20,1,0
BRDA:171,21,0,0
BRDA:171,21,1,0
BRDA:184,22,0,0
BRDA:184,22,1,0
BRDA:184,23,0,0
BRDA:184,23,1,0
BRDA:188,24,0,0
BRDA:188,24,1,0
BRDA:189,25,0,0
BRDA:189,25,1,0
BRDA:192,26,0,0
BRDA:192,26,1,0
BRDA:198,27,0,0
BRDA:198,27,1,0
BRDA:209,28,0,0
BRDA:209,28,1,0
BRDA:215,29,0,0
BRDA:215,29,1,0
BRDA:252,30,0,0
BRDA:252,30,1,0
BRDA:254,31,0,0
BRDA:254,31,1,0
BRDA:271,32,0,0
BRDA:271,32,1,0
BRDA:271,33,0,0
BRDA:271,33,1,0
BRDA:276,34,0,0
BRDA:276,34,1,0
BRDA:294,35,0,0
BRDA:294,35,1,0
BRDA:303,36,0,0
BRDA:303,36,1,0
BRDA:303,37,0,0
BRDA:303,37,1,0
BRDA:307,38,0,0
BRDA:307,38,1,0
BRDA:307,39,0,0
BRDA:307,39,1,0
BRDA:317,40,0,0
BRDA:317,40,1,0
BRDA:317,41,0,0
BRDA:317,41,1,0
BRDA:338,42,0,0
BRDA:338,42,1,0
BRDA:345,43,0,0
BRDA:345,43,1,0
BRDA:345,44,0,0
BRDA:345,44,1,0
BRDA:352,45,0,0
BRDA:352,45,1,0
BRDA:355,46,0,0
BRDA:355,46,1,0
BRDA:355,47,0,0
BRDA:355,47,1,0
BRDA:361,48,0,0
BRDA:361,48,1,0
BRDA:368,49,0,0
BRDA:368,49,1,0
BRDA:368,50,0,0
BRDA:368,50,1,0
BRDA:378,51,0,0
BRDA:378,51,1,0
BRDA:378,52,0,0
BRDA:378,52,1,0
BRDA:381,53,0,0
BRDA:381,53,1,0
BRDA:383,54,0,0
BRDA:383,54,1,0
BRDA:387,55,0,0
BRDA:387,55,1,0
BRDA:399,56,0,0
BRDA:399,56,1,0
BRDA:410,57,0,0
BRDA:410,57,1,0
BRDA:412,58,0,0
BRDA:412,58,1,0
BRDA:413,59,0,0
BRDA:413,59,1,0
BRDA:427,60,0,0
BRDA:427,60,1,0
BRDA:429,61,0,0
BRDA:429,61,1,0
BRDA:496,62,0,0
BRDA:496,62,1,0
BRDA:497,63,0,0
BRDA:497,63,1,0
BRDA:503,64,0,0
BRDA:503,64,1,0
BRDA:513,65,0,0
BRDA:513,65,1,0
BRDA:514,66,0,0
BRDA:514,66,1,0
BRDA:514,66,2,0
BRDA:514,66,3,0
BRDA:514,66,4,0
BRDA:542,67,0,0
BRDA:542,67,1,0
BRDA:563,68,0,0
BRDA:563,68,1,0
BRDA:568,69,0,0
BRDA:568,69,1,0
BRDA:569,70,0,0
BRDA:569,70,1,0
BRDA:572,71,0,0
BRDA:572,71,1,0
BRDA:572,71,2,0
BRDA:578,72,0,0
BRDA:578,72,1,0
BRDA:578,72,2,0
BRDA:605,73,0,0
BRDA:605,73,1,0
BRDA:627,74,0,0
BRDA:627,74,1,0
BRDA:631,75,0,0
BRDA:631,75,1,0
BRDA:635,76,0,0
BRDA:635,76,1,0
BRDA:635,77,0,0
BRDA:635,77,1,0
BRDA:641,78,0,0
BRDA:641,78,1,0
BRDA:644,79,0,0
BRDA:644,79,1,0
BRDA:650,80,0,0
BRDA:650,80,1,0
BRDA:675,81,0,0
BRDA:675,81,1,0
BRDA:678,82,0,0
BRDA:678,82,1,0
BRF:173
BRH:0
end_of_record
TN:
SF:src\pages\bank\FinancingManagement.tsx
FN:15,(anonymous_0)
FN:16,(anonymous_1)
FN:17,(anonymous_2)
FN:18,(anonymous_3)
FN:19,(anonymous_4)
FN:20,(anonymous_5)
FN:21,(anonymous_6)
FN:23,BankFinancingRequests
FN:32,(anonymous_8)
FN:36,(anonymous_9)
FN:40,(anonymous_10)
FN:41,(anonymous_11)
FN:42,(anonymous_12)
FN:45,(anonymous_13)
FN:46,(anonymous_14)
FN:47,(anonymous_15)
FN:62,(anonymous_16)
FN:63,(anonymous_17)
FN:63,(anonymous_18)
FN:65,(anonymous_19)
FN:66,(anonymous_20)
FN:71,(anonymous_21)
FN:78,BankRequestOverview
FN:81,(anonymous_23)
FN:82,(anonymous_24)
FN:88,(anonymous_25)
FN:104,(anonymous_26)
FN:107,(anonymous_27)
FN:112,(anonymous_28)
FN:123,(anonymous_29)
FN:123,(anonymous_30)
FN:123,(anonymous_31)
FN:127,DetailValue
FN:129,ProductThumbnail
FN:132,(anonymous_34)
FN:135,BankFinancingRequestDetail
FN:143,(anonymous_36)
FN:143,(anonymous_37)
FN:145,(anonymous_38)
FN:156,(anonymous_39)
FN:157,(anonymous_40)
FN:157,(anonymous_41)
FN:159,(anonymous_42)
FNF:43
FNH:0
FNDA:0,(anonymous_0)
FNDA:0,(anonymous_1)
FNDA:0,(anonymous_2)
FNDA:0,(anonymous_3)
FNDA:0,(anonymous_4)
FNDA:0,(anonymous_5)
FNDA:0,(anonymous_6)
FNDA:0,BankFinancingRequests
FNDA:0,(anonymous_8)
FNDA:0,(anonymous_9)
FNDA:0,(anonymous_10)
FNDA:0,(anonymous_11)
FNDA:0,(anonymous_12)
FNDA:0,(anonymous_13)
FNDA:0,(anonymous_14)
FNDA:0,(anonymous_15)
FNDA:0,(anonymous_16)
FNDA:0,(anonymous_17)
FNDA:0,(anonymous_18)
FNDA:0,(anonymous_19)
FNDA:0,(anonymous_20)
FNDA:0,(anonymous_21)
FNDA:0,BankRequestOverview
FNDA:0,(anonymous_23)
FNDA:0,(anonymous_24)
FNDA:0,(anonymous_25)
FNDA:0,(anonymous_26)
FNDA:0,(anonymous_27)
FNDA:0,(anonymous_28)
FNDA:0,(anonymous_29)
FNDA:0,(anonymous_30)
FNDA:0,(anonymous_31)
FNDA:0,DetailValue
FNDA:0,ProductThumbnail
FNDA:0,(anonymous_34)
FNDA:0,BankFinancingRequestDetail
FNDA:0,(anonymous_36)
FNDA:0,(anonymous_37)
FNDA:0,(anonymous_38)
FNDA:0,(anonymous_39)
FNDA:0,(anonymous_40)
FNDA:0,(anonymous_41)
FNDA:0,(anonymous_42)
DA:15,0
DA:16,0
DA:17,0
DA:18,0
DA:19,0
DA:20,0
DA:21,0
DA:24,0
DA:25,0
DA:26,0
DA:27,0
DA:28,0
DA:29,0
DA:30,0
DA:32,0
DA:33,0
DA:36,0
DA:37,0
DA:38,0
DA:39,0
DA:40,0
DA:41,0
DA:42,0
DA:45,0
DA:46,0
DA:47,0
DA:49,0
DA:62,0
DA:63,0
DA:65,0
DA:66,0
DA:71,0
DA:79,0
DA:80,0
DA:81,0
DA:82,0
DA:83,0
DA:84,0
DA:85,0
DA:86,0
DA:88,0
DA:89,0
DA:90,0
DA:91,0
DA:92,0
DA:93,0
DA:94,0
DA:95,0
DA:96,0
DA:97,0
DA:98,0
DA:99,0
DA:101,0
DA:102,0
DA:103,0
DA:104,0
DA:105,0
DA:107,0
DA:108,0
DA:109,0
DA:110,0
DA:111,0
DA:112,0
DA:113,0
DA:116,0
DA:123,0
DA:127,0
DA:130,0
DA:131,0
DA:132,0
DA:136,0
DA:137,0
DA:138,0
DA:139,0
DA:140,0
DA:141,0
DA:143,0
DA:144,0
DA:145,0
DA:146,0
DA:147,0
DA:148,0
DA:149,0
DA:150,0
DA:153,0
DA:156,0
DA:157,0
DA:159,0
LF:88
LH:0
BRDA:15,0,0,0
BRDA:15,0,1,0
BRDA:15,1,0,0
BRDA:15,1,1,0
BRDA:15,2,0,0
BRDA:15,2,1,0
BRDA:16,3,0,0
BRDA:16,3,1,0
BRDA:16,4,0,0
BRDA:16,4,1,0
BRDA:16,5,0,0
BRDA:16,5,1,0
BRDA:17,6,0,0
BRDA:17,6,1,0
BRDA:18,7,0,0
BRDA:18,7,1,0
BRDA:19,8,0,0
BRDA:19,8,1,0
BRDA:19,9,0,0
BRDA:19,9,1,0
BRDA:20,10,0,0
BRDA:20,10,1,0
BRDA:21,11,0,0
BRDA:21,11,1,0
BRDA:33,12,0,0
BRDA:33,12,1,0
BRDA:33,13,0,0
BRDA:33,13,1,0
BRDA:33,14,0,0
BRDA:33,14,1,0
BRDA:37,15,0,0
BRDA:37,15,1,0
BRDA:55,16,0,0
BRDA:55,16,1,0
BRDA:57,17,0,0
BRDA:57,17,1,0
BRDA:58,18,0,0
BRDA:58,18,1,0
BRDA:62,19,0,0
BRDA:62,19,1,0
BRDA:63,20,0,0
BRDA:63,20,1,0
BRDA:63,21,0,0
BRDA:63,21,1,0
BRDA:63,22,0,0
BRDA:63,22,1,0
BRDA:63,23,0,0
BRDA:63,23,1,0
BRDA:70,24,0,0
BRDA:70,24,1,0
BRDA:70,25,0,0
BRDA:70,25,1,0
BRDA:71,26,0,0
BRDA:71,26,1,0
BRDA:71,27,0,0
BRDA:71,27,1,0
BRDA:72,28,0,0
BRDA:72,28,1,0
BRDA:84,29,0,0
BRDA:84,29,1,0
BRDA:84,30,0,0
BRDA:84,30,1,0
BRDA:85,31,0,0
BRDA:85,31,1,0
BRDA:85,32,0,0
BRDA:85,32,1,0
BRDA:93,33,0,0
BRDA:93,33,1,0
BRDA:95,34,0,0
BRDA:95,34,1,0
BRDA:97,35,0,0
BRDA:97,35,1,0
BRDA:102,36,0,0
BRDA:102,36,1,0
BRDA:117,37,0,0
BRDA:117,37,1,0
BRDA:117,38,0,0
BRDA:117,38,1,0
BRDA:119,39,0,0
BRDA:119,39,1,0
BRDA:121,40,0,0
BRDA:121,40,1,0
BRDA:123,41,0,0
BRDA:123,41,1,0
BRDA:123,42,0,0
BRDA:123,42,1,0
BRDA:127,43,0,0
BRDA:127,43,1,0
BRDA:131,44,0,0
BRDA:131,44,1,0
BRDA:131,45,0,0
BRDA:131,45,1,0
BRDA:143,46,0,0
BRDA:143,46,1,0
BRDA:144,47,0,0
BRDA:144,47,1,0
BRDA:146,48,0,0
BRDA:146,48,1,0
BRDA:146,49,0,0
BRDA:146,49,1,0
BRDA:149,50,0,0
BRDA:149,50,1,0
BRDA:154,51,0,0
BRDA:154,51,1,0
BRDA:155,52,0,0
BRDA:155,52,1,0
BRDA:157,53,0,0
BRDA:157,53,1,0
BRDA:157,54,0,0
BRDA:157,54,1,0
BRF:110
BRH:0
end_of_record
TN:
SF:src\pages\bank\Modules.tsx
FN:15,(anonymous_0)
FN:16,(anonymous_1)
FN:18,BankModules
FN:27,(anonymous_3)
FN:32,(anonymous_4)
FN:37,(anonymous_5)
FN:41,(anonymous_6)
FN:51,(anonymous_7)
FN:52,(anonymous_8)
FN:55,(anonymous_9)
FN:61,(anonymous_10)
FN:66,(anonymous_11)
FN:69,(anonymous_12)
FN:77,(anonymous_13)
FN:78,(anonymous_14)
FN:84,(anonymous_15)
FN:99,(anonymous_16)
FN:103,(anonymous_17)
FN:121,(anonymous_18)
FN:122,(anonymous_19)
FN:126,(anonymous_20)
FN:135,(anonymous_21)
FN:151,(anonymous_22)
FN:156,(anonymous_23)
FN:224,(anonymous_24)
FN:231,(anonymous_25)
FN:275,(anonymous_26)
FN:327,(anonymous_27)
FN:359,(anonymous_28)
FN:374,(anonymous_29)
FN:400,(anonymous_30)
FNF:31
FNH:0
FNDA:0,(anonymous_0)
FNDA:0,(anonymous_1)
FNDA:0,BankModules
FNDA:0,(anonymous_3)
FNDA:0,(anonymous_4)
FNDA:0,(anonymous_5)
FNDA:0,(anonymous_6)
FNDA:0,(anonymous_7)
FNDA:0,(anonymous_8)
FNDA:0,(anonymous_9)
FNDA:0,(anonymous_10)
FNDA:0,(anonymous_11)
FNDA:0,(anonymous_12)
FNDA:0,(anonymous_13)
FNDA:0,(anonymous_14)
FNDA:0,(anonymous_15)
FNDA:0,(anonymous_16)
FNDA:0,(anonymous_17)
FNDA:0,(anonymous_18)
FNDA:0,(anonymous_19)
FNDA:0,(anonymous_20)
FNDA:0,(anonymous_21)
FNDA:0,(anonymous_22)
FNDA:0,(anonymous_23)
FNDA:0,(anonymous_24)
FNDA:0,(anonymous_25)
FNDA:0,(anonymous_26)
FNDA:0,(anonymous_27)
FNDA:0,(anonymous_28)
FNDA:0,(anonymous_29)
FNDA:0,(anonymous_30)
DA:15,0
DA:16,0
DA:19,0
DA:20,0
DA:21,0
DA:22,0
DA:23,0
DA:24,0
DA:25,0
DA:27,0
DA:28,0
DA:29,0
DA:32,0
DA:33,0
DA:35,0
DA:37,0
DA:38,0
DA:40,0
DA:41,0
DA:42,0
DA:45,0
DA:46,0
DA:49,0
DA:51,0
DA:52,0
DA:55,0
DA:56,0
DA:57,0
DA:61,0
DA:62,0
DA:63,0
DA:66,0
DA:69,0
DA:70,0
DA:71,0
DA:74,0
DA:77,0
DA:78,0
DA:84,0
DA:85,0
DA:86,0
DA:89,0
DA:90,0
DA:91,0
DA:99,0
DA:100,0
DA:102,0
DA:103,0
DA:112,0
DA:114,0
DA:115,0
DA:117,0
DA:121,0
DA:122,0
DA:126,0
DA:127,0
DA:128,0
DA:129,0
DA:130,0
DA:133,0
DA:135,0
DA:136,0
DA:137,0
DA:138,0
DA:139,0
DA:142,0
DA:143,0
DA:144,0
DA:149,0
DA:151,0
DA:152,0
DA:156,0
DA:157,0
DA:158,0
DA:159,0
DA:160,0
DA:161,0
DA:166,0
DA:168,0
DA:169,0
DA:171,0
DA:175,0
DA:225,0
DA:226,0
DA:227,0
DA:231,0
DA:276,0
DA:328,0
DA:330,0
DA:336,0
DA:359,0
DA:374,0
DA:400,0
LF:93
LH:0
BRDA:15,0,0,0
BRDA:15,0,1,0
BRDA:16,1,0,0
BRDA:16,1,1,0
BRDA:29,2,0,0
BRDA:29,2,1,0
BRDA:29,3,0,0
BRDA:29,3,1,0
BRDA:32,4,0,0
BRDA:32,4,1,0
BRDA:33,5,0,0
BRDA:33,5,1,0
BRDA:35,6,0,0
BRDA:35,6,1,0
BRDA:35,7,0,0
BRDA:35,7,1,0
BRDA:38,8,0,0
BRDA:38,8,1,0
BRDA:40,9,0,0
BRDA:40,9,1,0
BRDA:41,10,0,0
BRDA:41,10,1,0
BRDA:42,11,0,0
BRDA:42,11,1,0
BRDA:45,12,0,0
BRDA:45,12,1,0
BRDA:50,13,0,0
BRDA:50,13,1,0
BRDA:51,14,0,0
BRDA:51,14,1,0
BRDA:57,15,0,0
BRDA:57,15,1,0
BRDA:62,16,0,0
BRDA:62,16,1,0
BRDA:70,17,0,0
BRDA:70,17,1,0
BRDA:74,18,0,0
BRDA:74,18,1,0
BRDA:74,19,0,0
BRDA:74,19,1,0
BRDA:85,20,0,0
BRDA:85,20,1,0
BRDA:102,21,0,0
BRDA:102,21,1,0
BRDA:106,22,0,0
BRDA:106,22,1,0
BRDA:106,23,0,0
BRDA:106,23,1,0
BRDA:122,24,0,0
BRDA:122,24,1,0
BRDA:128,25,0,0
BRDA:128,25,1,0
BRDA:138,26,0,0
BRDA:138,26,1,0
BRDA:143,27,0,0
BRDA:143,27,1,0
BRDA:162,28,0,0
BRDA:162,28,1,0
BRDA:162,28,2,0
BRDA:163,29,0,0
BRDA:163,29,1,0
BRDA:181,30,0,0
BRDA:181,30,1,0
BRDA:186,31,0,0
BRDA:186,31,1,0
BRDA:205,32,0,0
BRDA:205,32,1,0
BRDA:208,33,0,0
BRDA:208,33,1,0
BRDA:208,34,0,0
BRDA:208,34,1,0
BRDA:208,35,0,0
BRDA:208,35,1,0
BRDA:219,36,0,0
BRDA:219,36,1,0
BRDA:233,37,0,0
BRDA:233,37,1,0
BRDA:238,38,0,0
BRDA:238,38,1,0
BRDA:240,39,0,0
BRDA:240,39,1,0
BRDA:240,40,0,0
BRDA:240,40,1,0
BRDA:252,41,0,0
BRDA:252,41,1,0
BRDA:252,41,2,0
BRDA:256,42,0,0
BRDA:256,42,1,0
BRDA:264,43,0,0
BRDA:264,43,1,0
BRDA:269,44,0,0
BRDA:269,44,1,0
BRDA:279,45,0,0
BRDA:279,45,1,0
BRDA:279,46,0,0
BRDA:279,46,1,0
BRDA:287,47,0,0
BRDA:287,47,1,0
BRDA:287,48,0,0
BRDA:287,48,1,0
BRDA:296,49,0,0
BRDA:296,49,1,0
BRDA:296,49,2,0
BRDA:299,50,0,0
BRDA:299,50,1,0
BRDA:305,51,0,0
BRDA:305,51,1,0
BRDA:306,52,0,0
BRDA:306,52,1,0
BRDA:309,53,0,0
BRDA:309,53,1,0
BRDA:309,54,0,0
BRDA:309,54,1,0
BRDA:321,55,0,0
BRDA:321,55,1,0
BRDA:325,56,0,0
BRDA:325,56,1,0
BRDA:330,57,0,0
BRDA:330,57,1,0
BRDA:332,58,0,0
BRDA:332,58,1,0
BRDA:346,59,0,0
BRDA:346,59,1,0
BRDA:349,60,0,0
BRDA:349,60,1,0
BRDA:350,61,0,0
BRDA:350,61,1,0
BRDA:361,62,0,0
BRDA:361,62,1,0
BRDA:363,63,0,0
BRDA:363,63,1,0
BRDA:381,64,0,0
BRDA:381,64,1,0
BRDA:397,65,0,0
BRDA:397,65,1,0
BRDA:402,66,0,0
BRDA:402,66,1,0
BRDA:404,67,0,0
BRDA:404,67,1,0
BRF:139
BRH:0
end_of_record
TN:
SF:src\pages\bank\Parameters.tsx
FN:10,BankParameters
FN:26,(anonymous_1)
FN:41,(anonymous_2)
FN:42,(anonymous_3)
FN:45,(anonymous_4)
FN:48,(anonymous_5)
FN:51,(anonymous_6)
FN:101,(anonymous_7)
FN:108,(anonymous_8)
FN:116,(anonymous_9)
FN:123,(anonymous_10)
FN:145,(anonymous_11)
FN:153,(anonymous_12)
FN:163,(anonymous_13)
FN:172,(anonymous_14)
FN:197,(anonymous_15)
FN:239,(anonymous_16)
FNF:17
FNH:0
FNDA:0,BankParameters
FNDA:0,(anonymous_1)
FNDA:0,(anonymous_2)
FNDA:0,(anonymous_3)
FNDA:0,(anonymous_4)
FNDA:0,(anonymous_5)
FNDA:0,(anonymous_6)
FNDA:0,(anonymous_7)
FNDA:0,(anonymous_8)
FNDA:0,(anonymous_9)
FNDA:0,(anonymous_10)
FNDA:0,(anonymous_11)
FNDA:0,(anonymous_12)
FNDA:0,(anonymous_13)
FNDA:0,(anonymous_14)
FNDA:0,(anonymous_15)
FNDA:0,(anonymous_16)
DA:11,0
DA:12,0
DA:13,0
DA:26,0
DA:27,0
DA:41,0
DA:42,0
DA:45,0
DA:46,0
DA:47,0
DA:48,0
DA:49,0
DA:50,0
DA:51,0
DA:53,0
DA:54,0
DA:55,0
DA:59,0
DA:60,0
DA:70,0
DA:101,0
DA:108,0
DA:116,0
DA:123,0
DA:145,0
DA:153,0
DA:163,0
DA:172,0
DA:197,0
DA:239,0
LF:30
LH:0
BRDA:28,0,0,0
BRDA:28,0,1,0
BRDA:29,1,0,0
BRDA:29,1,1,0
BRDA:30,2,0,0
BRDA:30,2,1,0
BRDA:37,3,0,0
BRDA:37,3,1,0
BRDA:37,3,2,0
BRDA:59,4,0,0
BRDA:59,4,1,0
BRDA:76,5,0,0
BRDA:76,5,1,0
BRDA:83,6,0,0
BRDA:83,6,1,0
BRDA:145,7,0,0
BRDA:145,7,1,0
BRDA:153,8,0,0
BRDA:153,8,1,0
BRDA:202,9,0,0
BRDA:202,9,1,0
BRDA:203,10,0,0
BRDA:203,10,1,0
BRDA:248,11,0,0
BRDA:248,11,1,0
BRDA:249,12,0,0
BRDA:249,12,1,0
BRDA:263,13,0,0
BRDA:263,13,1,0
BRDA:265,14,0,0
BRDA:265,14,1,0
BRDA:271,15,0,0
BRDA:271,15,1,0
BRF:33
BRH:0
end_of_record
TN:
SF:src\pages\bank\ProductManagement.tsx
FNF:0
FNH:0
LF:0
LH:0
BRF:0
BRH:0
end_of_record
TN:
SF:src\pages\bank\Products.tsx
FN:104,(anonymous_0)
FN:105,(anonymous_1)
FN:106,(anonymous_2)
FN:107,(anonymous_3)
FN:114,(anonymous_4)
FN:140,(anonymous_5)
FN:142,(anonymous_6)
FN:148,(anonymous_7)
FN:166,(anonymous_8)
FN:172,BankProducts
FN:194,(anonymous_10)
FN:213,(anonymous_11)
FN:222,(anonymous_12)
FN:223,(anonymous_13)
FN:226,(anonymous_14)
FN:227,(anonymous_15)
FN:233,(anonymous_16)
FN:234,(anonymous_17)
FN:238,(anonymous_18)
FN:244,(anonymous_19)
FN:247,(anonymous_20)
FN:248,(anonymous_21)
FN:249,(anonymous_22)
FN:259,(anonymous_23)
FN:265,(anonymous_24)
FN:274,(anonymous_25)
FN:279,(anonymous_26)
FN:297,(anonymous_27)
FN:302,(anonymous_28)
FN:310,(anonymous_29)
FN:315,(anonymous_30)
FN:328,(anonymous_31)
FN:338,(anonymous_32)
FN:348,(anonymous_33)
FN:356,(anonymous_34)
FN:377,(anonymous_35)
FN:382,(anonymous_36)
FN:400,(anonymous_37)
FN:438,(anonymous_38)
FN:439,(anonymous_39)
FN:469,(anonymous_40)
FN:493,(anonymous_41)
FN:496,(anonymous_42)
FN:516,(anonymous_43)
FN:571,(anonymous_44)
FN:596,(anonymous_45)
FN:603,(anonymous_46)
FN:644,(anonymous_47)
FN:644,(anonymous_48)
FN:647,(anonymous_49)
FN:657,(anonymous_50)
FN:657,(anonymous_51)
FN:668,(anonymous_52)
FN:668,(anonymous_53)
FN:678,(anonymous_54)
FN:704,(anonymous_55)
FN:704,(anonymous_56)
FN:732,(anonymous_57)
FN:732,(anonymous_58)
FN:743,(anonymous_59)
FN:744,(anonymous_60)
FN:765,(anonymous_61)
FN:766,(anonymous_62)
FN:867,(anonymous_63)
FNF:64
FNH:0
FNDA:0,(anonymous_0)
FNDA:0,(anonymous_1)
FNDA:0,(anonymous_2)
FNDA:0,(anonymous_3)
FNDA:0,(anonymous_4)
FNDA:0,(anonymous_5)
FNDA:0,(anonymous_6)
FNDA:0,(anonymous_7)
FNDA:0,(anonymous_8)
FNDA:0,BankProducts
FNDA:0,(anonymous_10)
FNDA:0,(anonymous_11)
FNDA:0,(anonymous_12)
FNDA:0,(anonymous_13)
FNDA:0,(anonymous_14)
FNDA:0,(anonymous_15)
FNDA:0,(anonymous_16)
FNDA:0,(anonymous_17)
FNDA:0,(anonymous_18)
FNDA:0,(anonymous_19)
FNDA:0,(anonymous_20)
FNDA:0,(anonymous_21)
FNDA:0,(anonymous_22)
FNDA:0,(anonymous_23)
FNDA:0,(anonymous_24)
FNDA:0,(anonymous_25)
FNDA:0,(anonymous_26)
FNDA:0,(anonymous_27)
FNDA:0,(anonymous_28)
FNDA:0,(anonymous_29)
FNDA:0,(anonymous_30)
FNDA:0,(anonymous_31)
FNDA:0,(anonymous_32)
FNDA:0,(anonymous_33)
FNDA:0,(anonymous_34)
FNDA:0,(anonymous_35)
FNDA:0,(anonymous_36)
FNDA:0,(anonymous_37)
FNDA:0,(anonymous_38)
FNDA:0,(anonymous_39)
FNDA:0,(anonymous_40)
FNDA:0,(anonymous_41)
FNDA:0,(anonymous_42)
FNDA:0,(anonymous_43)
FNDA:0,(anonymous_44)
FNDA:0,(anonymous_45)
FNDA:0,(anonymous_46)
FNDA:0,(anonymous_47)
FNDA:0,(anonymous_48)
FNDA:0,(anonymous_49)
FNDA:0,(anonymous_50)
FNDA:0,(anonymous_51)
FNDA:0,(anonymous_52)
FNDA:0,(anonymous_53)
FNDA:0,(anonymous_54)
FNDA:0,(anonymous_55)
FNDA:0,(anonymous_56)
FNDA:0,(anonymous_57)
FNDA:0,(anonymous_58)
FNDA:0,(anonymous_59)
FNDA:0,(anonymous_60)
FNDA:0,(anonymous_61)
FNDA:0,(anonymous_62)
FNDA:0,(anonymous_63)
DA:37,0
DA:44,0
DA:45,0
DA:101,0
DA:102,0
DA:104,0
DA:105,0
DA:106,0
DA:107,0
DA:114,0
DA:118,0
DA:119,0
DA:122,0
DA:123,0
DA:125,0
DA:126,0
DA:129,0
DA:130,0
DA:133,0
DA:134,0
DA:137,0
DA:140,0
DA:141,0
DA:142,0
DA:143,0
DA:146,0
DA:148,0
DA:149,0
DA:150,0
DA:153,0
DA:154,0
DA:155,0
DA:158,0
DA:166,0
DA:167,0
DA:168,0
DA:173,0
DA:174,0
DA:175,0
DA:176,0
DA:177,0
DA:178,0
DA:179,0
DA:180,0
DA:181,0
DA:182,0
DA:183,0
DA:184,0
DA:185,0
DA:186,0
DA:187,0
DA:188,0
DA:189,0
DA:190,0
DA:192,0
DA:194,0
DA:195,0
DA:196,0
DA:199,0
DA:200,0
DA:201,0
DA:202,0
DA:203,0
DA:205,0
DA:206,0
DA:207,0
DA:209,0
DA:213,0
DA:214,0
DA:215,0
DA:216,0
DA:219,0
DA:222,0
DA:223,0
DA:226,0
DA:227,0
DA:228,0
DA:229,0
DA:233,0
DA:234,0
DA:238,0
DA:239,0
DA:240,0
DA:243,0
DA:244,0
DA:247,0
DA:248,0
DA:249,0
DA:251,0
DA:259,0
DA:260,0
DA:261,0
DA:262,0
DA:265,0
DA:266,0
DA:267,0
DA:268,0
DA:269,0
DA:270,0
DA:271,0
DA:274,0
DA:275,0
DA:276,0
DA:279,0
DA:280,0
DA:281,0
DA:282,0
DA:288,0
DA:289,0
DA:290,0
DA:291,0
DA:292,0
DA:293,0
DA:294,0
DA:297,0
DA:298,0
DA:299,0
DA:302,0
DA:303,0
DA:304,0
DA:306,0
DA:307,0
DA:310,0
DA:311,0
DA:312,0
DA:315,0
DA:316,0
DA:317,0
DA:318,0
DA:319,0
DA:320,0
DA:323,0
DA:324,0
DA:325,0
DA:328,0
DA:329,0
DA:330,0
DA:331,0
DA:332,0
DA:333,0
DA:336,0
DA:338,0
DA:339,0
DA:340,0
DA:341,0
DA:342,0
DA:343,0
DA:346,0
DA:347,0
DA:348,0
DA:354,0
DA:355,0
DA:357,0
DA:358,0
DA:362,0
DA:363,0
DA:364,0
DA:365,0
DA:366,0
DA:369,0
DA:370,0
DA:375,0
DA:377,0
DA:378,0
DA:382,0
DA:383,0
DA:384,0
DA:385,0
DA:387,0
DA:388,0
DA:389,0
DA:391,0
DA:392,0
DA:393,0
DA:396,0
DA:397,0
DA:399,0
DA:400,0
DA:405,0
DA:415,0
DA:416,0
DA:417,0
DA:419,0
DA:420,0
DA:423,0
DA:424,0
DA:426,0
DA:427,0
DA:428,0
DA:430,0
DA:434,0
DA:435,0
DA:436,0
DA:438,0
DA:439,0
DA:442,0
DA:470,0
DA:493,0
DA:496,0
DA:517,0
DA:518,0
DA:519,0
DA:521,0
DA:572,0
DA:596,0
DA:603,0
DA:644,0
DA:647,0
DA:657,0
DA:668,0
DA:678,0
DA:704,0
DA:732,0
DA:734,0
DA:735,0
DA:737,0
DA:738,0
DA:744,0
DA:757,0
DA:766,0
DA:868,0
LF:221
LH:0
BRDA:104,0,0,0
BRDA:104,0,1,0
BRDA:105,1,0,0
BRDA:105,1,1,0
BRDA:108,2,0,0
BRDA:108,2,1,0
BRDA:118,3,0,0
BRDA:118,3,1,0
BRDA:118,4,0,0
BRDA:118,4,1,0
BRDA:125,5,0,0
BRDA:125,5,1,0
BRDA:129,6,0,0
BRDA:129,6,1,0
BRDA:133,7,0,0
BRDA:133,7,1,0
BRDA:141,8,0,0
BRDA:141,8,1,0
BRDA:142,9,0,0
BRDA:142,9,1,0
BRDA:142,10,0,0
BRDA:142,10,1,0
BRDA:149,11,0,0
BRDA:149,11,1,0
BRDA:149,12,0,0
BRDA:149,12,1,0
BRDA:149,12,2,0
BRDA:154,13,0,0
BRDA:154,13,1,0
BRDA:167,14,0,0
BRDA:167,14,1,0
BRDA:192,15,0,0
BRDA:192,15,1,0
BRDA:192,15,2,0
BRDA:195,16,0,0
BRDA:195,16,1,0
BRDA:203,17,0,0
BRDA:203,17,1,0
BRDA:214,18,0,0
BRDA:214,18,1,0
BRDA:234,19,0,0
BRDA:234,19,1,0
BRDA:239,20,0,0
BRDA:239,20,1,0
BRDA:285,21,0,0
BRDA:285,21,1,0
BRDA:286,22,0,0
BRDA:286,22,1,0
BRDA:292,23,0,0
BRDA:292,23,1,0
BRDA:303,24,0,0
BRDA:303,24,1,0
BRDA:316,25,0,0
BRDA:316,25,1,0
BRDA:319,26,0,0
BRDA:319,26,1,0
BRDA:319,27,0,0
BRDA:319,27,1,0
BRDA:329,28,0,0
BRDA:329,28,1,0
BRDA:329,29,0,0
BRDA:329,29,1,0
BRDA:342,30,0,0
BRDA:342,30,1,0
BRDA:346,31,0,0
BRDA:346,31,1,0
BRDA:348,32,0,0
BRDA:348,32,1,0
BRDA:348,33,0,0
BRDA:348,33,1,0
BRDA:350,34,0,0
BRDA:350,34,1,0
BRDA:357,35,0,0
BRDA:357,35,1,0
BRDA:363,36,0,0
BRDA:363,36,1,0
BRDA:369,37,0,0
BRDA:369,37,1,0
BRDA:383,38,0,0
BRDA:383,38,1,0
BRDA:387,39,0,0
BRDA:387,39,1,0
BRDA:391,40,0,0
BRDA:391,40,1,0
BRDA:402,41,0,0
BRDA:402,41,1,0
BRDA:409,42,0,0
BRDA:409,42,1,0
BRDA:410,43,0,0
BRDA:410,43,1,0
BRDA:415,44,0,0
BRDA:415,44,1,0
BRDA:434,45,0,0
BRDA:434,45,1,0
BRDA:435,46,0,0
BRDA:435,46,1,0
BRDA:436,47,0,0
BRDA:436,47,1,0
BRDA:439,48,0,0
BRDA:439,48,1,0
BRDA:439,49,0,0
BRDA:439,49,1,0
BRDA:456,50,0,0
BRDA:456,50,1,0
BRDA:462,51,0,0
BRDA:462,51,1,0
BRDA:462,51,2,0
BRDA:464,52,0,0
BRDA:464,52,1,0
BRDA:505,53,0,0
BRDA:505,53,1,0
BRDA:505,54,0,0
BRDA:505,54,1,0
BRDA:510,55,0,0
BRDA:510,55,1,0
BRDA:518,56,0,0
BRDA:518,56,1,0
BRDA:518,57,0,0
BRDA:518,57,1,0
BRDA:527,58,0,0
BRDA:527,58,1,0
BRDA:547,59,0,0
BRDA:547,59,1,0
BRDA:547,59,2,0
BRDA:549,60,0,0
BRDA:549,60,1,0
BRDA:550,61,0,0
BRDA:550,61,1,0
BRDA:561,62,0,0
BRDA:561,62,1,0
BRDA:569,63,0,0
BRDA:569,63,1,0
BRDA:577,64,0,0
BRDA:577,64,1,0
BRDA:580,65,0,0
BRDA:580,65,1,0
BRDA:620,66,0,0
BRDA:620,66,1,0
BRDA:634,67,0,0
BRDA:634,67,1,0
BRDA:678,68,0,0
BRDA:678,68,1,0
BRDA:688,69,0,0
BRDA:688,69,1,0
BRDA:714,70,0,0
BRDA:714,70,1,0
BRDA:719,71,0,0
BRDA:719,71,1,0
BRDA:722,72,0,0
BRDA:722,72,1,0
BRDA:726,73,0,0
BRDA:726,73,1,0
BRDA:726,74,0,0
BRDA:726,74,1,0
BRDA:734,75,0,0
BRDA:734,75,1,0
BRDA:737,76,0,0
BRDA:737,76,1,0
BRDA:761,77,0,0
BRDA:761,77,1,0
BRDA:762,78,0,0
BRDA:762,78,1,0
BRDA:763,79,0,0
BRDA:763,79,1,0
BRDA:787,80,0,0
BRDA:787,80,1,0
BRDA:788,81,0,0
BRDA:788,81,1,0
BRDA:790,82,0,0
BRDA:790,82,1,0
BRDA:799,83,0,0
BRDA:799,83,1,0
BRDA:802,84,0,0
BRDA:802,84,1,0
BRDA:806,85,0,0
BRDA:806,85,1,0
BRDA:822,86,0,0
BRDA:822,86,1,0
BRDA:825,87,0,0
BRDA:825,87,1,0
BRDA:826,88,0,0
BRDA:826,88,1,0
BRDA:826,89,0,0
BRDA:826,89,1,0
BRDA:832,90,0,0
BRDA:832,90,1,0
BRDA:833,91,0,0
BRDA:833,91,1,0
BRDA:833,92,0,0
BRDA:833,92,1,0
BRDA:841,93,0,0
BRDA:841,93,1,0
BRDA:849,94,0,0
BRDA:849,94,1,0
BRDA:849,94,2,0
BRDA:865,95,0,0
BRDA:865,95,1,0
BRDA:870,96,0,0
BRDA:870,96,1,0
BRDA:872,97,0,0
BRDA:872,97,1,0
BRF:201
BRH:0
end_of_record
TN:
SF:src\pages\bank\Requests.tsx
FN:28,(anonymous_0)
FN:31,(anonymous_1)
FN:35,(anonymous_2)
FN:37,(anonymous_3)
FN:44,(anonymous_4)
FN:46,BankRequests
FN:56,(anonymous_6)
FN:70,(anonymous_7)
FN:83,(anonymous_8)
FN:96,(anonymous_9)
FN:100,(anonymous_10)
FN:113,(anonymous_11)
FN:122,(anonymous_12)
FN:126,(anonymous_13)
FN:131,(anonymous_14)
FN:141,(anonymous_15)
FN:142,(anonymous_16)
FN:143,(anonymous_17)
FN:144,(anonymous_18)
FN:147,(anonymous_19)
FN:182,(anonymous_20)
FN:260,(anonymous_21)
FN:343,(anonymous_22)
FN:356,(anonymous_23)
FNF:24
FNH:0
FNDA:0,(anonymous_0)
FNDA:0,(anonymous_1)
FNDA:0,(anonymous_2)
FNDA:0,(anonymous_3)
FNDA:0,(anonymous_4)
FNDA:0,BankRequests
FNDA:0,(anonymous_6)
FNDA:0,(anonymous_7)
FNDA:0,(anonymous_8)
FNDA:0,(anonymous_9)
FNDA:0,(anonymous_10)
FNDA:0,(anonymous_11)
FNDA:0,(anonymous_12)
FNDA:0,(anonymous_13)
FNDA:0,(anonymous_14)
FNDA:0,(anonymous_15)
FNDA:0,(anonymous_16)
FNDA:0,(anonymous_17)
FNDA:0,(anonymous_18)
FNDA:0,(anonymous_19)
FNDA:0,(anonymous_20)
FNDA:0,(anonymous_21)
FNDA:0,(anonymous_22)
FNDA:0,(anonymous_23)
DA:14,0
DA:20,0
DA:28,0
DA:29,0
DA:31,0
DA:32,0
DA:35,0
DA:37,0
DA:38,0
DA:44,0
DA:47,0
DA:48,0
DA:49,0
DA:50,0
DA:51,0
DA:52,0
DA:53,0
DA:54,0
DA:55,0
DA:56,0
DA:57,0
DA:58,0
DA:60,0
DA:61,0
DA:63,0
DA:64,0
DA:65,0
DA:67,0
DA:70,0
DA:71,0
DA:72,0
DA:73,0
DA:74,0
DA:75,0
DA:78,0
DA:79,0
DA:80,0
DA:81,0
DA:82,0
DA:84,0
DA:89,0
DA:90,0
DA:92,0
DA:96,0
DA:97,0
DA:100,0
DA:101,0
DA:102,0
DA:103,0
DA:104,0
DA:107,0
DA:108,0
DA:109,0
DA:112,0
DA:113,0
DA:115,0
DA:116,0
DA:117,0
DA:118,0
DA:121,0
DA:123,0
DA:124,0
DA:127,0
DA:131,0
DA:132,0
DA:134,0
DA:135,0
DA:136,0
DA:137,0
DA:141,0
DA:142,0
DA:143,0
DA:144,0
DA:147,0
DA:148,0
DA:183,0
DA:184,0
DA:195,0
DA:261,0
DA:344,0
DA:357,0
LF:81
LH:0
BRDA:29,0,0,0
BRDA:29,0,1,0
BRDA:32,1,0,0
BRDA:32,1,1,0
BRDA:32,2,0,0
BRDA:32,2,1,0
BRDA:35,3,0,0
BRDA:35,3,1,0
BRDA:42,4,0,0
BRDA:42,4,1,0
BRDA:44,5,0,0
BRDA:44,5,1,0
BRDA:44,5,2,0
BRDA:57,6,0,0
BRDA:57,6,1,0
BRDA:60,7,0,0
BRDA:60,7,1,0
BRDA:63,8,0,0
BRDA:63,8,1,0
BRDA:65,9,0,0
BRDA:65,9,1,0
BRDA:71,10,0,0
BRDA:71,10,1,0
BRDA:74,11,0,0
BRDA:74,11,1,0
BRDA:84,12,0,0
BRDA:84,12,1,0
BRDA:84,12,2,0
BRDA:84,12,3,0
BRDA:102,13,0,0
BRDA:102,13,1,0
BRDA:108,14,0,0
BRDA:108,14,1,0
BRDA:108,15,0,0
BRDA:108,15,1,0
BRDA:108,15,2,0
BRDA:115,16,0,0
BRDA:115,16,1,0
BRDA:134,17,0,0
BRDA:134,17,1,0
BRDA:152,18,0,0
BRDA:152,18,1,0
BRDA:168,19,0,0
BRDA:168,19,1,0
BRDA:201,20,0,0
BRDA:201,20,1,0
BRDA:208,21,0,0
BRDA:208,21,1,0
BRDA:210,22,0,0
BRDA:210,22,1,0
BRDA:249,23,0,0
BRDA:249,23,1,0
BRDA:254,24,0,0
BRDA:254,24,1,0
BRDA:274,25,0,0
BRDA:274,25,1,0
BRDA:292,26,0,0
BRDA:292,26,1,0
BRDA:297,27,0,0
BRDA:297,27,1,0
BRDA:304,28,0,0
BRDA:304,28,1,0
BRDA:312,29,0,0
BRDA:312,29,1,0
BRDA:316,30,0,0
BRDA:316,30,1,0
BRDA:320,31,0,0
BRDA:320,31,1,0
BRDA:324,32,0,0
BRDA:324,32,1,0
BRDA:329,33,0,0
BRDA:329,33,1,0
BRDA:340,34,0,0
BRDA:340,34,1,0
BRDA:340,35,0,0
BRDA:340,35,1,0
BRDA:348,36,0,0
BRDA:348,36,1,0
BRDA:353,37,0,0
BRDA:353,37,1,0
BRDA:353,38,0,0
BRDA:353,38,1,0
BRDA:357,39,0,0
BRDA:357,39,1,0
BRDA:344,40,0,0
BRDA:344,40,1,0
BRF:86
BRH:0
end_of_record
TN:
SF:src\pages\bank\Stores.tsx
FN:39,(anonymous_0)
FN:40,(anonymous_1)
FN:41,(anonymous_2)
FN:48,(anonymous_3)
FN:49,(anonymous_4)
FN:50,(anonymous_5)
FN:51,(anonymous_6)
FN:53,(anonymous_7)
FN:55,(anonymous_8)
FN:69,BankStores
FN:92,(anonymous_10)
FN:97,(anonymous_11)
FN:102,(anonymous_12)
FN:103,(anonymous_13)
FN:109,(anonymous_14)
FN:110,(anonymous_15)
FN:113,(anonymous_16)
FN:122,(anonymous_17)
FN:138,(anonymous_18)
FN:143,(anonymous_19)
FN:146,(anonymous_20)
FN:169,(anonymous_21)
FN:174,(anonymous_22)
FN:178,(anonymous_23)
[...]
BRDA:185,50,0,0
BRDA:185,50,1,0
BRDA:185,51,0,0
BRDA:185,51,1,0
BRDA:189,52,0,0
BRDA:189,52,1,0
BRDA:194,53,0,0
BRDA:194,53,1,0
BRDA:199,54,0,0
BRDA:199,54,1,0
BRDA:209,55,0,0
BRDA:209,55,1,0
BRDA:216,56,0,0
BRDA:216,56,1,0
BRDA:228,57,0,0
BRDA:228,57,1,0
BRDA:236,58,0,0
BRDA:236,58,1,0
BRDA:266,59,0,0
BRDA:266,59,1,0
BRDA:266,60,0,0
BRDA:266,60,1,0
BRDA:272,61,0,0
BRDA:272,61,1,0
BRDA:275,62,0,0
BRDA:275,62,1,0
BRDA:281,63,0,0
BRDA:281,63,1,0
BRDA:299,64,0,0
BRDA:299,64,1,0
BRDA:366,65,0,0
BRDA:366,65,1,0
BRDA:377,66,0,0
BRDA:377,66,1,0
BRF:145
BRH:0
end_of_record
TN:
SF:src\services\aiAssistantService.ts
FN:5,(anonymous_0)
FNF:1
FNH:0
FNDA:0,(anonymous_0)
DA:4,1
DA:6,0
LF:2
LH:1
BRF:0
BRH:0
end_of_record
TN:
SF:src\services\auditService.ts
FN:58,(anonymous_0)
FN:59,(anonymous_1)
FN:62,(anonymous_2)
FN:69,(anonymous_3)
FN:74,(anonymous_4)
FN:79,(anonymous_5)
FNF:6
FNH:0
FNDA:0,(anonymous_0)
FNDA:0,(anonymous_1)
FNDA:0,(anonymous_2)
FNDA:0,(anonymous_3)
FNDA:0,(anonymous_4)
FNDA:0,(anonymous_5)
DA:58,1
DA:59,0
DA:61,1
DA:63,0
DA:66,0
DA:70,0
DA:71,0
DA:75,0
DA:76,0
DA:80,0
DA:84,0
LF:11
LH:2
BRDA:59,0,0,0
BRDA:59,0,1,0
BRDA:62,1,0,0
BRDA:79,2,0,0
BRDA:79,3,0,0
BRF:5
BRH:0
end_of_record
TN:
SF:src\services\authService.ts
FN:6,(anonymous_0)
FN:26,(anonymous_1)
FN:37,(anonymous_2)
FN:55,(anonymous_3)
FN:71,login
FN:92,getCurrentUser
FN:107,restoreSession
FN:124,refreshAccessToken
FN:139,forgotPassword
FN:147,resetPassword
FN:159,logout
FN:170,getRedirectUrl
FNF:12
FNH:12
FNDA:3,(anonymous_0)
FNDA:3,(anonymous_1)
FNDA:2,(anonymous_2)
FNDA:3,(anonymous_3)
FNDA:2,login
FNDA:2,getCurrentUser
FNDA:2,restoreSession
FNDA:2,refreshAccessToken
FNDA:2,forgotPassword
FNDA:2,resetPassword
FNDA:2,logout
FNDA:5,getRedirectUrl
DA:6,1
DA:7,3
DA:8,1
DA:11,2
DA:12,0
DA:15,2
DA:16,0
DA:19,2
DA:20,0
DA:23,2
DA:26,1
DA:27,3
DA:28,3
DA:29,0
DA:31,3
DA:32,0
DA:34,3
DA:37,1
DA:38,2
DA:39,0
DA:40,0
DA:41,0
DA:43,0
DA:44,0
DA:48,2
DA:49,2
DA:52,0
DA:55,3
DA:70,1
DA:72,2
DA:73,2
DA:79,1
DA:80,2
DA:81,2
DA:82,1
DA:85,1
DA:87,1
DA:88,1
DA:93,2
DA:94,2
DA:95,1
DA:96,2
DA:97,2
DA:98,1
DA:100,1
DA:102,1
DA:103,1
DA:108,2
DA:109,2
DA:110,1
DA:111,2
DA:112,2
DA:113,1
DA:116,1
DA:118,1
DA:119,1
DA:120,1
DA:125,2
DA:126,2
DA:127,1
DA:128,2
DA:129,1
DA:131,1
DA:133,1
DA:134,1
DA:135,1
DA:140,2
DA:141,2
DA:143,1
DA:148,2
DA:149,2
DA:155,1
DA:160,2
DA:161,2
DA:163,1
DA:165,2
DA:166,2
DA:171,5
DA:172,1
DA:175,4
DA:176,1
DA:179,3
DA:180,1
DA:183,2
DA:184,1
DA:187,1
LF:86
LH:75
BRDA:7,0,0,1
BRDA:7,0,1,2
BRDA:7,1,0,3
BRDA:7,1,1,2
BRDA:7,1,2,2
BRDA:11,2,0,0
BRDA:11,2,1,2
BRDA:11,3,0,2
BRDA:11,3,1,2
BRDA:11,3,2,2
BRDA:11,3,3,2
BRDA:11,3,4,2
BRDA:15,4,0,0
BRDA:15,4,1,2
BRDA:19,5,0,0
BRDA:19,5,1,2
BRDA:27,6,0,0
BRDA:27,6,1,3
BRDA:28,7,0,0
BRDA:28,7,1,3
BRDA:28,8,0,3
BRDA:28,8,1,0
BRDA:31,9,0,0
BRDA:31,9,1,3
BRDA:31,10,0,3
BRDA:31,10,1,0
BRDA:38,11,0,0
BRDA:38,11,1,2
BRDA:40,12,0,0
BRDA:40,12,1,0
BRDA:40,13,0,0
BRDA:40,13,1,0
BRDA:43,14,0,0
BRDA:43,14,1,0
BRDA:43,15,0,0
BRDA:43,15,1,0
BRDA:43,15,2,0
BRDA:43,15,3,0
BRDA:43,15,4,0
BRDA:48,16,0,2
BRDA:48,16,1,0
BRDA:48,17,0,2
BRDA:48,17,1,2
BRDA:56,18,0,3
BRDA:56,18,1,0
BRDA:56,19,0,0
BRDA:56,19,1,0
BRDA:56,19,2,0
BRDA:57,20,0,3
BRDA:57,20,1,3
BRDA:57,20,2,3
BRDA:57,20,3,0
BRDA:57,20,4,0
BRDA:58,21,0,3
BRDA:58,21,1,0
BRDA:58,21,2,0
BRDA:59,22,0,3
BRDA:59,22,1,3
BRDA:59,22,2,3
BRDA:60,23,0,3
BRDA:60,23,1,3
BRDA:60,23,2,3
BRDA:63,24,0,0
BRDA:63,24,1,3
BRDA:64,25,0,3
BRDA:64,25,1,3
BRDA:64,25,2,3
BRDA:79,26,0,1
BRDA:79,26,1,0
BRDA:80,27,0,2
BRDA:80,27,1,0
BRDA:81,28,0,1
BRDA:81,28,1,1
BRDA:95,29,0,1
BRDA:95,29,1,0
BRDA:96,30,0,2
BRDA:96,30,1,1
BRDA:97,31,0,1
BRDA:97,31,1,1
BRDA:110,32,0,1
BRDA:110,32,1,0
BRDA:111,33,0,2
BRDA:111,33,1,0
BRDA:112,34,0,1
BRDA:112,34,1,1
BRDA:127,35,0,1
BRDA:127,35,1,0
BRDA:127,35,2,0
BRDA:128,36,0,1
BRDA:128,36,1,1
BRDA:171,37,0,1
BRDA:171,37,1,4
BRDA:175,38,0,1
BRDA:175,38,1,3
BRDA:179,39,0,1
BRDA:179,39,1,2
BRDA:183,40,0,1
BRDA:183,40,1,1
BRF:98
BRH:61
end_of_record
TN:
SF:src\services\bankService.ts
FN:18,(anonymous_0)
FN:39,(anonymous_1)
FN:67,(anonymous_2)
FN:72,(anonymous_3)
FN:82,(anonymous_4)
FN:87,(anonymous_5)
FN:98,(anonymous_6)
FN:103,(anonymous_7)
FNF:8
FNH:8
FNDA:2,(anonymous_0)
FNDA:7,(anonymous_1)
FNDA:1,(anonymous_2)
FNDA:2,(anonymous_3)
FNDA:1,(anonymous_4)
FNDA:2,(anonymous_5)
FNDA:1,(anonymous_6)
FNDA:1,(anonymous_7)
DA:18,1
DA:19,2
DA:20,2
DA:21,2
DA:22,2
DA:23,2
DA:24,2
DA:25,2
DA:26,2
DA:27,2
DA:28,1
DA:30,2
DA:31,1
DA:33,2
DA:34,2
DA:36,2
DA:39,1
DA:40,7
DA:41,7
DA:42,7
DA:43,7
DA:44,7
DA:46,7
DA:66,1
DA:68,1
DA:69,1
DA:73,2
DA:74,2
DA:79,1
DA:83,1
DA:84,1
DA:88,2
DA:89,2
DA:94,1
DA:99,1
DA:100,1
DA:104,1
DA:105,1
LF:38
LH:38
BRDA:21,0,0,2
BRDA:21,0,1,2
BRDA:22,1,0,2
BRDA:22,1,1,2
BRDA:23,2,0,2
BRDA:23,2,1,2
BRDA:24,3,0,2
BRDA:24,3,1,2
BRDA:25,4,0,2
BRDA:25,4,1,2
BRDA:26,5,0,2
BRDA:26,5,1,2
BRDA:27,6,0,1
BRDA:27,6,1,1
BRDA:30,7,0,1
BRDA:30,7,1,1
BRDA:33,8,0,2
BRDA:33,8,1,0
BRDA:40,9,0,7
BRDA:40,9,1,0
BRDA:40,9,2,0
BRDA:40,9,3,0
BRDA:41,10,0,7
BRDA:41,10,1,0
BRDA:41,10,2,0
BRDA:42,11,0,7
BRDA:42,11,1,0
BRDA:42,11,2,0
BRDA:43,12,0,7
BRDA:43,12,1,0
BRDA:43,12,2,0
BRDA:44,13,0,7
BRDA:44,13,1,0
BRDA:44,13,2,0
BRDA:54,14,0,7
BRDA:54,14,1,0
BRDA:58,15,0,7
BRDA:58,15,1,7
BRDA:59,16,0,7
BRDA:59,16,1,7
BRDA:62,17,0,7
BRDA:62,17,1,7
BRDA:62,17,2,7
BRDA:74,18,0,1
BRDA:74,18,1,1
BRDA:89,19,0,1
BRDA:89,19,1,1
BRF:47
BRH:34
end_of_record
TN:
SF:src\services\bankTenantService.ts
FN:5,(anonymous_0)
FN:10,(anonymous_1)
FN:15,(anonymous_2)
FN:20,(anonymous_3)
FN:28,(anonymous_4)
FN:36,(anonymous_5)
FN:45,(anonymous_6)
FN:54,(anonymous_7)
FN:65,(anonymous_8)
FNF:9
FNH:0
FNDA:0,(anonymous_0)
FNDA:0,(anonymous_1)
FNDA:0,(anonymous_2)
FNDA:0,(anonymous_3)
FNDA:0,(anonymous_4)
FNDA:0,(anonymous_5)
FNDA:0,(anonymous_6)
FNDA:0,(anonymous_7)
FNDA:0,(anonymous_8)
DA:4,1
DA:6,0
DA:7,0
DA:11,0
DA:12,0
DA:16,0
DA:17,0
DA:21,0
DA:25,0
DA:29,0
DA:33,0
DA:37,0
DA:38,0
DA:39,0
DA:42,0
DA:46,0
DA:47,0
DA:48,0
DA:51,0
DA:55,0
DA:56,0
DA:57,0
DA:62,0
DA:66,0
DA:67,0
LF:25
LH:1
BRDA:17,0,0,0
BRDA:17,0,1,0
BRF:2
BRH:0
end_of_record
TN:
SF:src\services\certificateService.ts
FN:11,(anonymous_0)
FN:12,(anonymous_1)
FN:13,(anonymous_2)
FN:14,(anonymous_3)
FN:15,(anonymous_4)
FN:16,(anonymous_5)
FN:17,(anonymous_6)
FN:18,(anonymous_7)
FN:19,(anonymous_8)
FNF:9
FNH:0
FNDA:0,(anonymous_0)
FNDA:0,(anonymous_1)
FNDA:0,(anonymous_2)
FNDA:0,(anonymous_3)
FNDA:0,(anonymous_4)
FNDA:0,(anonymous_5)
FNDA:0,(anonymous_6)
FNDA:0,(anonymous_7)
FNDA:0,(anonymous_8)
DA:10,1
DA:11,0
DA:12,0
DA:13,0
DA:14,0
DA:15,0
DA:16,0
DA:17,0
DA:18,0
DA:19,0
LF:10
LH:1
BRF:0
BRH:0
end_of_record
TN:
SF:src\services\chatbotService.ts
FN:4,(anonymous_0)
FNF:1
FNH:0
FNDA:0,(anonymous_0)
DA:3,1
DA:5,0
LF:2
LH:1
BRF:0
BRH:0
end_of_record
TN:
SF:src\services\contentService.ts
FN:20,(anonymous_0)
FN:36,(anonymous_1)
FN:37,(anonymous_2)
FN:39,(anonymous_3)
FN:41,(anonymous_4)
FN:45,(anonymous_5)
FN:49,(anonymous_6)
FN:51,(anonymous_7)
FNF:8
FNH:0
FNDA:0,(anonymous_0)
FNDA:0,(anonymous_1)
FNDA:0,(anonymous_2)
FNDA:0,(anonymous_3)
FNDA:0,(anonymous_4)
FNDA:0,(anonymous_5)
FNDA:0,(anonymous_6)
FNDA:0,(anonymous_7)
DA:20,1
DA:21,0
DA:22,0
DA:23,0
DA:24,0
DA:25,0
DA:26,0
DA:27,0
DA:29,0
DA:30,0
DA:32,0
DA:35,1
DA:36,0
DA:38,0
DA:40,0
DA:42,0
DA:46,0
DA:50,0
DA:52,0
LF:19
LH:2
BRDA:26,0,0,0
BRDA:26,0,1,0
BRDA:29,1,0,0
BRDA:29,1,1,0
BRF:4
BRH:0
end_of_record
TN:
SF:src\services\dealerService.ts
FN:61,(anonymous_0)
FN:66,register
FN:69,(anonymous_2)
FN:72,getSaasRequests
FN:73,getRequestDocument
FN:78,approveRequest
FN:79,rejectRequest
FN:80,me
FN:81,updateSettings
FN:87,dashboard
FN:88,availableBanks
FN:89,partnerships
FN:90,dealerSentPartnerships
FN:91,dealerReceivedPartnerships
FN:92,dealerActivePartnerships
FN:93,requestPartnership
FN:94,approveDealerInvitation
FN:95,rejectDealerInvitation
FN:96,cancelDealerRequest
FN:97,bankPartnershipStores
FN:98,dealersByStore
FN:99,availableDealers
FN:104,inviteDealer
FN:105,bankPartnerships
FN:106,bankSentPartnerships
FN:107,bankReceivedPartnerships
FN:108,bankActivePartnerships
FN:109,approveBankRequest
FN:110,rejectBankRequest
FN:111,cancelBankInvitation
FN:112,decidePartnership
FN:113,bankContracts
FN:114,saveContract
FN:115,sendContract
FN:116,activateContract
FN:117,terminateContract
FN:118,dealerContracts
FN:119,acceptContract
FN:120,rejectContract
FN:121,products
FN:122,saveProduct
FN:126,deleteProduct
FN:127,publications
FN:128,submitProduct
FN:129,bankPublications
FN:130,decidePublication
FN:131,marketplaceProducts
FNF:47
FNH:0
FNDA:0,(anonymous_0)
FNDA:0,register
FNDA:0,(anonymous_2)
FNDA:0,getSaasRequests
FNDA:0,getRequestDocument
FNDA:0,approveRequest
FNDA:0,rejectRequest
FNDA:0,me
FNDA:0,updateSettings
FNDA:0,dashboard
FNDA:0,availableBanks
FNDA:0,partnerships
FNDA:0,dealerSentPartnerships
FNDA:0,dealerReceivedPartnerships
FNDA:0,dealerActivePartnerships
FNDA:0,requestPartnership
FNDA:0,approveDealerInvitation
FNDA:0,rejectDealerInvitation
FNDA:0,cancelDealerRequest
FNDA:0,bankPartnershipStores
FNDA:0,dealersByStore
FNDA:0,availableDealers
FNDA:0,inviteDealer
FNDA:0,bankPartnerships
FNDA:0,bankSentPartnerships
FNDA:0,bankReceivedPartnerships
FNDA:0,bankActivePartnerships
FNDA:0,approveBankRequest
FNDA:0,rejectBankRequest
FNDA:0,cancelBankInvitation
FNDA:0,decidePartnership
FNDA:0,bankContracts
FNDA:0,saveContract
FNDA:0,sendContract
FNDA:0,activateContract
FNDA:0,terminateContract
FNDA:0,dealerContracts
FNDA:0,acceptContract
FNDA:0,rejectContract
FNDA:0,products
FNDA:0,saveProduct
FNDA:0,deleteProduct
FNDA:0,publications
FNDA:0,submitProduct
FNDA:0,bankPublications
FNDA:0,decidePublication
FNDA:0,marketplaceProducts
DA:61,1
DA:63,1
DA:65,1
DA:67,0
DA:68,0
DA:69,0
DA:70,0
DA:72,0
DA:74,0
DA:78,0
DA:79,0
DA:80,0
DA:82,0
DA:83,0
DA:84,0
DA:85,0
DA:87,0
DA:88,0
DA:89,0
DA:90,0
DA:91,0
DA:92,0
DA:93,0
DA:94,0
DA:95,0
DA:96,0
DA:97,0
DA:98,0
DA:100,0
DA:104,0
DA:105,0
DA:106,0
DA:107,0
DA:108,0
DA:109,0
DA:110,0
DA:111,0
DA:112,0
DA:113,0
DA:114,0
DA:115,0
DA:116,0
DA:117,0
DA:118,0
DA:119,0
DA:120,0
DA:121,0
DA:123,0
DA:124,0
DA:126,0
DA:127,0
DA:128,0
DA:129,0
DA:130,0
DA:132,0
LF:55
LH:3
BRDA:68,0,0,0
BRDA:68,0,1,0
BRDA:84,1,0,0
BRDA:84,1,1,0
BRDA:101,2,0,0
BRDA:101,2,1,0
BRDA:123,3,0,0
BRDA:123,3,1,0
BRDA:124,4,0,0
BRDA:124,4,1,0
BRF:10
BRH:0
end_of_record
TN:
SF:src\services\financingRequestService.ts
FN:12,(anonymous_0)
FN:13,(anonymous_1)
FN:14,(anonymous_2)
FN:15,(anonymous_3)
FN:16,(anonymous_4)
FN:17,(anonymous_5)
FN:18,(anonymous_6)
FN:19,(anonymous_7)
FN:20,(anonymous_8)
FN:21,(anonymous_9)
FN:22,(anonymous_10)
FN:23,(anonymous_11)
FN:24,(anonymous_12)
FN:25,(anonymous_13)
FN:26,(anonymous_14)
FN:27,(anonymous_15)
FNF:16
FNH:0
FNDA:0,(anonymous_0)
FNDA:0,(anonymous_1)
FNDA:0,(anonymous_2)
FNDA:0,(anonymous_3)
FNDA:0,(anonymous_4)
FNDA:0,(anonymous_5)
FNDA:0,(anonymous_6)
FNDA:0,(anonymous_7)
FNDA:0,(anonymous_8)
FNDA:0,(anonymous_9)
FNDA:0,(anonymous_10)
FNDA:0,(anonymous_11)
FNDA:0,(anonymous_12)
FNDA:0,(anonymous_13)
FNDA:0,(anonymous_14)
FNDA:0,(anonymous_15)
DA:11,1
DA:12,0
DA:13,0
DA:14,0
DA:15,0
DA:16,0
DA:17,0
DA:18,0
DA:19,0
DA:20,0
DA:21,0
DA:22,0
DA:23,0
DA:24,0
DA:25,0
DA:26,0
DA:27,0
LF:17
LH:1
BRF:0
BRH:0
end_of_record
TN:
SF:src\services\marketplaceContentService.ts
FN:15,(anonymous_0)
FN:31,(anonymous_1)
FN:32,(anonymous_2)
FN:34,(anonymous_3)
FN:38,(anonymous_4)
FN:42,(anonymous_5)
FNF:6
FNH:0
FNDA:0,(anonymous_0)
FNDA:0,(anonymous_1)
FNDA:0,(anonymous_2)
FNDA:0,(anonymous_3)
FNDA:0,(anonymous_4)
FNDA:0,(anonymous_5)
DA:15,1
DA:16,0
DA:17,0
DA:18,0
DA:20,0
DA:21,0
DA:22,0
DA:23,0
DA:24,0
DA:25,0
DA:27,0
DA:30,1
DA:31,0
DA:33,0
DA:35,0
DA:39,0
DA:43,0
LF:17
LH:2
BRDA:17,0,0,0
BRDA:17,0,1,0
BRDA:24,1,0,0
BRDA:24,1,1,0
BRF:4
BRH:0
end_of_record
TN:
SF:src\services\moduleService.ts
FN:5,(anonymous_0)
FN:7,(anonymous_1)
FN:10,(anonymous_2)
FN:13,(anonymous_3)
FN:16,(anonymous_4)
FN:19,(anonymous_5)
FN:22,(anonymous_6)
FN:26,(anonymous_7)
FN:29,(anonymous_8)
FN:44,(anonymous_9)
FN:48,(anonymous_10)
FN:52,(anonymous_11)
FN:56,(anonymous_12)
FN:59,(anonymous_13)
FN:62,(anonymous_14)
FN:65,(anonymous_15)
FN:68,(anonymous_16)
FN:71,(anonymous_17)
FNF:18
FNH:0
FNDA:0,(anonymous_0)
FNDA:0,(anonymous_1)
FNDA:0,(anonymous_2)
FNDA:0,(anonymous_3)
FNDA:0,(anonymous_4)
FNDA:0,(anonymous_5)
FNDA:0,(anonymous_6)
FNDA:0,(anonymous_7)
FNDA:0,(anonymous_8)
FNDA:0,(anonymous_9)
FNDA:0,(anonymous_10)
FNDA:0,(anonymous_11)
FNDA:0,(anonymous_12)
FNDA:0,(anonymous_13)
FNDA:0,(anonymous_14)
FNDA:0,(anonymous_15)
FNDA:0,(anonymous_16)
FNDA:0,(anonymous_17)
DA:4,1
DA:5,0
DA:8,0
DA:11,0
DA:14,0
DA:17,0
DA:20,0
DA:23,0
DA:27,0
DA:41,0
DA:45,0
DA:49,0
DA:53,0
DA:57,0
DA:60,0
DA:63,0
DA:66,0
DA:69,0
DA:71,0
LF:19
LH:1
BRF:0
BRH:0
end_of_record
TN:
SF:src\services\notificationService.ts
FN:6,(anonymous_0)
FN:11,(anonymous_1)
FN:14,(anonymous_2)
FN:17,(anonymous_3)
FN:20,(anonymous_4)
FN:23,(anonymous_5)
FN:26,(anonymous_6)
FN:29,(anonymous_7)
FN:32,(anonymous_8)
FN:35,(anonymous_9)
FN:38,(anonymous_10)
FN:41,(anonymous_11)
FN:42,(anonymous_12)
FN:43,(anonymous_13)
FN:44,(anonymous_14)
FN:45,(anonymous_15)
FN:47,(anonymous_16)
FN:48,(anonymous_17)
FN:49,(anonymous_18)
FN:50,(anonymous_19)
FN:51,(anonymous_20)
FNF:21
FNH:0
FNDA:0,(anonymous_0)
FNDA:0,(anonymous_1)
FNDA:0,(anonymous_2)
FNDA:0,(anonymous_3)
FNDA:0,(anonymous_4)
FNDA:0,(anonymous_5)
FNDA:0,(anonymous_6)
FNDA:0,(anonymous_7)
FNDA:0,(anonymous_8)
FNDA:0,(anonymous_9)
FNDA:0,(anonymous_10)
FNDA:0,(anonymous_11)
FNDA:0,(anonymous_12)
FNDA:0,(anonymous_13)
FNDA:0,(anonymous_14)
FNDA:0,(anonymous_15)
FNDA:0,(anonymous_16)
FNDA:0,(anonymous_17)
FNDA:0,(anonymous_18)
FNDA:0,(anonymous_19)
FNDA:0,(anonymous_20)
DA:4,1
DA:6,1
DA:7,0
DA:10,1
DA:12,0
DA:15,0
DA:18,0
DA:21,0
DA:24,0
DA:27,0
DA:30,0
DA:33,0
DA:36,0
DA:39,0
DA:41,0
DA:42,0
DA:43,0
DA:44,0
DA:45,0
DA:47,0
DA:48,0
DA:49,0
DA:50,0
DA:51,0
LF:24
LH:3
BRF:0
BRH:0
end_of_record
TN:
SF:src\services\paymentService.ts
FN:5,(anonymous_0)
FN:6,(anonymous_1)
FNF:2
FNH:0
FNDA:0,(anonymous_0)
FNDA:0,(anonymous_1)
DA:4,1
DA:5,0
DA:6,0
LF:3
LH:1
BRF:0
BRH:0
end_of_record
TN:
SF:src\services\productParameterService.ts
FN:8,(anonymous_0)
FN:11,(anonymous_1)
FN:14,(anonymous_2)
FN:17,(anonymous_3)
FNF:4
FNH:0
FNDA:0,(anonymous_0)
FNDA:0,(anonymous_1)
FNDA:0,(anonymous_2)
FNDA:0,(anonymous_3)
DA:7,1
DA:9,0
DA:12,0
DA:15,0
DA:18,0
LF:5
LH:1
BRF:0
BRH:0
end_of_record
TN:
SF:src\services\productService.ts
FN:4,(anonymous_0)
FN:21,(anonymous_1)
FN:24,(anonymous_2)
FN:27,(anonymous_3)
FN:30,(anonymous_4)
FN:35,(anonymous_5)
FN:40,(anonymous_6)
FNF:7
FNH:0
FNDA:0,(anonymous_0)
FNDA:0,(anonymous_1)
FNDA:0,(anonymous_2)
FNDA:0,(anonymous_3)
FNDA:0,(anonymous_4)
FNDA:0,(anonymous_5)
FNDA:0,(anonymous_6)
DA:4,1
DA:5,0
DA:6,0
DA:7,0
DA:8,0
DA:9,0
DA:10,0
DA:11,0
DA:13,0
DA:14,0
DA:15,0
DA:17,0
DA:20,1
DA:22,0
DA:25,0
DA:28,0
DA:31,0
DA:36,0
DA:41,0
LF:19
LH:2
BRDA:9,0,0,0
BRDA:9,0,1,0
BRDA:10,1,0,0
BRDA:10,1,1,0
BRDA:10,2,0,0
BRDA:10,2,1,0
BRDA:10,2,2,0
BRDA:13,3,0,0
BRDA:13,3,1,0
BRDA:14,4,0,0
BRDA:14,4,1,0
BRF:11
BRH:0
end_of_record
TN:
SF:src\services\publicDealerService.ts
FN:15,getActiveDealers
FNF:1
FNH:0
FNDA:0,getActiveDealers
DA:14,1
DA:16,0
DA:17,0
LF:3
LH:1
BRF:0
BRH:0
end_of_record
TN:
SF:src\services\requestService.ts
FN:47,(anonymous_0)
FN:91,(anonymous_1)
FN:94,(anonymous_2)
FN:97,(anonymous_3)
FN:100,(anonymous_4)
FN:103,(anonymous_5)
FN:105,(anonymous_6)
FN:108,(anonymous_7)
FN:111,(anonymous_8)
FN:113,(anonymous_9)
FN:115,(anonymous_10)
FN:118,(anonymous_11)
FN:120,(anonymous_12)
FNF:13
FNH:0
FNDA:0,(anonymous_0)
FNDA:0,(anonymous_1)
FNDA:0,(anonymous_2)
FNDA:0,(anonymous_3)
FNDA:0,(anonymous_4)
FNDA:0,(anonymous_5)
FNDA:0,(anonymous_6)
FNDA:0,(anonymous_7)
FNDA:0,(anonymous_8)
FNDA:0,(anonymous_9)
FNDA:0,(anonymous_10)
FNDA:0,(anonymous_11)
FNDA:0,(anonymous_12)
DA:47,1
DA:48,0
DA:50,0
DA:51,0
DA:52,0
DA:53,0
DA:54,0
DA:55,0
DA:56,0
DA:57,0
DA:58,0
DA:59,0
DA:60,0
DA:62,0
DA:63,0
DA:64,0
DA:65,0
DA:67,0
DA:68,0
DA:69,0
DA:70,0
DA:71,0
DA:72,0
DA:74,0
DA:75,0
DA:76,0
DA:77,0
DA:79,0
DA:80,0
DA:83,0
DA:84,0
DA:87,0
DA:90,1
DA:92,0
DA:95,0
DA:98,0
DA:101,0
DA:103,0
DA:106,0
DA:109,0
DA:111,0
DA:113,0
DA:116,0
DA:118,0
DA:121,0
LF:45
LH:2
BRDA:52,0,0,0
BRDA:52,0,1,0
BRDA:54,1,0,0
BRDA:54,1,1,0
BRDA:58,2,0,0
BRDA:58,2,1,0
BRDA:59,3,0,0
BRDA:59,3,1,0
BRDA:62,4,0,0
BRDA:62,4,1,0
BRDA:63,5,0,0
BRDA:63,5,1,0
BRDA:63,5,2,0
BRDA:64,6,0,0
BRDA:64,6,1,0
BRDA:68,7,0,0
BRDA:68,7,1,0
BRDA:71,8,0,0
BRDA:71,8,1,0
BRDA:74,9,0,0
BRDA:74,9,1,0
BRDA:74,9,2,0
BRDA:75,10,0,0
BRDA:75,10,1,0
BRDA:77,11,0,0
BRDA:77,11,1,0
BRDA:79,12,0,0
BRDA:79,12,1,0
BRDA:83,13,0,0
BRDA:83,13,1,0
BRDA:120,14,0,0
BRF:31
BRH:0
end_of_record
TN:
SF:src\services\sessionStorage.ts
FN:5,(anonymous_0)
FN:7,(anonymous_1)
FN:15,(anonymous_2)
FN:21,(anonymous_3)
FNF:4
FNH:0
FNDA:0,(anonymous_0)
FNDA:0,(anonymous_1)
FNDA:0,(anonymous_2)
FNDA:0,(anonymous_3)
DA:1,1
DA:2,1
DA:3,1
DA:5,1
DA:7,1
DA:8,0
DA:9,0
DA:11,0
DA:15,1
DA:16,0
DA:17,0
DA:18,0
DA:21,1
DA:22,0
DA:23,0
LF:15
LH:7
BRDA:8,0,0,0
BRDA:8,0,1,0
BRF:2
BRH:0
end_of_record
TN:
SF:src\services\storeService.ts
FN:7,(anonymous_0)
FN:10,(anonymous_1)
FN:13,(anonymous_2)
FN:16,(anonymous_3)
FN:19,(anonymous_4)
FN:22,(anonymous_5)
FN:25,(anonymous_6)
FNF:7
FNH:0
FNDA:0,(anonymous_0)
FNDA:0,(anonymous_1)
FNDA:0,(anonymous_2)
FNDA:0,(anonymous_3)
FNDA:0,(anonymous_4)
FNDA:0,(anonymous_5)
FNDA:0,(anonymous_6)
DA:5,1
DA:8,0
DA:11,0
DA:14,0
DA:17,0
DA:20,0
DA:23,0
DA:26,0
LF:8
LH:1
BRF:0
BRH:0
end_of_record
TN:
SF:src\services\subscriptionService.ts
FN:5,(anonymous_0)
FN:6,(anonymous_1)
FNF:2
FNH:0
FNDA:0,(anonymous_0)
FNDA:0,(anonymous_1)
DA:4,1
DA:5,0
DA:7,0
LF:3
LH:1
BRF:0
BRH:0
end_of_record
TN:
SF:src\services\userService.ts
FN:17,(anonymous_0)
FN:22,(anonymous_1)
FN:27,(anonymous_2)
FN:32,(anonymous_3)
FN:36,(anonymous_4)
FNF:5
FNH:5
FNDA:2,(anonymous_0)
FNDA:1,(anonymous_1)
FNDA:1,(anonymous_2)
FNDA:1,(anonymous_3)
FNDA:1,(anonymous_4)
DA:16,1
DA:18,2
DA:19,2
DA:23,1
DA:24,1
DA:28,1
DA:29,1
DA:33,1
DA:37,1
DA:38,1
DA:40,1
DA:48,1
LF:12
LH:12
BRDA:19,0,0,2
BRDA:19,0,1,1
BRF:2
BRH:2
end_of_record
TN:
SF:src\types\apiTypes.ts
FNF:0
FNH:0
LF:0
LH:0
BRF:0
BRH:0
end_of_record
TN:
SF:src\utils\comparison.ts
FN:1,(anonymous_0)
FN:11,(anonymous_1)
FN:14,(anonymous_2)
FN:31,(anonymous_3)
FN:32,(anonymous_4)
FN:38,(anonymous_5)
FNF:6
FNH:0
FNDA:0,(anonymous_0)
FNDA:0,(anonymous_1)
FNDA:0,(anonymous_2)
FNDA:0,(anonymous_3)
FNDA:0,(anonymous_4)
FNDA:0,(anonymous_5)
DA:1,1
DA:11,1
DA:12,0
DA:14,1
DA:15,0
DA:16,0
DA:19,0
DA:20,0
DA:21,0
DA:22,0
DA:25,0
DA:26,0
DA:27,0
DA:30,0
DA:31,0
DA:32,0
DA:34,0
DA:38,1
DA:39,0
DA:40,0
DA:43,0
LF:21
LH:4
BRDA:2,0,0,0
BRDA:2,0,1,0
BRDA:15,1,0,0
BRDA:15,1,1,0
BRDA:21,2,0,0
BRDA:21,2,1,0
BRDA:26,3,0,0
BRDA:26,3,1,0
BRDA:32,4,0,0
BRDA:32,4,1,0
BRDA:39,5,0,0
BRDA:39,5,1,0
BRF:12
BRH:0
end_of_record
TN:
SF:src\utils\moduleVisibility.ts
FN:11,(anonymous_0)
FN:20,(anonymous_1)
FN:23,(anonymous_2)
FN:24,(anonymous_3)
FN:26,(anonymous_4)
FN:27,(anonymous_5)
FN:29,(anonymous_6)
FN:32,(anonymous_7)
FNF:8
FNH:0
FNDA:0,(anonymous_0)
FNDA:0,(anonymous_1)
FNDA:0,(anonymous_2)
FNDA:0,(anonymous_3)
FNDA:0,(anonymous_4)
FNDA:0,(anonymous_5)
FNDA:0,(anonymous_6)
FNDA:0,(anonymous_7)
DA:11,1
DA:20,1
DA:21,0
DA:23,1
DA:24,0
DA:26,1
DA:27,0
DA:29,1
DA:30,0
DA:32,1
LF:10
LH:6
BRDA:12,0,0,0
BRDA:12,0,1,0
BRDA:24,1,0,0
BRDA:24,1,1,0
BRDA:24,1,2,0
BRDA:27,2,0,0
BRDA:27,2,1,0
BRDA:27,2,2,0
BRDA:30,3,0,0
BRDA:30,3,1,0
BRF:10
BRH:0
end_of_record
TN:
SF:src\utils\tenant.ts
FN:3,(anonymous_0)
FN:19,(anonymous_1)
FN:21,(anonymous_2)
FNF:3
FNH:0
FNDA:0,(anonymous_0)
FNDA:0,(anonymous_1)
FNDA:0,(anonymous_2)
DA:3,1
DA:4,0
DA:6,0
DA:7,0
DA:10,0
DA:11,0
DA:12,0
DA:13,0
DA:16,0
DA:19,1
DA:21,1
DA:22,0
DA:23,0
DA:24,0
DA:26,0
LF:15
LH:3
BRDA:6,0,0,0
BRDA:6,0,1,0
BRDA:6,1,0,0
BRDA:6,1,1,0
BRDA:11,2,0,0
BRDA:11,2,1,0
BRDA:13,3,0,0
BRDA:13,3,1,0
BRDA:19,4,0,0
BRDA:19,4,1,0
BRDA:22,5,0,0
BRDA:22,5,1,0
BRDA:23,6,0,0
BRDA:23,6,1,0
BRDA:23,7,0,0
BRDA:23,7,1,0
BRDA:23,7,2,0
BRDA:26,8,0,0
BRDA:26,8,1,0
BRF:19
BRH:0
end_of_record
