{"numTotalTestSuites":74,"numPassedTestSuites":74,"numFailedTestSuites":0,"numPendingTestSuites":0,"numTotalTests":60,"numPassedTests":60,"numFailedTests":0,"numPendingTests":0,"numTodoTests":0,"snapshot":{"added":0,"failure":false,"filesAdded":0,"filesRemoved":0,"filesRemovedList":[],"filesUnmatched":0,"filesUpdated":0,"matched":0,"total":0,"unchecked":0,"uncheckedKeysByFile":[],"unmatched":0,"updated":0,"didUpdate":false},"startTime":1787219508811,"success":true,"testResults":[{"assertionResults":[{"ancestorTitles":["apiClient","getApiBaseUrl"],"fullName":"apiClient getApiBaseUrl returns localhost url by default in test environment","status":"passed","title":"returns localhost url by default in test environment","duration":2.106999999999971,"failureMessages":[],"meta":{},"tags":[]},{"ancestorTitles":["apiClient","Request Interceptor"],"fullName":"apiClient Request Interceptor should attach Authorization header if token exists","status":"passed","title":"should attach Authorization header if token exists","duration":0.8885999999999967,"failureMessages":[],"meta":{},"tags":[]},{"ancestorTitles":["apiClient","Request Interceptor"],"fullName":"apiClient Request Interceptor should attach X-Bank-Slug header if tenant slug exists","status":"passed","title":"should attach X-Bank-Slug header if tenant slug exists","duration":0.8813000000000102,"failureMessages":[],"meta":{},"tags":[]},{"ancestorTitles":["apiClient","Request Interceptor"],"fullName":"apiClient Request Interceptor should delete Content-Type if data is FormData","status":"passed","title":"should delete Content-Type if data is FormData","duration":0.7853000000000065,"failureMessages":[],"meta":{},"tags":[]},{"ancestorTitles":["apiClient","Response Interceptor"],"fullName":"apiClient Response Interceptor should just return response on success","status":"passed","title":"should just return response on success","duration":0.5159000000001015,"failureMessages":[],"meta":{},"tags":[]},{"ancestorTitles":["apiClient","Response Interceptor"],"fullName":"apiClient Response Interceptor should reject normally if error is not 401","status":"passed","title":"should reject normally if error is not 401","duration":1.5714000000000397,"failureMessages":[],"meta":{},"tags":[]},{"ancestorTitles":["apiClient","Response Interceptor"],"fullName":"apiClient Response Interceptor should reject normally if it is an auth endpoint","status":"passed","title":"should reject normally if it is an auth endpoint","duration":0.6236999999998716,"failureMessages":[],"meta":{},"tags":[]},{"ancestorTitles":["apiClient","Response Interceptor"],"fullName":"apiClient Response Interceptor should attempt refresh on 401 and retry original request","status":"passed","title":"should attempt refresh on 401 and retry original request","duration":4.352800000000116,"failureMessages":[],"meta":{},"tags":[]},{"ancestorTitles":["apiClient","Response Interceptor"],"fullName":"apiClient Response Interceptor should clear session if refresh fails","status":"passed","title":"should clear session if refresh fails","duration":2.4024000000001706,"failureMessages":[],"meta":{},"tags":[]}],"startTime":1787219512287,"endTime":1787219512301.4023,"status":"passed","message":"","name":"D:/PFE M2/Platforme SaaS/MatchiaFrontend/src/api/apiClient.test.ts"},{"assertionResults":[{"ancestorTitles":["aiAssistantService"],"fullName":"aiAssistantService should be defined","status":"passed","title":"should be defined","duration":1.0829999999998563,"failureMessages":[],"meta":{},"tags":[]}],"startTime":1787219545055,"endTime":1787219545056.083,"status":"passed","message":"","name":"D:/PFE M2/Platforme SaaS/MatchiaFrontend/src/services/aiAssistantService.test.ts"},{"assertionResults":[{"ancestorTitles":["auditService"],"fullName":"auditService should be defined","status":"passed","title":"should be defined","duration":1.102100000000064,"failureMessages":[],"meta":{},"tags":[]}],"startTime":1787219540111,"endTime":1787219540112.102,"status":"passed","message":"","name":"D:/PFE M2/Platforme SaaS/MatchiaFrontend/src/services/auditService.test.ts"},{"assertionResults":[{"ancestorTitles":["authService","login"],"fullName":"authService login should successfully login and return a user","status":"passed","title":"should successfully login and return a user","duration":3.4005999999999403,"failureMessages":[],"meta":{},"tags":[]},{"ancestorTitles":["authService","login"],"fullName":"authService login should handle login failure and return null","status":"passed","title":"should handle login failure and return null","duration":3.151299999999992,"failureMessages":[],"meta":{},"tags":[]},{"ancestorTitles":["authService","getCurrentUser"],"fullName":"authService getCurrentUser should return the current user on success","status":"passed","title":"should return the current user on success","duration":0.588399999999865,"failureMessages":[],"meta":{},"tags":[]},{"ancestorTitles":["authService","getCurrentUser"],"fullName":"authService getCurrentUser should return null on failure","status":"passed","title":"should return null on failure","duration":0.6583000000000538,"failureMessages":[],"meta":{},"tags":[]},{"ancestorTitles":["authService","restoreSession"],"fullName":"authService restoreSession should restore session successfully","status":"passed","title":"should restore session successfully","duration":0.3690000000001419,"failureMessages":[],"meta":{},"tags":[]},{"ancestorTitles":["authService","restoreSession"],"fullName":"authService restoreSession should handle failure and clear session","status":"passed","title":"should handle failure and clear session","duration":0.5864000000001397,"failureMessages":[],"meta":{},"tags":[]},{"ancestorTitles":["authService","refreshAccessToken"],"fullName":"authService refreshAccessToken should refresh token successfully","status":"passed","title":"should refresh token successfully","duration":0.3748000000000502,"failureMessages":[],"meta":{},"tags":[]},{"ancestorTitles":["authService","refreshAccessToken"],"fullName":"authService refreshAccessToken should fail and clear session","status":"passed","title":"should fail and clear session","duration":0.4796000000001186,"failureMessages":[],"meta":{},"tags":[]},{"ancestorTitles":["authService","forgotPassword"],"fullName":"authService forgotPassword should send a reset link","status":"passed","title":"should send a reset link","duration":0.9927999999999884,"failureMessages":[],"meta":{},"tags":[]},{"ancestorTitles":["authService","forgotPassword"],"fullName":"authService forgotPassword should handle errors gracefully","status":"passed","title":"should handle errors gracefully","duration":0.9286999999999352,"failureMessages":[],"meta":{},"tags":[]},{"ancestorTitles":["authService","resetPassword"],"fullName":"authService resetPassword should reset password successfully","status":"passed","title":"should reset password successfully","duration":0.30399999999985994,"failureMessages":[],"meta":{},"tags":[]},{"ancestorTitles":["authService","resetPassword"],"fullName":"authService resetPassword should handle reset password errors","status":"passed","title":"should handle reset password errors","duration":0.20409999999992579,"failureMessages":[],"meta":{},"tags":[]},{"ancestorTitles":["authService","logout"],"fullName":"authService logout should logout and clear session","status":"passed","title":"should logout and clear session","duration":0.7264999999999873,"failureMessages":[],"meta":{},"tags":[]},{"ancestorTitles":["authService","logout"],"fullName":"authService logout should clear session even if logout API fails","status":"passed","title":"should clear session even if logout API fails","duration":0.5149000000001251,"failureMessages":[],"meta":{},"tags":[]},{"ancestorTitles":["authService","getRedirectUrl"],"fullName":"authService getRedirectUrl should return correct path based on user role","status":"passed","title":"should return correct path based on user role","duration":0.22800000000006548,"failureMessages":[],"meta":{},"tags":[]}],"startTime":1787219510567,"endTime":1787219510581.228,"status":"passed","message":"","name":"D:/PFE M2/Platforme SaaS/MatchiaFrontend/src/services/authService.test.ts"},{"assertionResults":[{"ancestorTitles":["bankService","getAllBanks"],"fullName":"bankService getAllBanks should fetch and normalize all banks","status":"passed","title":"should fetch and normalize all banks","duration":2.922399999999925,"failureMessages":[],"meta":{},"tags":[]},{"ancestorTitles":["bankService","createBank"],"fullName":"bankService createBank should create bank using JSON if no logo is provided","status":"passed","title":"should create bank using JSON if no logo is provided","duration":0.615500000000111,"failureMessages":[],"meta":{},"tags":[]},{"ancestorTitles":["bankService","createBank"],"fullName":"bankService createBank should create bank using FormData if logo is provided","status":"passed","title":"should create bank using FormData if logo is provided","duration":2.169599999999946,"failureMessages":[],"meta":{},"tags":[]},{"ancestorTitles":["bankService","getBankById"],"fullName":"bankService getBankById should fetch and normalize bank by ID","status":"passed","title":"should fetch and normalize bank by ID","duration":0.2941000000000713,"failureMessages":[],"meta":{},"tags":[]},{"ancestorTitles":["bankService","updateBank"],"fullName":"bankService updateBank should update bank using JSON if no logo is provided","status":"passed","title":"should update bank using JSON if no logo is provided","duration":0.28520000000003165,"failureMessages":[],"meta":{},"tags":[]},{"ancestorTitles":["bankService","updateBank"],"fullName":"bankService updateBank should update bank using FormData if logo is provided","status":"passed","title":"should update bank using FormData if logo is provided","duration":0.46260000000006585,"failureMessages":[],"meta":{},"tags":[]},{"ancestorTitles":["bankService","updateBankStatus"],"fullName":"bankService updateBankStatus should update bank status and normalize the response","status":"passed","title":"should update bank status and normalize the response","duration":0.22200000000020736,"failureMessages":[],"meta":{},"tags":[]},{"ancestorTitles":["bankService","deleteBank"],"fullName":"bankService deleteBank should delete bank by ID","status":"passed","title":"should delete bank by ID","duration":0.18709999999987303,"failureMessages":[],"meta":{},"tags":[]}],"startTime":1787219513874,"endTime":1787219513881.4626,"status":"passed","message":"","name":"D:/PFE M2/Platforme SaaS/MatchiaFrontend/src/services/bankService.test.ts"},{"assertionResults":[{"ancestorTitles":["bankTenantService"],"fullName":"bankTenantService should be defined","status":"passed","title":"should be defined","duration":1.6419000000000779,"failureMessages":[],"meta":{},"tags":[]}],"startTime":1787219520070,"endTime":1787219520071.6418,"status":"passed","message":"","name":"D:/PFE M2/Platforme SaaS/MatchiaFrontend/src/services/bankTenantService.test.ts"},{"assertionResults":[{"ancestorTitles":["certificateService"],"fullName":"certificateService should be defined","status":"passed","title":"should be defined","duration":1.1162000000001626,"failureMessages":[],"meta":{},"tags":[]}],"startTime":1787219528671,"endTime":1787219528672.1162,"status":"passed","message":"","name":"D:/PFE M2/Platforme SaaS/MatchiaFrontend/src/services/certificateService.test.ts"},{"assertionResults":[{"ancestorTitles":["chatbotService"],"fullName":"chatbotService should be defined","status":"passed","title":"should be defined","duration":1.236599999999953,"failureMessages":[],"meta":{},"tags":[]}],"startTime":1787219534443,"endTime":1787219534444.2366,"status":"passed","message":"","name":"D:/PFE M2/Platforme SaaS/MatchiaFrontend/src/services/chatbotService.test.ts"},{"assertionResults":[{"ancestorTitles":["contentService"],"fullName":"contentService should be defined","status":"passed","title":"should be defined","duration":1.0602999999998701,"failureMessages":[],"meta":{},"tags":[]}],"startTime":1787219538697,"endTime":1787219538698.0603,"status":"passed","message":"","name":"D:/PFE M2/Platforme SaaS/MatchiaFrontend/src/services/contentService.test.ts"},{"assertionResults":[{"ancestorTitles":["dealerService"],"fullName":"dealerService should be defined","status":"passed","title":"should be defined","duration":1.5579999999999927,"failureMessages":[],"meta":{},"tags":[]}],"startTime":1787219530036,"endTime":1787219530037.558,"status":"passed","message":"","name":"D:/PFE M2/Platforme SaaS/MatchiaFrontend/src/services/dealerService.test.ts"},{"assertionResults":[{"ancestorTitles":["financingRequestService"],"fullName":"financingRequestService should be defined","status":"passed","title":"should be defined","duration":1.2958000000000993,"failureMessages":[],"meta":{},"tags":[]}],"startTime":1787219533000,"endTime":1787219533001.296,"status":"passed","message":"","name":"D:/PFE M2/Platforme SaaS/MatchiaFrontend/src/services/financingRequestService.test.ts"},{"assertionResults":[{"ancestorTitles":["marketplaceContentService"],"fullName":"marketplaceContentService should be defined","status":"passed","title":"should be defined","duration":1.157799999999952,"failureMessages":[],"meta":{},"tags":[]}],"startTime":1787219527255,"endTime":1787219527256.1577,"status":"passed","message":"","name":"D:/PFE M2/Platforme SaaS/MatchiaFrontend/src/services/marketplaceContentService.test.ts"},{"assertionResults":[{"ancestorTitles":["moduleService"],"fullName":"moduleService should be defined","status":"passed","title":"should be defined","duration":1.1975999999999658,"failureMessages":[],"meta":{},"tags":[]}],"startTime":1787219518645,"endTime":1787219518646.1975,"status":"passed","message":"","name":"D:/PFE M2/Platforme SaaS/MatchiaFrontend/src/services/moduleService.test.ts"},{"assertionResults":[{"ancestorTitles":["notificationService"],"fullName":"notificationService should be defined","status":"passed","title":"should be defined","duration":1.2015000000001237,"failureMessages":[],"meta":{},"tags":[]}],"startTime":1787219522997,"endTime":1787219522998.2014,"status":"passed","message":"","name":"D:/PFE M2/Platforme SaaS/MatchiaFrontend/src/services/notificationService.test.ts"},{"assertionResults":[{"ancestorTitles":["paymentService"],"fullName":"paymentService should be defined","status":"passed","title":"should be defined","duration":1.5897999999999683,"failureMessages":[],"meta":{},"tags":[]}],"startTime":1787219537283,"endTime":1787219537284.5898,"status":"passed","message":"","name":"D:/PFE M2/Platforme SaaS/MatchiaFrontend/src/services/paymentService.test.ts"},{"assertionResults":[{"ancestorTitles":["productParameterService"],"fullName":"productParameterService should be defined","status":"passed","title":"should be defined","duration":2.3285000000000764,"failureMessages":[],"meta":{},"tags":[]}],"startTime":1787219535867,"endTime":1787219535869.3286,"status":"passed","message":"","name":"D:/PFE M2/Platforme SaaS/MatchiaFrontend/src/services/productParameterService.test.ts"},{"assertionResults":[{"ancestorTitles":["productService"],"fullName":"productService should be defined","status":"passed","title":"should be defined","duration":1.0765999999998712,"failureMessages":[],"meta":{},"tags":[]}],"startTime":1787219547878,"endTime":1787219547879.0767,"status":"passed","message":"","name":"D:/PFE M2/Platforme SaaS/MatchiaFrontend/src/services/productService.test.ts"},{"assertionResults":[{"ancestorTitles":["publicDealerService"],"fullName":"publicDealerService should be defined","status":"passed","title":"should be defined","duration":1.27599999999984,"failureMessages":[],"meta":{},"tags":[]}],"startTime":1787219524486,"endTime":1787219524487.276,"status":"passed","message":"","name":"D:/PFE M2/Platforme SaaS/MatchiaFrontend/src/services/publicDealerService.test.ts"},{"assertionResults":[{"ancestorTitles":["requestService"],"fullName":"requestService should be defined","status":"passed","title":"should be defined","duration":1.0775000000001,"failureMessages":[],"meta":{},"tags":[]}],"startTime":1787219521541,"endTime":1787219521542.0774,"status":"passed","message":"","name":"D:/PFE M2/Platforme SaaS/MatchiaFrontend/src/services/requestService.test.ts"},{"assertionResults":[{"ancestorTitles":["sessionStorage"],"fullName":"sessionStorage should be defined","status":"passed","title":"should be defined","duration":1.2707000000000335,"failureMessages":[],"meta":{},"tags":[]}],"startTime":1787219517191,"endTime":1787219517192.2708,"status":"passed","message":"","name":"D:/PFE M2/Platforme SaaS/MatchiaFrontend/src/services/sessionStorage.test.ts"},{"assertionResults":[{"ancestorTitles":["storeService"],"fullName":"storeService should be defined","status":"passed","title":"should be defined","duration":1.1979000000001179,"failureMessages":[],"meta":{},"tags":[]}],"startTime":1787219525864,"endTime":1787219525865.198,"status":"passed","message":"","name":"D:/PFE M2/Platforme SaaS/MatchiaFrontend/src/services/storeService.test.ts"},{"assertionResults":[{"ancestorTitles":["subscriptionService"],"fullName":"subscriptionService should be defined","status":"passed","title":"should be defined","duration":1.8312000000000808,"failureMessages":[],"meta":{},"tags":[]}],"startTime":1787219546449,"endTime":1787219546450.8313,"status":"passed","message":"","name":"D:/PFE M2/Platforme SaaS/MatchiaFrontend/src/services/subscriptionService.test.ts"},{"assertionResults":[{"ancestorTitles":["userService","getAll"],"fullName":"userService getAll should fetch all users successfully","status":"passed","title":"should fetch all users successfully","duration":2.363200000000006,"failureMessages":[],"meta":{},"tags":[]},{"ancestorTitles":["userService","getAll"],"fullName":"userService getAll should return empty array if data is null/undefined","status":"passed","title":"should return empty array if data is null/undefined","duration":0.2726999999999862,"failureMessages":[],"meta":{},"tags":[]},{"ancestorTitles":["userService","create"],"fullName":"userService create should create user","status":"passed","title":"should create user","duration":0.5290999999999713,"failureMessages":[],"meta":{},"tags":[]},{"ancestorTitles":["userService","update"],"fullName":"userService update should update user","status":"passed","title":"should update user","duration":0.2940000000000964,"failureMessages":[],"meta":{},"tags":[]},{"ancestorTitles":["userService","delete"],"fullName":"userService delete should delete user","status":"passed","title":"should delete user","duration":0.19319999999993342,"failureMessages":[],"meta":{},"tags":[]},{"ancestorTitles":["userService","uploadContactImage"],"fullName":"userService uploadContactImage should upload contact image and return the url","status":"passed","title":"should upload contact image and return the url","duration":2.329099999999926,"failureMessages":[],"meta":{},"tags":[]}],"startTime":1787219515595,"endTime":1787219515601.329,"status":"passed","message":"","name":"D:/PFE M2/Platforme SaaS/MatchiaFrontend/src/services/userService.test.ts"},{"assertionResults":[{"ancestorTitles":["comparison utils"],"fullName":"comparison utils should be defined","status":"passed","title":"should be defined","duration":2.0267999999998665,"failureMessages":[],"meta":{},"tags":[]}],"startTime":1787219541765,"endTime":1787219541767.0269,"status":"passed","message":"","name":"D:/PFE M2/Platforme SaaS/MatchiaFrontend/src/utils/comparison.test.ts"},{"assertionResults":[{"ancestorTitles":["moduleVisibility utils"],"fullName":"moduleVisibility utils should be defined","status":"passed","title":"should be defined","duration":1.1501000000000658,"failureMessages":[],"meta":{},"tags":[]}],"startTime":1787219531519,"endTime":1787219531520.1501,"status":"passed","message":"","name":"D:/PFE M2/Platforme SaaS/MatchiaFrontend/src/utils/moduleVisibility.test.ts"},{"assertionResults":[{"ancestorTitles":["tenant utils"],"fullName":"tenant utils should be defined","status":"passed","title":"should be defined","duration":1.5028999999999542,"failureMessages":[],"meta":{},"tags":[]}],"startTime":1787219543571,"endTime":1787219543572.503,"status":"passed","message":"","name":"D:/PFE M2/Platforme SaaS/MatchiaFrontend/src/utils/tenant.test.ts"}]}